[0.009s] Invoking command in '/home/wuqilin/ros2_ws/build/answer': CMAKE_PREFIX_PATH=/home/wuqilin/ros2_ws/install/info_interfaces:/home/wuqilin/ros2_ws/install/answer:/opt/ros/humble /usr/bin/cmake --build /home/wuqilin/ros2_ws/build/answer -- -j32 -l32
[0.054s] [ 50%] Built target img2map_node
[0.056s] [ 75%] [32mBuilding CXX object CMakeFiles/navigation_node.dir/src/navigation_node.cpp.o[0m
[1.179s] [01m[K/home/wuqilin/ros2_ws/src/answer/src/navigation_node.cpp:[m[K In member function ‘[01m[Kvoid navigation::Node::robot_navigation_cbfn(info_interfaces::msg::Robot_<std::allocator<void> >::SharedPtr)[m[K’:
[1.179s] [01m[K/home/wuqilin/ros2_ws/src/answer/src/navigation_node.cpp:50:99:[m[K [01;31m[Kerror: [m[Kno match for ‘[01m[Koperator>[m[K’ (operand types are ‘[01m[Kstd::chrono::__enable_if_is_duration<std::chrono::duration<long int> >[m[K’ {aka ‘[01m[Kstd::chrono::duration<long int>[m[K’} and ‘[01m[Kdouble[m[K’)
[1.179s]    50 |             if ([32m[Kstd::chrono::duration_cast<std::chrono::seconds>(current_time - m_last_move_time)[m[K [01;31m[K>[m[K [34m[K3.0[m[K)
[1.179s]       |                 [32m[K~~~~~~~~~~~~~~~~~~~~~~~~~~~~~~~~~~~~~~~~~~~~~~~~~~~~~~~~~~~~~~~~~~~~~~~~~~~~~~~~~[m[K [01;31m[K^[m[K [34m[K~~~[m[K
[1.179s]       |                                                                 [32m[K|[m[K                                   [34m[K|[m[K
[1.179s]       |                                                                 [32m[K|[m[K                                   [34m[Kdouble[m[K
[1.180s]       |                                                                 [32m[Kstd::chrono::__enable_if_is_duration<std::chrono::duration<long int> > {aka std::chrono::duration<long int>}[m[K
[1.180s] In file included from [01m[K/usr/include/c++/12/bits/stl_algobase.h:64[m[K,
[1.180s]                  from [01m[K/usr/include/c++/12/bits/stl_uninitialized.h:63[m[K,
[1.180s]                  from [01m[K/usr/include/c++/12/memory:65[m[K,
[1.180s]                  from [01m[K/opt/ros/humble/include/rclcpp/rclcpp/rclcpp.hpp:153[m[K,
[1.180s]                  from [01m[K/home/wuqilin/ros2_ws/src/answer/include/answer/navigation_node.hpp:8[m[K,
[1.180s]                  from [01m[K/home/wuqilin/ros2_ws/src/answer/src/navigation_node.cpp:4[m[K:
[1.180s] [01m[K/usr/include/c++/12/bits/stl_pair.h:676:5:[m[K [01;36m[Knote: [m[Kcandidate: ‘[01m[Ktemplate<class _T1, class _T2> constexpr bool std::operator>(const pair<_T1, _T2>&, const pair<_T1, _T2>&)[m[K’
[1.180s]   676 |     [01;36m[Koperator[m[K>(const pair<_T1, _T2>& __x, const pair<_T1, _T2>& __y)
[1.180s]       |     [01;36m[K^~~~~~~~[m[K
[1.180s] [01m[K/usr/include/c++/12/bits/stl_pair.h:676:5:[m[K [01;36m[Knote: [m[K  template argument deduction/substitution failed:
[1.180s] [01m[K/home/wuqilin/ros2_ws/src/answer/src/navigation_node.cpp:50:101:[m[K [01;36m[Knote: [m[K  ‘[01m[Kstd::chrono::__enable_if_is_duration<std::chrono::duration<long int> >[m[K’ {aka ‘[01m[Kstd::chrono::duration<long int>[m[K’} is not derived from ‘[01m[Kconst std::pair<_T1, _T2>[m[K’
[1.180s]    50 |             if (std::chrono::duration_cast<std::chrono::seconds>(current_time - m_last_move_time) > [01;36m[K3.0[m[K)
[1.180s]       |                                                                                                     [01;36m[K^~~[m[K
[1.180s] In file included from [01m[K/usr/include/c++/12/bits/stl_algobase.h:67[m[K:
[1.180s] [01m[K/usr/include/c++/12/bits/stl_iterator.h:465:5:[m[K [01;36m[Knote: [m[Kcandidate: ‘[01m[Ktemplate<class _Iterator> constexpr bool std::operator>(const reverse_iterator<_Iterator>&, const reverse_iterator<_Iterator>&)[m[K’
[1.180s]   465 |     [01;36m[Koperator[m[K>(const reverse_iterator<_Iterator>& __x,
[1.180s]       |     [01;36m[K^~~~~~~~[m[K
[1.180s] [01m[K/usr/include/c++/12/bits/stl_iterator.h:465:5:[m[K [01;36m[Knote: [m[K  template argument deduction/substitution failed:
[1.180s] [01m[K/home/wuqilin/ros2_ws/src/answer/src/navigation_node.cpp:50:101:[m[K [01;36m[Knote: [m[K  ‘[01m[Kstd::chrono::__enable_if_is_duration<std::chrono::duration<long int> >[m[K’ {aka ‘[01m[Kstd::chrono::duration<long int>[m[K’} is not derived from ‘[01m[Kconst std::reverse_iterator<_Iterator>[m[K’
[1.180s]    50 |             if (std::chrono::duration_cast<std::chrono::seconds>(current_time - m_last_move_time) > [01;36m[K3.0[m[K)
[1.180s]       |                                                                                                     [01;36m[K^~~[m[K
[1.181s] [01m[K/usr/include/c++/12/bits/stl_iterator.h:510:5:[m[K [01;36m[Knote: [m[Kcandidate: ‘[01m[Ktemplate<class _IteratorL, class _IteratorR> constexpr bool std::operator>(const reverse_iterator<_Iterator>&, const reverse_iterator<_IteratorR>&)[m[K’
[1.181s]   510 |     [01;36m[Koperator[m[K>(const reverse_iterator<_IteratorL>& __x,
[1.181s]       |     [01;36m[K^~~~~~~~[m[K
[1.181s] [01m[K/usr/include/c++/12/bits/stl_iterator.h:510:5:[m[K [01;36m[Knote: [m[K  template argument deduction/substitution failed:
[1.181s] [01m[K/home/wuqilin/ros2_ws/src/answer/src/navigation_node.cpp:50:101:[m[K [01;36m[Knote: [m[K  ‘[01m[Kstd::chrono::__enable_if_is_duration<std::chrono::duration<long int> >[m[K’ {aka ‘[01m[Kstd::chrono::duration<long int>[m[K’} is not derived from ‘[01m[Kconst std::reverse_iterator<_Iterator>[m[K’
[1.181s]    50 |             if (std::chrono::duration_cast<std::chrono::seconds>(current_time - m_last_move_time) > [01;36m[K3.0[m[K)
[1.181s]       |                                                                                                     [01;36m[K^~~[m[K
[1.181s] [01m[K/usr/include/c++/12/bits/stl_iterator.h:1721:5:[m[K [01;36m[Knote: [m[Kcandidate: ‘[01m[Ktemplate<class _IteratorL, class _IteratorR> constexpr bool std::operator>(const move_iterator<_IteratorL>&, const move_iterator<_IteratorR>&)[m[K’
[1.181s]  1721 |     [01;36m[Koperator[m[K>(const move_iterator<_IteratorL>& __x,
[1.181s]       |     [01;36m[K^~~~~~~~[m[K
[1.181s] [01m[K/usr/include/c++/12/bits/stl_iterator.h:1721:5:[m[K [01;36m[Knote: [m[K  template argument deduction/substitution failed:
[1.181s] [01m[K/home/wuqilin/ros2_ws/src/answer/src/navigation_node.cpp:50:101:[m[K [01;36m[Knote: [m[K  ‘[01m[Kstd::chrono::__enable_if_is_duration<std::chrono::duration<long int> >[m[K’ {aka ‘[01m[Kstd::chrono::duration<long int>[m[K’} is not derived from ‘[01m[Kconst std::move_iterator<_IteratorL>[m[K’
[1.181s]    50 |             if (std::chrono::duration_cast<std::chrono::seconds>(current_time - m_last_move_time) > [01;36m[K3.0[m[K)
[1.181s]       |                                                                                                     [01;36m[K^~~[m[K
[1.181s] [01m[K/usr/include/c++/12/bits/stl_iterator.h:1780:5:[m[K [01;36m[Knote: [m[Kcandidate: ‘[01m[Ktemplate<class _Iterator> constexpr bool std::operator>(const move_iterator<_IteratorL>&, const move_iterator<_IteratorL>&)[m[K’
[1.181s]  1780 |     [01;36m[Koperator[m[K>(const move_iterator<_Iterator>& __x,
[1.181s]       |     [01;36m[K^~~~~~~~[m[K
[1.181s] [01m[K/usr/include/c++/12/bits/stl_iterator.h:1780:5:[m[K [01;36m[Knote: [m[K  template argument deduction/substitution failed:
[1.181s] [01m[K/home/wuqilin/ros2_ws/src/answer/src/navigation_node.cpp:50:101:[m[K [01;36m[Knote: [m[K  ‘[01m[Kstd::chrono::__enable_if_is_duration<std::chrono::duration<long int> >[m[K’ {aka ‘[01m[Kstd::chrono::duration<long int>[m[K’} is not derived from ‘[01m[Kconst std::move_iterator<_IteratorL>[m[K’
[1.181s]    50 |             if (std::chrono::duration_cast<std::chrono::seconds>(current_time - m_last_move_time) > [01;36m[K3.0[m[K)
[1.181s]       |                                                                                                     [01;36m[K^~~[m[K
[1.181s] In file included from [01m[K/usr/include/c++/12/bits/unique_ptr.h:36[m[K,
[1.181s]                  from [01m[K/usr/include/c++/12/memory:75[m[K:
[1.181s] [01m[K/usr/include/c++/12/tuple:1557:5:[m[K [01;36m[Knote: [m[Kcandidate: ‘[01m[Ktemplate<class ... _TElements, class ... _UElements> constexpr bool std::operator>(const tuple<_UTypes ...>&, const tuple<_UTypes ...>&)[m[K’
[1.181s]  1557 |     [01;36m[Koperator[m[K>(const tuple<_TElements...>& __t,
[1.181s]       |     [01;36m[K^~~~~~~~[m[K
[1.181s] [01m[K/usr/include/c++/12/tuple:1557:5:[m[K [01;36m[Knote: [m[K  template argument deduction/substitution failed:
[1.181s] [01m[K/home/wuqilin/ros2_ws/src/answer/src/navigation_node.cpp:50:101:[m[K [01;36m[Knote: [m[K  ‘[01m[Kstd::chrono::__enable_if_is_duration<std::chrono::duration<long int> >[m[K’ {aka ‘[01m[Kstd::chrono::duration<long int>[m[K’} is not derived from ‘[01m[Kconst std::tuple<_UTypes ...>[m[K’
[1.181s]    50 |             if (std::chrono::duration_cast<std::chrono::seconds>(current_time - m_last_move_time) > [01;36m[K3.0[m[K)
[1.181s]       |                                                                                                     [01;36m[K^~~[m[K
[1.181s] [01m[K/usr/include/c++/12/bits/unique_ptr.h:929:5:[m[K [01;36m[Knote: [m[Kcandidate: ‘[01m[Ktemplate<class _Tp, class _Dp, class _Up, class _Ep> bool std::operator>(const unique_ptr<_Tp, _Dp>&, const unique_ptr<_Up, _Ep>&)[m[K’
[1.182s]   929 |     [01;36m[Koperator[m[K>(const unique_ptr<_Tp, _Dp>& __x,
[1.182s]       |     [01;36m[K^~~~~~~~[m[K
[1.182s] [01m[K/usr/include/c++/12/bits/unique_ptr.h:929:5:[m[K [01;36m[Knote: [m[K  template argument deduction/substitution failed:
[1.182s] [01m[K/home/wuqilin/ros2_ws/src/answer/src/navigation_node.cpp:50:101:[m[K [01;36m[Knote: [m[K  ‘[01m[Kstd::chrono::__enable_if_is_duration<std::chrono::duration<long int> >[m[K’ {aka ‘[01m[Kstd::chrono::duration<long int>[m[K’} is not derived from ‘[01m[Kconst std::unique_ptr<_Tp, _Dp>[m[K’
[1.182s]    50 |             if (std::chrono::duration_cast<std::chrono::seconds>(current_time - m_last_move_time) > [01;36m[K3.0[m[K)
[1.182s]       |                                                                                                     [01;36m[K^~~[m[K
[1.182s] [01m[K/usr/include/c++/12/bits/unique_ptr.h:937:5:[m[K [01;36m[Knote: [m[Kcandidate: ‘[01m[Ktemplate<class _Tp, class _Dp> bool std::operator>(const unique_ptr<_Tp, _Dp>&, nullptr_t)[m[K’
[1.182s]   937 |     [01;36m[Koperator[m[K>(const unique_ptr<_Tp, _Dp>& __x, nullptr_t)
[1.182s]       |     [01;36m[K^~~~~~~~[m[K
[1.182s] [01m[K/usr/include/c++/12/bits/unique_ptr.h:937:5:[m[K [01;36m[Knote: [m[K  template argument deduction/substitution failed:
[1.182s] [01m[K/home/wuqilin/ros2_ws/src/answer/src/navigation_node.cpp:50:101:[m[K [01;36m[Knote: [m[K  ‘[01m[Kstd::chrono::__enable_if_is_duration<std::chrono::duration<long int> >[m[K’ {aka ‘[01m[Kstd::chrono::duration<long int>[m[K’} is not derived from ‘[01m[Kconst std::unique_ptr<_Tp, _Dp>[m[K’
[1.182s]    50 |             if (std::chrono::duration_cast<std::chrono::seconds>(current_time - m_last_move_time) > [01;36m[K3.0[m[K)
[1.182s]       |                                                                                                     [01;36m[K^~~[m[K
[1.182s] [01m[K/usr/include/c++/12/bits/unique_ptr.h:947:5:[m[K [01;36m[Knote: [m[Kcandidate: ‘[01m[Ktemplate<class _Tp, class _Dp> bool std::operator>(nullptr_t, const unique_ptr<_Tp, _Dp>&)[m[K’
[1.182s]   947 |     [01;36m[Koperator[m[K>(nullptr_t, const unique_ptr<_Tp, _Dp>& __x)
[1.182s]       |     [01;36m[K^~~~~~~~[m[K
[1.182s] [01m[K/usr/include/c++/12/bits/unique_ptr.h:947:5:[m[K [01;36m[Knote: [m[K  template argument deduction/substitution failed:
[1.182s] [01m[K/home/wuqilin/ros2_ws/src/answer/src/navigation_node.cpp:50:101:[m[K [01;36m[Knote: [m[K  mismatched types ‘[01m[Kconst std::unique_ptr<_Tp, _Dp>[m[K’ and ‘[01m[Kdouble[m[K’
[1.182s]    50 |             if (std::chrono::duration_cast<std::chrono::seconds>(current_time - m_last_move_time) > [01;36m[K3.0[m[K)
[1.182s]       |                                                                                                     [01;36m[K^~~[m[K
[1.182s] In file included from [01m[K/usr/include/c++/12/bits/shared_ptr.h:53[m[K,
[1.182s]                  from [01m[K/usr/include/c++/12/memory:76[m[K:
[1.182s] [01m[K/usr/include/c++/12/bits/shared_ptr_base.h:1883:5:[m[K [01;36m[Knote: [m[Kcandidate: ‘[01m[Ktemplate<class _Tp1, class _Tp2, __gnu_cxx::_Lock_policy _Lp> bool std::operator>(const __shared_ptr<_Tp1, _Lp>&, const __shared_ptr<_Tp2, _Lp>&)[m[K’
[1.182s]  1883 |     [01;36m[Koperator[m[K>(const __shared_ptr<_Tp1, _Lp>& __a,
[1.182s]       |     [01;36m[K^~~~~~~~[m[K
[1.182s] [01m[K/usr/include/c++/12/bits/shared_ptr_base.h:1883:5:[m[K [01;36m[Knote: [m[K  template argument deduction/substitution failed:
[1.182s] [01m[K/home/wuqilin/ros2_ws/src/answer/src/navigation_node.cpp:50:101:[m[K [01;36m[Knote: [m[K  ‘[01m[Kstd::chrono::__enable_if_is_duration<std::chrono::duration<long int> >[m[K’ {aka ‘[01m[Kstd::chrono::duration<long int>[m[K’} is not derived from ‘[01m[Kconst std::__shared_ptr<_Tp1, _Lp>[m[K’
[1.182s]    50 |             if (std::chrono::duration_cast<std::chrono::seconds>(current_time - m_last_move_time) > [01;36m[K3.0[m[K)
[1.182s]       |                                                                                                     [01;36m[K^~~[m[K
[1.182s] [01m[K/usr/include/c++/12/bits/shared_ptr_base.h:1889:5:[m[K [01;36m[Knote: [m[Kcandidate: ‘[01m[Ktemplate<class _Tp, __gnu_cxx::_Lock_policy _Lp> bool std::operator>(const __shared_ptr<_Tp, _Lp>&, nullptr_t)[m[K’
[1.182s]  1889 |     [01;36m[Koperator[m[K>(const __shared_ptr<_Tp, _Lp>& __a, nullptr_t) noexcept
[1.182s]       |     [01;36m[K^~~~~~~~[m[K
[1.182s] [01m[K/usr/include/c++/12/bits/shared_ptr_base.h:1889:5:[m[K [01;36m[Knote: [m[K  template argument deduction/substitution failed:
[1.182s] [01m[K/home/wuqilin/ros2_ws/src/answer/src/navigation_node.cpp:50:101:[m[K [01;36m[Knote: [m[K  ‘[01m[Kstd::chrono::__enable_if_is_duration<std::chrono::duration<long int> >[m[K’ {aka ‘[01m[Kstd::chrono::duration<long int>[m[K’} is not derived from ‘[01m[Kconst std::__shared_ptr<_Tp, _Lp>[m[K’
[1.182s]    50 |             if (std::chrono::duration_cast<std::chrono::seconds>(current_time - m_last_move_time) > [01;36m[K3.0[m[K)
[1.182s]       |                                                                                                     [01;36m[K^~~[m[K
[1.182s] [01m[K/usr/include/c++/12/bits/shared_ptr_base.h:1894:5:[m[K [01;36m[Knote: [m[Kcandidate: ‘[01m[Ktemplate<class _Tp, __gnu_cxx::_Lock_policy _Lp> bool std::operator>(nullptr_t, const __shared_ptr<_Tp, _Lp>&)[m[K’
[1.182s]  1894 |     [01;36m[Koperator[m[K>(nullptr_t, const __shared_ptr<_Tp, _Lp>& __a) noexcept
[1.182s]       |     [01;36m[K^~~~~~~~[m[K
[1.182s] [01m[K/usr/include/c++/12/bits/shared_ptr_base.h:1894:5:[m[K [01;36m[Knote: [m[K  template argument deduction/substitution failed:
[1.182s] [01m[K/home/wuqilin/ros2_ws/src/answer/src/navigation_node.cpp:50:101:[m[K [01;36m[Knote: [m[K  mismatched types ‘[01m[Kconst std::__shared_ptr<_Tp, _Lp>[m[K’ and ‘[01m[Kdouble[m[K’
[1.182s]    50 |             if (std::chrono::duration_cast<std::chrono::seconds>(current_time - m_last_move_time) > [01;36m[K3.0[m[K)
[1.182s]       |                                                                                                     [01;36m[K^~~[m[K
[1.182s] [01m[K/usr/include/c++/12/bits/shared_ptr.h:653:5:[m[K [01;36m[Knote: [m[Kcandidate: ‘[01m[Ktemplate<class _Tp, class _Up> bool std::operator>(const shared_ptr<_Tp>&, const shared_ptr<_Tp>&)[m[K’
[1.182s]   653 |     [01;36m[Koperator[m[K>(const shared_ptr<_Tp>& __a, const shared_ptr<_Up>& __b) noexcept
[1.182s]       |     [01;36m[K^~~~~~~~[m[K
[1.182s] [01m[K/usr/include/c++/12/bits/shared_ptr.h:653:5:[m[K [01;36m[Knote: [m[K  template argument deduction/substitution failed:
[1.182s] [01m[K/home/wuqilin/ros2_ws/src/answer/src/navigation_node.cpp:50:101:[m[K [01;36m[Knote: [m[K  ‘[01m[Kstd::chrono::__enable_if_is_duration<std::chrono::duration<long int> >[m[K’ {aka ‘[01m[Kstd::chrono::duration<long int>[m[K’} is not derived from ‘[01m[Kconst std::shared_ptr<_Tp>[m[K’
[1.182s]    50 |             if (std::chrono::duration_cast<std::chrono::seconds>(current_time - m_last_move_time) > [01;36m[K3.0[m[K)
[1.182s]       |                                                                                                     [01;36m[K^~~[m[K
[1.182s] [01m[K/usr/include/c++/12/bits/shared_ptr.h:659:5:[m[K [01;36m[Knote: [m[Kcandidate: ‘[01m[Ktemplate<class _Tp> bool std::operator>(const shared_ptr<_Tp>&, nullptr_t)[m[K’
[1.182s]   659 |     [01;36m[Koperator[m[K>(const shared_ptr<_Tp>& __a, nullptr_t) noexcept
[1.182s]       |     [01;36m[K^~~~~~~~[m[K
[1.182s] [01m[K/usr/include/c++/12/bits/shared_ptr.h:659:5:[m[K [01;36m[Knote: [m[K  template argument deduction/substitution failed:
[1.182s] [01m[K/home/wuqilin/ros2_ws/src/answer/src/navigation_node.cpp:50:101:[m[K [01;36m[Knote: [m[K  ‘[01m[Kstd::chrono::__enable_if_is_duration<std::chrono::duration<long int> >[m[K’ {aka ‘[01m[Kstd::chrono::duration<long int>[m[K’} is not derived from ‘[01m[Kconst std::shared_ptr<_Tp>[m[K’
[1.182s]    50 |             if (std::chrono::duration_cast<std::chrono::seconds>(current_time - m_last_move_time) > [01;36m[K3.0[m[K)
[1.182s]       |                                                                                                     [01;36m[K^~~[m[K
[1.182s] [01m[K/usr/include/c++/12/bits/shared_ptr.h:665:5:[m[K [01;36m[Knote: [m[Kcandidate: ‘[01m[Ktemplate<class _Tp> bool std::operator>(nullptr_t, const shared_ptr<_Tp>&)[m[K’
[1.183s]   665 |     [01;36m[Koperator[m[K>(nullptr_t, const shared_ptr<_Tp>& __a) noexcept
[1.183s]       |     [01;36m[K^~~~~~~~[m[K
[1.183s] [01m[K/usr/include/c++/12/bits/shared_ptr.h:665:5:[m[K [01;36m[Knote: [m[K  template argument deduction/substitution failed:
[1.183s] [01m[K/home/wuqilin/ros2_ws/src/answer/src/navigation_node.cpp:50:101:[m[K [01;36m[Knote: [m[K  mismatched types ‘[01m[Kconst std::shared_ptr<_Tp>[m[K’ and ‘[01m[Kdouble[m[K’
[1.183s]    50 |             if (std::chrono::duration_cast<std::chrono::seconds>(current_time - m_last_move_time) > [01;36m[K3.0[m[K)
[1.183s]       |                                                                                                     [01;36m[K^~~[m[K
[1.183s] In file included from [01m[K/usr/include/c++/12/bits/basic_string.h:47[m[K,
[1.183s]                  from [01m[K/usr/include/c++/12/string:53[m[K,
[1.183s]                  from [01m[K/usr/include/c++/12/stdexcept:39[m[K,
[1.183s]                  from [01m[K/usr/include/c++/12/system_error:41[m[K,
[1.183s]                  from [01m[K/usr/include/c++/12/mutex:41[m[K,
[1.183s]                  from [01m[K/usr/include/c++/12/future:38[m[K,
[1.183s]                  from [01m[K/opt/ros/humble/include/rclcpp/rclcpp/executors.hpp:18[m[K,
[1.183s]                  from [01m[K/opt/ros/humble/include/rclcpp/rclcpp/rclcpp.hpp:155[m[K:
[1.183s] [01m[K/usr/include/c++/12/string_view:613:5:[m[K [01;36m[Knote: [m[Kcandidate: ‘[01m[Ktemplate<class _CharT, class _Traits> constexpr bool std::operator>(basic_string_view<_CharT, _Traits>, basic_string_view<_CharT, _Traits>)[m[K’
[1.183s]   613 |     [01;36m[Koperator[m[K> (basic_string_view<_CharT, _Traits> __x,
[1.183s]       |     [01;36m[K^~~~~~~~[m[K
[1.183s] [01m[K/usr/include/c++/12/string_view:613:5:[m[K [01;36m[Knote: [m[K  template argument deduction/substitution failed:
[1.183s] [01m[K/home/wuqilin/ros2_ws/src/answer/src/navigation_node.cpp:50:101:[m[K [01;36m[Knote: [m[K  ‘[01m[Kstd::chrono::duration<long int>[m[K’ is not derived from ‘[01m[Kstd::basic_string_view<_CharT, _Traits>[m[K’
[1.183s]    50 |             if (std::chrono::duration_cast<std::chrono::seconds>(current_time - m_last_move_time) > [01;36m[K3.0[m[K)
[1.183s]       |                                                                                                     [01;36m[K^~~[m[K
[1.183s] [01m[K/usr/include/c++/12/string_view:619:5:[m[K [01;36m[Knote: [m[Kcandidate: ‘[01m[Ktemplate<class _CharT, class _Traits> constexpr bool std::operator>(basic_string_view<_CharT, _Traits>, __type_identity_t<basic_string_view<_CharT, _Traits> >)[m[K’
[1.183s]   619 |     [01;36m[Koperator[m[K> (basic_string_view<_CharT, _Traits> __x,
[1.183s]       |     [01;36m[K^~~~~~~~[m[K
[1.183s] [01m[K/usr/include/c++/12/string_view:619:5:[m[K [01;36m[Knote: [m[K  template argument deduction/substitution failed:
[1.183s] [01m[K/home/wuqilin/ros2_ws/src/answer/src/navigation_node.cpp:50:101:[m[K [01;36m[Knote: [m[K  ‘[01m[Kstd::chrono::duration<long int>[m[K’ is not derived from ‘[01m[Kstd::basic_string_view<_CharT, _Traits>[m[K’
[1.183s]    50 |             if (std::chrono::duration_cast<std::chrono::seconds>(current_time - m_last_move_time) > [01;36m[K3.0[m[K)
[1.183s]       |                                                                                                     [01;36m[K^~~[m[K
[1.183s] [01m[K/usr/include/c++/12/string_view:626:5:[m[K [01;36m[Knote: [m[Kcandidate: ‘[01m[Ktemplate<class _CharT, class _Traits> constexpr bool std::operator>(__type_identity_t<basic_string_view<_CharT, _Traits> >, basic_string_view<_CharT, _Traits>)[m[K’
[1.183s]   626 |     [01;36m[Koperator[m[K> (__type_identity_t<basic_string_view<_CharT, _Traits>> __x,
[1.183s]       |     [01;36m[K^~~~~~~~[m[K
[1.183s] [01m[K/usr/include/c++/12/string_view:626:5:[m[K [01;36m[Knote: [m[K  template argument deduction/substitution failed:
[1.183s] [01m[K/home/wuqilin/ros2_ws/src/answer/src/navigation_node.cpp:50:101:[m[K [01;36m[Knote: [m[K  mismatched types ‘[01m[Kstd::basic_string_view<_CharT, _Traits>[m[K’ and ‘[01m[Kdouble[m[K’
[1.183s]    50 |             if (std::chrono::duration_cast<std::chrono::seconds>(current_time - m_last_move_time) > [01;36m[K3.0[m[K)
[1.183s]       |                                                                                                     [01;36m[K^~~[m[K
[1.183s] [01m[K/usr/include/c++/12/bits/basic_string.h:3737:5:[m[K [01;36m[Knote: [m[Kcandidate: ‘[01m[Ktemplate<class _CharT, class _Traits, class _Alloc> bool std::operator>(const __cxx11::basic_string<_CharT, _Traits, _Allocator>&, const __cxx11::basic_string<_CharT, _Traits, _Allocator>&)[m[K’
[1.183s]  3737 |     [01;36m[Koperator[m[K>(const basic_string<_CharT, _Traits, _Alloc>& __lhs,
[1.183s]       |     [01;36m[K^~~~~~~~[m[K
[1.183s] [01m[K/usr/include/c++/12/bits/basic_string.h:3737:5:[m[K [01;36m[Knote: [m[K  template argument deduction/substitution failed:
[1.183s] [01m[K/home/wuqilin/ros2_ws/src/answer/src/navigation_node.cpp:50:101:[m[K [01;36m[Knote: [m[K  ‘[01m[Kstd::chrono::__enable_if_is_duration<std::chrono::duration<long int> >[m[K’ {aka ‘[01m[Kstd::chrono::duration<long int>[m[K’} is not derived from ‘[01m[Kconst std::__cxx11::basic_string<_CharT, _Traits, _Allocator>[m[K’
[1.183s]    50 |             if (std::chrono::duration_cast<std::chrono::seconds>(current_time - m_last_move_time) > [01;36m[K3.0[m[K)
[1.183s]       |                                                                                                     [01;36m[K^~~[m[K
[1.183s] [01m[K/usr/include/c++/12/bits/basic_string.h:3750:5:[m[K [01;36m[Knote: [m[Kcandidate: ‘[01m[Ktemplate<class _CharT, class _Traits, class _Alloc> bool std::operator>(const __cxx11::basic_string<_CharT, _Traits, _Allocator>&, const _CharT*)[m[K’
[1.183s]  3750 |     [01;36m[Koperator[m[K>(const basic_string<_CharT, _Traits, _Alloc>& __lhs,
[1.183s]       |     [01;36m[K^~~~~~~~[m[K
[1.183s] [01m[K/usr/include/c++/12/bits/basic_string.h:3750:5:[m[K [01;36m[Knote: [m[K  template argument deduction/substitution failed:
[1.183s] [01m[K/home/wuqilin/ros2_ws/src/answer/src/navigation_node.cpp:50:101:[m[K [01;36m[Knote: [m[K  ‘[01m[Kstd::chrono::__enable_if_is_duration<std::chrono::duration<long int> >[m[K’ {aka ‘[01m[Kstd::chrono::duration<long int>[m[K’} is not derived from ‘[01m[Kconst std::__cxx11::basic_string<_CharT, _Traits, _Allocator>[m[K’
[1.183s]    50 |             if (std::chrono::duration_cast<std::chrono::seconds>(current_time - m_last_move_time) > [01;36m[K3.0[m[K)
[1.183s]       |                                                                                                     [01;36m[K^~~[m[K
[1.183s] [01m[K/usr/include/c++/12/bits/basic_string.h:3762:5:[m[K [01;36m[Knote: [m[Kcandidate: ‘[01m[Ktemplate<class _CharT, class _Traits, class _Alloc> bool std::operator>(const _CharT*, const __cxx11::basic_string<_CharT, _Traits, _Allocator>&)[m[K’
[1.183s]  3762 |     [01;36m[Koperator[m[K>(const _CharT* __lhs,
[1.183s]       |     [01;36m[K^~~~~~~~[m[K
[1.183s] [01m[K/usr/include/c++/12/bits/basic_string.h:3762:5:[m[K [01;36m[Knote: [m[K  template argument deduction/substitution failed:
[1.183s] [01m[K/home/wuqilin/ros2_ws/src/answer/src/navigation_node.cpp:50:101:[m[K [01;36m[Knote: [m[K  mismatched types ‘[01m[Kconst _CharT*[m[K’ and ‘[01m[Kstd::chrono::duration<long int>[m[K’
[1.183s]    50 |             if (std::chrono::duration_cast<std::chrono::seconds>(current_time - m_last_move_time) > [01;36m[K3.0[m[K)
[1.183s]       |                                                                                                     [01;36m[K^~~[m[K
[1.183s] In file included from [01m[K/usr/include/c++/12/set:61[m[K,
[1.184s]                  from [01m[K/opt/ros/humble/include/rclcpp/rclcpp/executors/multi_threaded_executor.hpp:21[m[K,
[1.184s]                  from [01m[K/opt/ros/humble/include/rclcpp/rclcpp/executors.hpp:21[m[K:
[1.184s] [01m[K/usr/include/c++/12/bits/stl_set.h:1037:5:[m[K [01;36m[Knote: [m[Kcandidate: ‘[01m[Ktemplate<class _Key, class _Compare, class _Alloc> bool std::operator>(const set<_Key, _Compare, _Allocator>&, const set<_Key, _Compare, _Allocator>&)[m[K’
[1.184s]  1037 |     [01;36m[Koperator[m[K>(const set<_Key, _Compare, _Alloc>& __x,
[1.184s]       |     [01;36m[K^~~~~~~~[m[K
[1.184s] [01m[K/usr/include/c++/12/bits/stl_set.h:1037:5:[m[K [01;36m[Knote: [m[K  template argument deduction/substitution failed:
[1.184s] [01m[K/home/wuqilin/ros2_ws/src/answer/src/navigation_node.cpp:50:101:[m[K [01;36m[Knote: [m[K  ‘[01m[Kstd::chrono::__enable_if_is_duration<std::chrono::duration<long int> >[m[K’ {aka ‘[01m[Kstd::chrono::duration<long int>[m[K’} is not derived from ‘[01m[Kconst std::set<_Key, _Compare, _Allocator>[m[K’
[1.184s]    50 |             if (std::chrono::duration_cast<std::chrono::seconds>(current_time - m_last_move_time) > [01;36m[K3.0[m[K)
[1.184s]       |                                                                                                     [01;36m[K^~~[m[K
[1.184s] In file included from [01m[K/usr/include/c++/12/set:62[m[K:
[1.184s] [01m[K/usr/include/c++/12/bits/stl_multiset.h:1024:5:[m[K [01;36m[Knote: [m[Kcandidate: ‘[01m[Ktemplate<class _Key, class _Compare, class _Alloc> bool std::operator>(const multiset<_Key, _Compare, _Allocator>&, const multiset<_Key, _Compare, _Allocator>&)[m[K’
[1.184s]  1024 |     [01;36m[Koperator[m[K>(const multiset<_Key,_Compare,_Alloc>& __x,
[1.184s]       |     [01;36m[K^~~~~~~~[m[K
[1.184s] [01m[K/usr/include/c++/12/bits/stl_multiset.h:1024:5:[m[K [01;36m[Knote: [m[K  template argument deduction/substitution failed:
[1.184s] [01m[K/home/wuqilin/ros2_ws/src/answer/src/navigation_node.cpp:50:101:[m[K [01;36m[Knote: [m[K  ‘[01m[Kstd::chrono::__enable_if_is_duration<std::chrono::duration<long int> >[m[K’ {aka ‘[01m[Kstd::chrono::duration<long int>[m[K’} is not derived from ‘[01m[Kconst std::multiset<_Key, _Compare, _Allocator>[m[K’
[1.184s]    50 |             if (std::chrono::duration_cast<std::chrono::seconds>(current_time - m_last_move_time) > [01;36m[K3.0[m[K)
[1.184s]       |                                                                                                     [01;36m[K^~~[m[K
[1.184s] In file included from [01m[K/usr/include/c++/12/list:63[m[K,
[1.184s]                  from [01m[K/opt/ros/humble/include/rclcpp/rclcpp/executor.hpp:23[m[K,
[1.184s]                  from [01m[K/opt/ros/humble/include/rclcpp/rclcpp/executors/multi_threaded_executor.hpp:25[m[K:
[1.184s] [01m[K/usr/include/c++/12/bits/stl_list.h:2196:5:[m[K [01;36m[Knote: [m[Kcandidate: ‘[01m[Ktemplate<class _Tp, class _Alloc> bool std::operator>(const __cxx11::list<_Tp, _Alloc>&, const __cxx11::list<_Tp, _Alloc>&)[m[K’
[1.184s]  2196 |     [01;36m[Koperator[m[K>(const list<_Tp, _Alloc>& __x, const list<_Tp, _Alloc>& __y)
[1.184s]       |     [01;36m[K^~~~~~~~[m[K
[1.184s] [01m[K/usr/include/c++/12/bits/stl_list.h:2196:5:[m[K [01;36m[Knote: [m[K  template argument deduction/substitution failed:
[1.184s] [01m[K/home/wuqilin/ros2_ws/src/answer/src/navigation_node.cpp:50:101:[m[K [01;36m[Knote: [m[K  ‘[01m[Kstd::chrono::__enable_if_is_duration<std::chrono::duration<long int> >[m[K’ {aka ‘[01m[Kstd::chrono::duration<long int>[m[K’} is not derived from ‘[01m[Kconst std::__cxx11::list<_Tp, _Alloc>[m[K’
[1.184s]    50 |             if (std::chrono::duration_cast<std::chrono::seconds>(current_time - m_last_move_time) > [01;36m[K3.0[m[K)
[1.184s]       |                                                                                                     [01;36m[K^~~[m[K
[1.184s] In file included from [01m[K/usr/include/c++/12/map:61[m[K,
[1.184s]                  from [01m[K/opt/ros/humble/include/rclcpp/rclcpp/executor.hpp:24[m[K:
[1.184s] [01m[K/usr/include/c++/12/bits/stl_map.h:1563:5:[m[K [01;36m[Knote: [m[Kcandidate: ‘[01m[Ktemplate<class _Key, class _Tp, class _Compare, class _Alloc> bool std::operator>(const map<_Key, _Tp, _Compare, _Allocator>&, const map<_Key, _Tp, _Compare, _Allocator>&)[m[K’
[1.184s]  1563 |     [01;36m[Koperator[m[K>(const map<_Key, _Tp, _Compare, _Alloc>& __x,
[1.184s]       |     [01;36m[K^~~~~~~~[m[K
[1.184s] [01m[K/usr/include/c++/12/bits/stl_map.h:1563:5:[m[K [01;36m[Knote: [m[K  template argument deduction/substitution failed:
[1.184s] [01m[K/home/wuqilin/ros2_ws/src/answer/src/navigation_node.cpp:50:101:[m[K [01;36m[Knote: [m[K  ‘[01m[Kstd::chrono::__enable_if_is_duration<std::chrono::duration<long int> >[m[K’ {aka ‘[01m[Kstd::chrono::duration<long int>[m[K’} is not derived from ‘[01m[Kconst std::map<_Key, _Tp, _Compare, _Allocator>[m[K’
[1.184s]    50 |             if (std::chrono::duration_cast<std::chrono::seconds>(current_time - m_last_move_time) > [01;36m[K3.0[m[K)
[1.184s]       |                                                                                                     [01;36m[K^~~[m[K
[1.184s] In file included from [01m[K/usr/include/c++/12/map:62[m[K:
[1.184s] [01m[K/usr/include/c++/12/bits/stl_multimap.h:1184:5:[m[K [01;36m[Knote: [m[Kcandidate: ‘[01m[Ktemplate<class _Key, class _Tp, class _Compare, class _Alloc> bool std::operator>(const multimap<_Key, _Tp, _Compare, _Allocator>&, const multimap<_Key, _Tp, _Compare, _Allocator>&)[m[K’
[1.184s]  1184 |     [01;36m[Koperator[m[K>(const multimap<_Key, _Tp, _Compare, _Alloc>& __x,
[1.184s]       |     [01;36m[K^~~~~~~~[m[K
[1.184s] [01m[K/usr/include/c++/12/bits/stl_multimap.h:1184:5:[m[K [01;36m[Knote: [m[K  template argument deduction/substitution failed:
[1.184s] [01m[K/home/wuqilin/ros2_ws/src/answer/src/navigation_node.cpp:50:101:[m[K [01;36m[Knote: [m[K  ‘[01m[Kstd::chrono::__enable_if_is_duration<std::chrono::duration<long int> >[m[K’ {aka ‘[01m[Kstd::chrono::duration<long int>[m[K’} is not derived from ‘[01m[Kconst std::multimap<_Key, _Tp, _Compare, _Allocator>[m[K’
[1.184s]    50 |             if (std::chrono::duration_cast<std::chrono::seconds>(current_time - m_last_move_time) > [01;36m[K3.0[m[K)
[1.184s]       |                                                                                                     [01;36m[K^~~[m[K
[1.184s] In file included from [01m[K/usr/include/c++/12/vector:64[m[K,
[1.184s]                  from [01m[K/opt/ros/humble/include/rclcpp/rclcpp/executor.hpp:28[m[K:
[1.184s] [01m[K/usr/include/c++/12/bits/stl_vector.h:2087:5:[m[K [01;36m[Knote: [m[Kcandidate: ‘[01m[Ktemplate<class _Tp, class _Alloc> bool std::operator>(const vector<_Tp, _Alloc>&, const vector<_Tp, _Alloc>&)[m[K’
[1.184s]  2087 |     [01;36m[Koperator[m[K>(const vector<_Tp, _Alloc>& __x, const vector<_Tp, _Alloc>& __y)
[1.185s]       |     [01;36m[K^~~~~~~~[m[K
[1.185s] [01m[K/usr/include/c++/12/bits/stl_vector.h:2087:5:[m[K [01;36m[Knote: [m[K  template argument deduction/substitution failed:
[1.185s] [01m[K/home/wuqilin/ros2_ws/src/answer/src/navigation_node.cpp:50:101:[m[K [01;36m[Knote: [m[K  ‘[01m[Kstd::chrono::__enable_if_is_duration<std::chrono::duration<long int> >[m[K’ {aka ‘[01m[Kstd::chrono::duration<long int>[m[K’} is not derived from ‘[01m[Kconst std::vector<_Tp, _Alloc>[m[K’
[1.185s]    50 |             if (std::chrono::duration_cast<std::chrono::seconds>(current_time - m_last_move_time) > [01;36m[K3.0[m[K)
[1.185s]       |                                                                                                     [01;36m[K^~~[m[K
[1.185s] In file included from [01m[K/usr/include/c++/12/functional:63[m[K,
[1.185s]                  from [01m[K/opt/ros/humble/include/rclcpp/rclcpp/context.hpp:19[m[K,
[1.185s]                  from [01m[K/opt/ros/humble/include/rclcpp/rclcpp/executor.hpp:34[m[K:
[1.185s] [01m[K/usr/include/c++/12/array:350:5:[m[K [01;36m[Knote: [m[Kcandidate: ‘[01m[Ktemplate<class _Tp, long unsigned int _Nm> bool std::operator>(const array<_Tp, _Nm>&, const array<_Tp, _Nm>&)[m[K’
[1.185s]   350 |     [01;36m[Koperator[m[K>(const array<_Tp, _Nm>& __one, const array<_Tp, _Nm>& __two)
[1.185s]       |     [01;36m[K^~~~~~~~[m[K
[1.185s] [01m[K/usr/include/c++/12/array:350:5:[m[K [01;36m[Knote: [m[K  template argument deduction/substitution failed:
[1.185s] [01m[K/home/wuqilin/ros2_ws/src/answer/src/navigation_node.cpp:50:101:[m[K [01;36m[Knote: [m[K  ‘[01m[Kstd::chrono::__enable_if_is_duration<std::chrono::duration<long int> >[m[K’ {aka ‘[01m[Kstd::chrono::duration<long int>[m[K’} is not derived from ‘[01m[Kconst std::array<_Tp, _Nm>[m[K’
[1.185s]    50 |             if (std::chrono::duration_cast<std::chrono::seconds>(current_time - m_last_move_time) > [01;36m[K3.0[m[K)
[1.185s]       |                                                                                                     [01;36m[K^~~[m[K
[1.185s] In file included from [01m[K/opt/ros/humble/include/rclcpp/rclcpp/client.hpp:23[m[K,
[1.185s]                  from [01m[K/opt/ros/humble/include/rclcpp/rclcpp/callback_group.hpp:24[m[K,
[1.185s]                  from [01m[K/opt/ros/humble/include/rclcpp/rclcpp/any_executable.hpp:20[m[K,
[1.185s]                  from [01m[K/opt/ros/humble/include/rclcpp/rclcpp/memory_strategy.hpp:25[m[K,
[1.185s]                  from [01m[K/opt/ros/humble/include/rclcpp/rclcpp/memory_strategies.hpp:18[m[K,
[1.185s]                  from [01m[K/opt/ros/humble/include/rclcpp/rclcpp/executor_options.hpp:20[m[K,
[1.185s]                  from [01m[K/opt/ros/humble/include/rclcpp/rclcpp/executor.hpp:37[m[K:
[1.185s] [01m[K/usr/include/c++/12/optional:1248:5:[m[K [01;36m[Knote: [m[Kcandidate: ‘[01m[Ktemplate<class _Tp, class _Up> constexpr std::__optional_gt_t<_Tp, _Up> std::operator>(const optional<_Tp>&, const optional<_Up>&)[m[K’
[1.185s]  1248 |     [01;36m[Koperator[m[K>(const optional<_Tp>& __lhs, const optional<_Up>& __rhs)
[1.185s]       |     [01;36m[K^~~~~~~~[m[K
[1.185s] [01m[K/usr/include/c++/12/optional:1248:5:[m[K [01;36m[Knote: [m[K  template argument deduction/substitution failed:
[1.185s] [01m[K/home/wuqilin/ros2_ws/src/answer/src/navigation_node.cpp:50:101:[m[K [01;36m[Knote: [m[K  ‘[01m[Kstd::chrono::__enable_if_is_duration<std::chrono::duration<long int> >[m[K’ {aka ‘[01m[Kstd::chrono::duration<long int>[m[K’} is not derived from ‘[01m[Kconst std::optional<_Tp>[m[K’
[1.185s]    50 |             if (std::chrono::duration_cast<std::chrono::seconds>(current_time - m_last_move_time) > [01;36m[K3.0[m[K)
[1.185s]       |                                                                                                     [01;36m[K^~~[m[K
[1.185s] [01m[K/usr/include/c++/12/optional:1318:5:[m[K [01;36m[Knote: [m[Kcandidate: ‘[01m[Ktemplate<class _Tp> constexpr bool std::operator>(const optional<_Tp>&, nullopt_t)[m[K’
[1.185s]  1318 |     [01;36m[Koperator[m[K>(const optional<_Tp>& __lhs, nullopt_t) noexcept
[1.185s]       |     [01;36m[K^~~~~~~~[m[K
[1.185s] [01m[K/usr/include/c++/12/optional:1318:5:[m[K [01;36m[Knote: [m[K  template argument deduction/substitution failed:
[1.185s] [01m[K/home/wuqilin/ros2_ws/src/answer/src/navigation_node.cpp:50:101:[m[K [01;36m[Knote: [m[K  ‘[01m[Kstd::chrono::__enable_if_is_duration<std::chrono::duration<long int> >[m[K’ {aka ‘[01m[Kstd::chrono::duration<long int>[m[K’} is not derived from ‘[01m[Kconst std::optional<_Tp>[m[K’
[1.185s]    50 |             if (std::chrono::duration_cast<std::chrono::seconds>(current_time - m_last_move_time) > [01;36m[K3.0[m[K)
[1.185s]       |                                                                                                     [01;36m[K^~~[m[K
[1.185s] [01m[K/usr/include/c++/12/optional:1323:5:[m[K [01;36m[Knote: [m[Kcandidate: ‘[01m[Ktemplate<class _Tp> constexpr bool std::operator>(nullopt_t, const optional<_Tp>&)[m[K’
[1.185s]  1323 |     [01;36m[Koperator[m[K>(nullopt_t, const optional<_Tp>& /* __rhs */) noexcept
[1.185s]       |     [01;36m[K^~~~~~~~[m[K
[1.185s] [01m[K/usr/include/c++/12/optional:1323:5:[m[K [01;36m[Knote: [m[K  template argument deduction/substitution failed:
[1.185s] [01m[K/home/wuqilin/ros2_ws/src/answer/src/navigation_node.cpp:50:101:[m[K [01;36m[Knote: [m[K  mismatched types ‘[01m[Kconst std::optional<_Tp>[m[K’ and ‘[01m[Kdouble[m[K’
[1.185s]    50 |             if (std::chrono::duration_cast<std::chrono::seconds>(current_time - m_last_move_time) > [01;36m[K3.0[m[K)
[1.185s]       |                                                                                                     [01;36m[K^~~[m[K
[1.185s] [01m[K/usr/include/c++/12/optional:1386:5:[m[K [01;36m[Knote: [m[Kcandidate: ‘[01m[Ktemplate<class _Tp, class _Up> constexpr std::__optional_gt_t<_Tp, _Up> std::operator>(const optional<_Tp>&, const _Up&)[m[K’
[1.185s]  1386 |     [01;36m[Koperator[m[K>(const optional<_Tp>& __lhs, const _Up& __rhs)
[1.185s]       |     [01;36m[K^~~~~~~~[m[K
[1.185s] [01m[K/usr/include/c++/12/optional:1386:5:[m[K [01;36m[Knote: [m[K  template argument deduction/substitution failed:
[1.185s] [01m[K/home/wuqilin/ros2_ws/src/answer/src/navigation_node.cpp:50:101:[m[K [01;36m[Knote: [m[K  ‘[01m[Kstd::chrono::__enable_if_is_duration<std::chrono::duration<long int> >[m[K’ {aka ‘[01m[Kstd::chrono::duration<long int>[m[K’} is not derived from ‘[01m[Kconst std::optional<_Tp>[m[K’
[1.185s]    50 |             if (std::chrono::duration_cast<std::chrono::seconds>(current_time - m_last_move_time) > [01;36m[K3.0[m[K)
[1.185s]       |                                                                                                     [01;36m[K^~~[m[K
[1.185s] [01m[K/usr/include/c++/12/optional:1392:5:[m[K [01;36m[Knote: [m[Kcandidate: ‘[01m[Ktemplate<class _Tp, class _Up> constexpr std::__optional_gt_t<_Up, _Tp> std::operator>(const _Up&, const optional<_Tp>&)[m[K’
[1.185s]  1392 |     [01;36m[Koperator[m[K>(const _Up& __lhs, const optional<_Tp>& __rhs)
[1.185s]       |     [01;36m[K^~~~~~~~[m[K
[1.185s] [01m[K/usr/include/c++/12/optional:1392:5:[m[K [01;36m[Knote: [m[K  template argument deduction/substitution failed:
[1.186s] [01m[K/home/wuqilin/ros2_ws/src/answer/src/navigation_node.cpp:50:101:[m[K [01;36m[Knote: [m[K  mismatched types ‘[01m[Kconst std::optional<_Tp>[m[K’ and ‘[01m[Kdouble[m[K’
[1.186s]    50 |             if (std::chrono::duration_cast<std::chrono::seconds>(current_time - m_last_move_time) > [01;36m[K3.0[m[K)
[1.186s]       |                                                                                                     [01;36m[K^~~[m[K
[1.186s] In file included from [01m[K/opt/ros/humble/include/rclcpp/rclcpp/client.hpp:28[m[K:
[1.186s] [01m[K/usr/include/c++/12/variant:1244:3:[m[K [01;36m[Knote: [m[Kcandidate: ‘[01m[Ktemplate<class ... _Types> constexpr bool std::operator>(const variant<_Types ...>&, const variant<_Types ...>&)[m[K’
[1.186s]  1244 |   [01;36m[K_VARIANT_RELATION_FUNCTION_TEMPLATE[m[K(>, greater)
[1.186s]       |   [01;36m[K^~~~~~~~~~~~~~~~~~~~~~~~~~~~~~~~~~~[m[K
[1.186s] [01m[K/usr/include/c++/12/variant:1244:3:[m[K [01;36m[Knote: [m[K  template argument deduction/substitution failed:
[1.186s] [01m[K/home/wuqilin/ros2_ws/src/answer/src/navigation_node.cpp:50:101:[m[K [01;36m[Knote: [m[K  ‘[01m[Kstd::chrono::__enable_if_is_duration<std::chrono::duration<long int> >[m[K’ {aka ‘[01m[Kstd::chrono::duration<long int>[m[K’} is not derived from ‘[01m[Kconst std::variant<_Types ...>[m[K’
[1.186s]    50 |             if (std::chrono::duration_cast<std::chrono::seconds>(current_time - m_last_move_time) > [01;36m[K3.0[m[K)
[1.186s]       |                                                                                                     [01;36m[K^~~[m[K
[1.186s] In file included from [01m[K/usr/include/c++/12/deque:64[m[K,
[1.186s]                  from [01m[K/usr/include/c++/12/queue:60[m[K,
[1.186s]                  from [01m[K/home/wuqilin/ros2_ws/src/answer/include/answer/navigation_node.hpp:10[m[K:
[1.186s] [01m[K/usr/include/c++/12/bits/stl_deque.h:2345:5:[m[K [01;36m[Knote: [m[Kcandidate: ‘[01m[Ktemplate<class _Tp, class _Alloc> bool std::operator>(const deque<_Tp, _Alloc>&, const deque<_Tp, _Alloc>&)[m[K’
[1.186s]  2345 |     [01;36m[Koperator[m[K>(const deque<_Tp, _Alloc>& __x, const deque<_Tp, _Alloc>& __y)
[1.186s]       |     [01;36m[K^~~~~~~~[m[K
[1.186s] [01m[K/usr/include/c++/12/bits/stl_deque.h:2345:5:[m[K [01;36m[Knote: [m[K  template argument deduction/substitution failed:
[1.186s] [01m[K/home/wuqilin/ros2_ws/src/answer/src/navigation_node.cpp:50:101:[m[K [01;36m[Knote: [m[K  ‘[01m[Kstd::chrono::__enable_if_is_duration<std::chrono::duration<long int> >[m[K’ {aka ‘[01m[Kstd::chrono::duration<long int>[m[K’} is not derived from ‘[01m[Kconst std::deque<_Tp, _Alloc>[m[K’
[1.186s]    50 |             if (std::chrono::duration_cast<std::chrono::seconds>(current_time - m_last_move_time) > [01;36m[K3.0[m[K)
[1.186s]       |                                                                                                     [01;36m[K^~~[m[K
[1.186s] In file included from [01m[K/usr/include/c++/12/queue:64[m[K:
[1.186s] [01m[K/usr/include/c++/12/bits/stl_queue.h:413:5:[m[K [01;36m[Knote: [m[Kcandidate: ‘[01m[Ktemplate<class _Tp, class _Seq> bool std::operator>(const queue<_Tp, _Seq>&, const queue<_Tp, _Seq>&)[m[K’
[1.186s]   413 |     [01;36m[Koperator[m[K>(const queue<_Tp, _Seq>& __x, const queue<_Tp, _Seq>& __y)
[1.186s]       |     [01;36m[K^~~~~~~~[m[K
[1.186s] [01m[K/usr/include/c++/12/bits/stl_queue.h:413:5:[m[K [01;36m[Knote: [m[K  template argument deduction/substitution failed:
[1.186s] [01m[K/home/wuqilin/ros2_ws/src/answer/src/navigation_node.cpp:50:101:[m[K [01;36m[Knote: [m[K  ‘[01m[Kstd::chrono::__enable_if_is_duration<std::chrono::duration<long int> >[m[K’ {aka ‘[01m[Kstd::chrono::duration<long int>[m[K’} is not derived from ‘[01m[Kconst std::queue<_Tp, _Seq>[m[K’
[1.186s]    50 |             if (std::chrono::duration_cast<std::chrono::seconds>(current_time - m_last_move_time) > [01;36m[K3.0[m[K)
[1.186s]       |                                                                                                     [01;36m[K^~~[m[K
[1.186s] In file included from [01m[K/usr/include/c++/12/mutex:42[m[K:
[1.186s] [01m[K/usr/include/c++/12/bits/chrono.h:853:7:[m[K [01;36m[Knote: [m[Kcandidate: ‘[01m[Ktemplate<class _Rep1, class _Period1, class _Rep2, class _Period2> constexpr bool std::chrono::operator>(const duration<_Rep1, _Period1>&, const duration<_Rep2, _Period2>&)[m[K’
[1.186s]   853 |       [01;36m[Koperator[m[K>(const duration<_Rep1, _Period1>& __lhs,
[1.186s]       |       [01;36m[K^~~~~~~~[m[K
[1.186s] [01m[K/usr/include/c++/12/bits/chrono.h:853:7:[m[K [01;36m[Knote: [m[K  template argument deduction/substitution failed:
[1.186s] [01m[K/home/wuqilin/ros2_ws/src/answer/src/navigation_node.cpp:50:101:[m[K [01;36m[Knote: [m[K  mismatched types ‘[01m[Kconst std::chrono::duration<_Rep2, _Period2>[m[K’ and ‘[01m[Kdouble[m[K’
[1.186s]    50 |             if (std::chrono::duration_cast<std::chrono::seconds>(current_time - m_last_move_time) > [01;36m[K3.0[m[K)
[1.186s]       |                                                                                                     [01;36m[K^~~[m[K
[1.186s] [01m[K/usr/include/c++/12/bits/chrono.h:1178:7:[m[K [01;36m[Knote: [m[Kcandidate: ‘[01m[Ktemplate<class _Clock, class _Dur1, class _Dur2> constexpr bool std::chrono::operator>(const time_point<_Clock, _Duration1>&, const time_point<_Clock, _Duration2>&)[m[K’
[1.186s]  1178 |       [01;36m[Koperator[m[K>(const time_point<_Clock, _Dur1>& __lhs,
[1.186s]       |       [01;36m[K^~~~~~~~[m[K
[1.186s] [01m[K/usr/include/c++/12/bits/chrono.h:1178:7:[m[K [01;36m[Knote: [m[K  template argument deduction/substitution failed:
[1.186s] [01m[K/home/wuqilin/ros2_ws/src/answer/src/navigation_node.cpp:50:101:[m[K [01;36m[Knote: [m[K  ‘[01m[Kstd::chrono::__enable_if_is_duration<std::chrono::duration<long int> >[m[K’ {aka ‘[01m[Kstd::chrono::duration<long int>[m[K’} is not derived from ‘[01m[Kconst std::chrono::time_point<_Clock, _Duration1>[m[K’
[1.186s]    50 |             if (std::chrono::duration_cast<std::chrono::seconds>(current_time - m_last_move_time) > [01;36m[K3.0[m[K)
[1.186s]       |                                                                                                     [01;36m[K^~~[m[K
[1.186s] In file included from [01m[K/opt/ros/humble/include/rclcpp/rclcpp/executors/multi_threaded_executor.hpp:22[m[K:
[1.186s] [01m[K/usr/include/c++/12/thread:85:3:[m[K [01;36m[Knote: [m[Kcandidate: ‘[01m[Kbool std::operator>(thread::id, thread::id)[m[K’
[1.186s]    85 |   [01;36m[Koperator[m[K>(thread::id __x, thread::id __y) noexcept
[1.186s]       |   [01;36m[K^~~~~~~~[m[K
[1.186s] [01m[K/usr/include/c++/12/thread:85:24:[m[K [01;36m[Knote: [m[K  no known conversion for argument 1 from ‘[01m[Kstd::chrono::__enable_if_is_duration<std::chrono::duration<long int> >[m[K’ {aka ‘[01m[Kstd::chrono::duration<long int>[m[K’} to ‘[01m[Kstd::thread::id[m[K’
[1.186s]    85 |   operator>([01;36m[Kthread::id __x[m[K, thread::id __y) noexcept
[1.186s]       |             [01;36m[K~~~~~~~~~~~^~~[m[K
[1.186s] [01m[K/usr/include/c++/12/variant:1282:18:[m[K [01;36m[Knote: [m[Kcandidate: ‘[01m[Kconstexpr bool std::operator>(monostate, monostate)[m[K’
[1.187s]  1282 |   constexpr bool [01;36m[Koperator[m[K>(monostate, monostate) noexcept { return false; }
[1.187s]       |                  [01;36m[K^~~~~~~~[m[K
[1.187s] [01m[K/usr/include/c++/12/variant:1282:28:[m[K [01;36m[Knote: [m[K  no known conversion for argument 1 from ‘[01m[Kstd::chrono::__enable_if_is_duration<std::chrono::duration<long int> >[m[K’ {aka ‘[01m[Kstd::chrono::duration<long int>[m[K’} to ‘[01m[Kstd::monostate[m[K’
[1.187s]  1282 |   constexpr bool operator>([01;36m[Kmonostate[m[K, monostate) noexcept { return false; }
[1.187s]       |                            [01;36m[K^~~~~~~~~[m[K
[4.040s] gmake[2]: *** [CMakeFiles/navigation_node.dir/build.make:76：CMakeFiles/navigation_node.dir/src/navigation_node.cpp.o] 错误 1
[4.040s] gmake[1]: *** [CMakeFiles/Makefile2:165：CMakeFiles/navigation_node.dir/all] 错误 2
[4.040s] gmake: *** [Makefile:146：all] 错误 2
[4.042s] Invoked command in '/home/wuqilin/ros2_ws/build/answer' returned '2': CMAKE_PREFIX_PATH=/home/wuqilin/ros2_ws/install/info_interfaces:/home/wuqilin/ros2_ws/install/answer:/opt/ros/humble /usr/bin/cmake --build /home/wuqilin/ros2_ws/build/answer -- -j32 -l32
