-- Found ament_cmake: 1.3.11 (/opt/ros/humble/share/ament_cmake/cmake)
-- Found rclcpp: 16.0.11 (/opt/ros/humble/share/rclcpp/cmake)
-- Found rosidl_generator_c: 3.1.6 (/opt/ros/humble/share/rosidl_generator_c/cmake)
-- Found rosidl_adapter: 3.1.6 (/opt/ros/humble/share/rosidl_adapter/cmake)
-- Found rosidl_generator_cpp: 3.1.6 (/opt/ros/humble/share/rosidl_generator_cpp/cmake)
-- Using all available rosidl_typesupport_c: rosidl_typesupport_fastrtps_c;rosidl_typesupport_introspection_c
-- Using all available rosidl_typesupport_cpp: rosidl_typesupport_fastrtps_cpp;rosidl_typesupport_introspection_cpp
-- Found rmw_implementation_cmake: 6.1.2 (/opt/ros/humble/share/rmw_implementation_cmake/cmake)
-- Found rmw_fastrtps_cpp: 6.2.7 (/opt/ros/humble/share/rmw_fastrtps_cpp/cmake)
-- Using RMW implementation 'rmw_fastrtps_cpp' as default
-- Found ament_lint_auto: 0.12.11 (/opt/ros/humble/share/ament_lint_auto/cmake)
-- Added test 'cppcheck' to perform static code analysis on C / C++ code
-- Configured cppcheck include dirs: 
-- Configured cppcheck exclude dirs and/or files: 
-- Added test 'lint_cmake' to check CMake code style
-- Added test 'uncrustify' to check C / C++ code style
-- Configured uncrustify additional arguments: 
-- Added test 'xmllint' to check XML markup files
-- Configuring done
-- Generating done
-- Build files have been written to: /home/wuqilin/ros2_ws/build/answer
[ 50%] [32mBuilding CXX object CMakeFiles/my_node.dir/src/my_node.cpp.o[0m
[100%] [32m[1mLinking CXX executable my_node[0m
[100%] Built target my_node
-- Install configuration: ""
-- Installing: /home/wuqilin/ros2_ws/install/answer/lib/answer/my_node
-- Set runtime path of "/home/wuqilin/ros2_ws/install/answer/lib/answer/my_node" to ""
-- Installing: /home/wuqilin/ros2_ws/install/answer/share/ament_index/resource_index/package_run_dependencies/answer
-- Installing: /home/wuqilin/ros2_ws/install/answer/share/ament_index/resource_index/parent_prefix_path/answer
-- Installing: /home/wuqilin/ros2_ws/install/answer/share/answer/environment/ament_prefix_path.sh
-- Installing: /home/wuqilin/ros2_ws/install/answer/share/answer/environment/ament_prefix_path.dsv
-- Installing: /home/wuqilin/ros2_ws/install/answer/share/answer/environment/path.sh
-- Installing: /home/wuqilin/ros2_ws/install/answer/share/answer/environment/path.dsv
-- Installing: /home/wuqilin/ros2_ws/install/answer/share/answer/local_setup.bash
-- Installing: /home/wuqilin/ros2_ws/install/answer/share/answer/local_setup.sh
-- Installing: /home/wuqilin/ros2_ws/install/answer/share/answer/local_setup.zsh
-- Installing: /home/wuqilin/ros2_ws/install/answer/share/answer/local_setup.dsv
-- Installing: /home/wuqilin/ros2_ws/install/answer/share/answer/package.dsv
-- Installing: /home/wuqilin/ros2_ws/install/answer/share/ament_index/resource_index/packages/answer
-- Installing: /home/wuqilin/ros2_ws/install/answer/share/answer/cmake/answerConfig.cmake
-- Installing: /home/wuqilin/ros2_ws/install/answer/share/answer/cmake/answerConfig-version.cmake
-- Installing: /home/wuqilin/ros2_ws/install/answer/share/answer/package.xml
