[0.005s] Invoking command in '/home/wuqilin/ros2_ws/build/answer': CMAKE_PREFIX_PATH=/opt/ros/humble /usr/bin/cmake --build /home/wuqilin/ros2_ws/build/answer -- -j32 -l32
[0.015s] -- Found ament_cmake: 1.3.11 (/opt/ros/humble/share/ament_cmake/cmake)
[0.076s] -- Found rclcpp: 16.0.11 (/opt/ros/humble/share/rclcpp/cmake)
[0.089s] -- Found rosidl_generator_c: 3.1.6 (/opt/ros/humble/share/rosidl_generator_c/cmake)
[0.090s] -- Found rosidl_adapter: 3.1.6 (/opt/ros/humble/share/rosidl_adapter/cmake)
[0.093s] -- Found rosidl_generator_cpp: 3.1.6 (/opt/ros/humble/share/rosidl_generator_cpp/cmake)
[0.097s] -- Using all available rosidl_typesupport_c: rosidl_typesupport_fastrtps_c;rosidl_typesupport_introspection_c
[0.103s] -- Using all available rosidl_typesupport_cpp: rosidl_typesupport_fastrtps_cpp;rosidl_typesupport_introspection_cpp
[0.118s] -- Found rmw_implementation_cmake: 6.1.2 (/opt/ros/humble/share/rmw_implementation_cmake/cmake)
[0.119s] -- Found rmw_fastrtps_cpp: 6.2.7 (/opt/ros/humble/share/rmw_fastrtps_cpp/cmake)
[0.176s] -- Using RMW implementation 'rmw_fastrtps_cpp' as default
[0.203s] -- Found ament_lint_auto: 0.12.11 (/opt/ros/humble/share/ament_lint_auto/cmake)
[0.249s] -- Added test 'cppcheck' to perform static code analysis on C / C++ code
[0.249s] -- Configured cppcheck include dirs: 
[0.249s] -- Configured cppcheck exclude dirs and/or files: 
[0.249s] -- Added test 'lint_cmake' to check CMake code style
[0.251s] -- Added test 'uncrustify' to check C / C++ code style
[0.251s] -- Configured uncrustify additional arguments: 
[0.252s] -- Added test 'xmllint' to check XML markup files
[0.252s] -- Configuring done
[0.257s] -- Generating done
[0.259s] -- Build files have been written to: /home/wuqilin/ros2_ws/build/answer
[0.273s] [ 50%] [32mBuilding CXX object CMakeFiles/my_node.dir/src/my_node.cpp.o[0m
[1.889s] [100%] [32m[1mLinking CXX executable my_node[0m
[1.944s] [100%] Built target my_node
[1.949s] Invoked command in '/home/wuqilin/ros2_ws/build/answer' returned '0': CMAKE_PREFIX_PATH=/opt/ros/humble /usr/bin/cmake --build /home/wuqilin/ros2_ws/build/answer -- -j32 -l32
[1.953s] Invoking command in '/home/wuqilin/ros2_ws/build/answer': CMAKE_PREFIX_PATH=/opt/ros/humble /usr/bin/cmake --install /home/wuqilin/ros2_ws/build/answer
[1.955s] -- Install configuration: ""
[1.955s] -- Installing: /home/wuqilin/ros2_ws/install/answer/lib/answer/my_node
[1.956s] -- Set runtime path of "/home/wuqilin/ros2_ws/install/answer/lib/answer/my_node" to ""
[1.956s] -- Installing: /home/wuqilin/ros2_ws/install/answer/share/ament_index/resource_index/package_run_dependencies/answer
[1.956s] -- Installing: /home/wuqilin/ros2_ws/install/answer/share/ament_index/resource_index/parent_prefix_path/answer
[1.956s] -- Installing: /home/wuqilin/ros2_ws/install/answer/share/answer/environment/ament_prefix_path.sh
[1.956s] -- Installing: /home/wuqilin/ros2_ws/install/answer/share/answer/environment/ament_prefix_path.dsv
[1.956s] -- Installing: /home/wuqilin/ros2_ws/install/answer/share/answer/environment/path.sh
[1.956s] -- Installing: /home/wuqilin/ros2_ws/install/answer/share/answer/environment/path.dsv
[1.956s] -- Installing: /home/wuqilin/ros2_ws/install/answer/share/answer/local_setup.bash
[1.956s] -- Installing: /home/wuqilin/ros2_ws/install/answer/share/answer/local_setup.sh
[1.956s] -- Installing: /home/wuqilin/ros2_ws/install/answer/share/answer/local_setup.zsh
[1.956s] -- Installing: /home/wuqilin/ros2_ws/install/answer/share/answer/local_setup.dsv
[1.956s] -- Installing: /home/wuqilin/ros2_ws/install/answer/share/answer/package.dsv
[1.956s] -- Installing: /home/wuqilin/ros2_ws/install/answer/share/ament_index/resource_index/packages/answer
[1.956s] -- Installing: /home/wuqilin/ros2_ws/install/answer/share/answer/cmake/answerConfig.cmake
[1.956s] -- Installing: /home/wuqilin/ros2_ws/install/answer/share/answer/cmake/answerConfig-version.cmake
[1.956s] -- Installing: /home/wuqilin/ros2_ws/install/answer/share/answer/package.xml
[1.957s] Invoked command in '/home/wuqilin/ros2_ws/build/answer' returned '0': CMAKE_PREFIX_PATH=/opt/ros/humble /usr/bin/cmake --install /home/wuqilin/ros2_ws/build/answer
