[0.006s] Invoking command in '/home/wuqilin/ros2_ws/build/answer': CMAKE_PREFIX_PATH=/opt/ros/humble /usr/bin/cmake --build /home/wuqilin/ros2_ws/build/answer -- -j32 -l32
[0.032s] [100%] Built target ImageSubscriber
[0.039s] Invoked command in '/home/wuqilin/ros2_ws/build/answer' returned '0': CMAKE_PREFIX_PATH=/opt/ros/humble /usr/bin/cmake --build /home/wuqilin/ros2_ws/build/answer -- -j32 -l32
[0.045s] Invoking command in '/home/wuqilin/ros2_ws/build/answer': CMAKE_PREFIX_PATH=/opt/ros/humble /usr/bin/cmake --install /home/wuqilin/ros2_ws/build/answer
[0.048s] -- Install configuration: ""
[0.048s] -- Up-to-date: /home/wuqilin/ros2_ws/install/answer/lib/answer/ImageSubscriber
[0.048s] -- Up-to-date: /home/wuqilin/ros2_ws/install/answer/share/ament_index/resource_index/package_run_dependencies/answer
[0.048s] -- Up-to-date: /home/wuqilin/ros2_ws/install/answer/share/ament_index/resource_index/parent_prefix_path/answer
[0.049s] -- Up-to-date: /home/wuqilin/ros2_ws/install/answer/share/answer/environment/ament_prefix_path.sh
[0.049s] -- Up-to-date: /home/wuqilin/ros2_ws/install/answer/share/answer/environment/ament_prefix_path.dsv
[0.049s] -- Up-to-date: /home/wuqilin/ros2_ws/install/answer/share/answer/environment/path.sh
[0.049s] -- Up-to-date: /home/wuqilin/ros2_ws/install/answer/share/answer/environment/path.dsv
[0.049s] -- Up-to-date: /home/wuqilin/ros2_ws/install/answer/share/answer/local_setup.bash
[0.049s] -- Up-to-date: /home/wuqilin/ros2_ws/install/answer/share/answer/local_setup.sh
[0.049s] -- Up-to-date: /home/wuqilin/ros2_ws/install/answer/share/answer/local_setup.zsh
[0.049s] -- Up-to-date: /home/wuqilin/ros2_ws/install/answer/share/answer/local_setup.dsv
[0.049s] -- Installing: /home/wuqilin/ros2_ws/install/answer/share/answer/package.dsv
[0.049s] -- Up-to-date: /home/wuqilin/ros2_ws/install/answer/share/ament_index/resource_index/packages/answer
[0.049s] -- Up-to-date: /home/wuqilin/ros2_ws/install/answer/share/answer/cmake/answerConfig.cmake
[0.049s] -- Up-to-date: /home/wuqilin/ros2_ws/install/answer/share/answer/cmake/answerConfig-version.cmake
[0.049s] -- Up-to-date: /home/wuqilin/ros2_ws/install/answer/share/answer/package.xml
[0.050s] Invoked command in '/home/wuqilin/ros2_ws/build/answer' returned '0': CMAKE_PREFIX_PATH=/opt/ros/humble /usr/bin/cmake --install /home/wuqilin/ros2_ws/build/answer
