[ 50%] [32mBuilding CXX object CMakeFiles/ImageSubscriber.dir/src/ImageSubscriber.cpp.o[0m
[100%] [32m[1mLinking CXX executable ImageSubscriber[0m
/usr/bin/ld: warning: libopencv_imgproc.so.4.5d, needed by /opt/ros/humble/lib/libcv_bridge.so, may conflict with libopencv_imgproc.so.408
/usr/bin/ld: warning: libopencv_core.so.4.5d, needed by /opt/ros/humble/lib/libcv_bridge.so, may conflict with libopencv_core.so.408
[100%] Built target ImageSubscriber
-- Install configuration: ""
-- Installing: /home/wuqilin/ros2_ws/install/answer/lib/answer/ImageSubscriber
-- Set runtime path of "/home/wuqilin/ros2_ws/install/answer/lib/answer/ImageSubscriber" to ""
-- Up-to-date: /home/wuqilin/ros2_ws/install/answer/share/ament_index/resource_index/package_run_dependencies/answer
-- Up-to-date: /home/wuqilin/ros2_ws/install/answer/share/ament_index/resource_index/parent_prefix_path/answer
-- Up-to-date: /home/wuqilin/ros2_ws/install/answer/share/answer/environment/ament_prefix_path.sh
-- Up-to-date: /home/wuqilin/ros2_ws/install/answer/share/answer/environment/ament_prefix_path.dsv
-- Up-to-date: /home/wuqilin/ros2_ws/install/answer/share/answer/environment/path.sh
-- Up-to-date: /home/wuqilin/ros2_ws/install/answer/share/answer/environment/path.dsv
-- Up-to-date: /home/wuqilin/ros2_ws/install/answer/share/answer/local_setup.bash
-- Up-to-date: /home/wuqilin/ros2_ws/install/answer/share/answer/local_setup.sh
-- Up-to-date: /home/wuqilin/ros2_ws/install/answer/share/answer/local_setup.zsh
-- Up-to-date: /home/wuqilin/ros2_ws/install/answer/share/answer/local_setup.dsv
-- Installing: /home/wuqilin/ros2_ws/install/answer/share/answer/package.dsv
-- Up-to-date: /home/wuqilin/ros2_ws/install/answer/share/ament_index/resource_index/packages/answer
-- Up-to-date: /home/wuqilin/ros2_ws/install/answer/share/answer/cmake/answerConfig.cmake
-- Up-to-date: /home/wuqilin/ros2_ws/install/answer/share/answer/cmake/answerConfig-version.cmake
-- Up-to-date: /home/wuqilin/ros2_ws/install/answer/share/answer/package.xml
