[ 50%] Built target img2map_node
[ 75%] [32mBuilding CXX object CMakeFiles/navigation_node.dir/src/navigation_node.cpp.o[0m
[01m[K/home/wuqilin/ros2_ws/src/answer/src/navigation_node.cpp:[m[K In constructor ‘[01m[Knavigation::Node::Node(const std::string&)[m[K’:
[01m[K/home/wuqilin/ros2_ws/src/answer/src/navigation_node.cpp:18:130:[m[K [01;31m[Kerror: [m[Kinvalid use of non-static member function ‘[01m[Kvoid navigation::Node::area_init_cbfn(info_interfaces::msg::Area_<std::allocator<void> >::SharedPtr)[m[K’
   18 |     m_area_subscription = this->create_subscription<info_interfaces::msg::Area>(topic_name::area, 1, std::bind([01;31m[Knavigation::Node::area_init_cbfn[m[K, this, std::placeholders::_1));
      |                                                                                                                [01;31m[K~~~~~~~~~~~~~~~~~~^~~~~~~~~~~~~~[m[K
In file included from [01m[K/home/wuqilin/ros2_ws/src/answer/src/navigation_node.cpp:4[m[K:
[01m[K/home/wuqilin/ros2_ws/src/answer/include/answer/navigation_node.hpp:138:14:[m[K [01;36m[Knote: [m[Kdeclared here
  138 |         void [01;36m[Karea_init_cbfn[m[K(const info_interfaces::msg::Area::SharedPtr area_info);
      |              [01;36m[K^~~~~~~~~~~~~~[m[K
[01m[K/home/wuqilin/ros2_ws/src/answer/src/navigation_node.cpp:[m[K In member function ‘[01m[Kvoid navigation::Node::area_init_cbfn(info_interfaces::msg::Area_<std::allocator<void> >::SharedPtr)[m[K’:
[01m[K/home/wuqilin/ros2_ws/src/answer/src/navigation_node.cpp:34:5:[m[K [01;31m[Kerror: [m[K‘[01m[Km_recover[m[K’ was not declared in this scope
   34 |     [01;31m[Km_recover[m[K.x = area.recover.x;
      |     [01;31m[K^~~~~~~~~[m[K
[01m[K/home/wuqilin/ros2_ws/src/answer/src/navigation_node.cpp:34:19:[m[K [01;31m[Kerror: [m[K‘[01m[Karea[m[K’ was not declared in this scope; did you mean ‘[01m[Ktopic_name::area[m[K’?
   34 |     m_recover.x = [01;31m[Karea[m[K.recover.x;
      |                   [01;31m[K^~~~[m[K
      |                   [32m[Ktopic_name::area[m[K
In file included from [01m[K/home/wuqilin/ros2_ws/src/answer/include/answer/navigation_node.hpp:21[m[K:
[01m[K/home/wuqilin/ros2_ws/src/answer/include/answer/constant.hpp:10:17:[m[K [01;36m[Knote: [m[K‘[01m[Ktopic_name::area[m[K’ declared here
   10 |     const char* [01;36m[Karea[m[K = "area";
      |                 [01;36m[K^~~~[m[K
gmake[2]: *** [CMakeFiles/navigation_node.dir/build.make:76：CMakeFiles/navigation_node.dir/src/navigation_node.cpp.o] 错误 1
gmake[1]: *** [CMakeFiles/Makefile2:165：CMakeFiles/navigation_node.dir/all] 错误 2
gmake: *** [Makefile:146：all] 错误 2
