[0.006s] Invoking command in '/home/wuqilin/ros2_ws/build/info_interfaces': CMAKE_PREFIX_PATH=${CMAKE_PREFIX_PATH}:/opt/ros/humble /usr/bin/cmake --build /home/wuqilin/ros2_ws/build/info_interfaces -- -j32 -l32
[0.024s] [  1%] Built target info_interfaces__cpp
[0.024s] [ 12%] Built target info_interfaces__rosidl_generator_c
[0.027s] [ 12%] Built target ament_cmake_python_copy_info_interfaces
[0.032s] [ 23%] Built target info_interfaces__rosidl_typesupport_c
[0.033s] [ 34%] Built target info_interfaces__rosidl_typesupport_introspection_c
[0.034s] [ 45%] Built target info_interfaces__rosidl_typesupport_fastrtps_cpp
[0.034s] [ 67%] Built target info_interfaces__rosidl_typesupport_introspection_cpp
[0.034s] [ 67%] Built target info_interfaces__rosidl_typesupport_cpp
[0.035s] [ 78%] Built target info_interfaces__rosidl_typesupport_fastrtps_c
[0.044s] [ 78%] Built target info_interfaces
[0.052s] [ 80%] Built target info_interfaces__py
[0.062s] [ 89%] Built target info_interfaces__rosidl_generator_py
[0.072s] [ 96%] Built target info_interfaces__rosidl_typesupport_fastrtps_c__pyext
[0.072s] [ 96%] Built target info_interfaces__rosidl_typesupport_introspection_c__pyext
[0.072s] [100%] Built target info_interfaces__rosidl_typesupport_c__pyext
[0.133s] running egg_info
[0.134s] writing info_interfaces.egg-info/PKG-INFO
[0.134s] writing dependency_links to info_interfaces.egg-info/dependency_links.txt
[0.134s] writing top-level names to info_interfaces.egg-info/top_level.txt
[0.135s] reading manifest file 'info_interfaces.egg-info/SOURCES.txt'
[0.135s] writing manifest file 'info_interfaces.egg-info/SOURCES.txt'
[0.146s] [100%] Built target ament_cmake_python_build_info_interfaces_egg
[0.151s] Invoked command in '/home/wuqilin/ros2_ws/build/info_interfaces' returned '0': CMAKE_PREFIX_PATH=${CMAKE_PREFIX_PATH}:/opt/ros/humble /usr/bin/cmake --build /home/wuqilin/ros2_ws/build/info_interfaces -- -j32 -l32
[0.154s] Invoking command in '/home/wuqilin/ros2_ws/build/info_interfaces': CMAKE_PREFIX_PATH=${CMAKE_PREFIX_PATH}:/opt/ros/humble /usr/bin/cmake --install /home/wuqilin/ros2_ws/build/info_interfaces
[0.157s] -- Install configuration: ""
[0.157s] -- Up-to-date: /home/wuqilin/ros2_ws/install/info_interfaces/share/ament_index/resource_index/rosidl_interfaces/info_interfaces
[0.157s] -- Up-to-date: /home/wuqilin/ros2_ws/install/info_interfaces/include/info_interfaces/info_interfaces
[0.157s] -- Up-to-date: /home/wuqilin/ros2_ws/install/info_interfaces/include/info_interfaces/info_interfaces/msg
[0.157s] -- Up-to-date: /home/wuqilin/ros2_ws/install/info_interfaces/include/info_interfaces/info_interfaces/msg/detail
[0.157s] -- Up-to-date: /home/wuqilin/ros2_ws/install/info_interfaces/include/info_interfaces/info_interfaces/msg/detail/point__functions.h
[0.157s] -- Up-to-date: /home/wuqilin/ros2_ws/install/info_interfaces/include/info_interfaces/info_interfaces/msg/detail/area__functions.c
[0.158s] -- Up-to-date: /home/wuqilin/ros2_ws/install/info_interfaces/include/info_interfaces/info_interfaces/msg/detail/map__type_support.h
[0.158s] -- Up-to-date: /home/wuqilin/ros2_ws/install/info_interfaces/include/info_interfaces/info_interfaces/msg/detail/robot__type_support.h
[0.158s] -- Up-to-date: /home/wuqilin/ros2_ws/install/info_interfaces/include/info_interfaces/info_interfaces/msg/detail/map__functions.h
[0.158s] -- Up-to-date: /home/wuqilin/ros2_ws/install/info_interfaces/include/info_interfaces/info_interfaces/msg/detail/robot__functions.h
[0.158s] -- Up-to-date: /home/wuqilin/ros2_ws/install/info_interfaces/include/info_interfaces/info_interfaces/msg/detail/point__struct.h
[0.158s] -- Up-to-date: /home/wuqilin/ros2_ws/install/info_interfaces/include/info_interfaces/info_interfaces/msg/detail/area__struct.h
[0.158s] -- Up-to-date: /home/wuqilin/ros2_ws/install/info_interfaces/include/info_interfaces/info_interfaces/msg/detail/area__type_support.h
[0.158s] -- Up-to-date: /home/wuqilin/ros2_ws/install/info_interfaces/include/info_interfaces/info_interfaces/msg/detail/map__struct.h
[0.158s] -- Up-to-date: /home/wuqilin/ros2_ws/install/info_interfaces/include/info_interfaces/info_interfaces/msg/detail/robot__functions.c
[0.158s] -- Up-to-date: /home/wuqilin/ros2_ws/install/info_interfaces/include/info_interfaces/info_interfaces/msg/detail/point__type_support.h
[0.158s] -- Up-to-date: /home/wuqilin/ros2_ws/install/info_interfaces/include/info_interfaces/info_interfaces/msg/detail/robot__struct.h
[0.159s] -- Up-to-date: /home/wuqilin/ros2_ws/install/info_interfaces/include/info_interfaces/info_interfaces/msg/detail/point__functions.c
[0.159s] -- Up-to-date: /home/wuqilin/ros2_ws/install/info_interfaces/include/info_interfaces/info_interfaces/msg/detail/map__functions.c
[0.159s] -- Up-to-date: /home/wuqilin/ros2_ws/install/info_interfaces/include/info_interfaces/info_interfaces/msg/detail/area__functions.h
[0.159s] -- Up-to-date: /home/wuqilin/ros2_ws/install/info_interfaces/include/info_interfaces/info_interfaces/msg/area.h
[0.159s] -- Up-to-date: /home/wuqilin/ros2_ws/install/info_interfaces/include/info_interfaces/info_interfaces/msg/robot.h
[0.159s] -- Up-to-date: /home/wuqilin/ros2_ws/install/info_interfaces/include/info_interfaces/info_interfaces/msg/point.h
[0.159s] -- Up-to-date: /home/wuqilin/ros2_ws/install/info_interfaces/include/info_interfaces/info_interfaces/msg/rosidl_generator_c__visibility_control.h
[0.159s] -- Up-to-date: /home/wuqilin/ros2_ws/install/info_interfaces/include/info_interfaces/info_interfaces/msg/map.h
[0.159s] -- Up-to-date: /home/wuqilin/ros2_ws/install/info_interfaces/share/info_interfaces/environment/library_path.sh
[0.159s] -- Up-to-date: /home/wuqilin/ros2_ws/install/info_interfaces/share/info_interfaces/environment/library_path.dsv
[0.159s] -- Up-to-date: /home/wuqilin/ros2_ws/install/info_interfaces/lib/libinfo_interfaces__rosidl_generator_c.so
[0.159s] -- Up-to-date: /home/wuqilin/ros2_ws/install/info_interfaces/include/info_interfaces/info_interfaces
[0.159s] -- Up-to-date: /home/wuqilin/ros2_ws/install/info_interfaces/include/info_interfaces/info_interfaces/msg
[0.159s] -- Up-to-date: /home/wuqilin/ros2_ws/install/info_interfaces/include/info_interfaces/info_interfaces/msg/detail
[0.160s] -- Up-to-date: /home/wuqilin/ros2_ws/install/info_interfaces/include/info_interfaces/info_interfaces/msg/detail/point__rosidl_typesupport_fastrtps_c.h
[0.160s] -- Up-to-date: /home/wuqilin/ros2_ws/install/info_interfaces/include/info_interfaces/info_interfaces/msg/detail/map__rosidl_typesupport_fastrtps_c.h
[0.160s] -- Up-to-date: /home/wuqilin/ros2_ws/install/info_interfaces/include/info_interfaces/info_interfaces/msg/detail/robot__rosidl_typesupport_fastrtps_c.h
[0.160s] -- Up-to-date: /home/wuqilin/ros2_ws/install/info_interfaces/include/info_interfaces/info_interfaces/msg/detail/area__rosidl_typesupport_fastrtps_c.h
[0.160s] -- Up-to-date: /home/wuqilin/ros2_ws/install/info_interfaces/include/info_interfaces/info_interfaces/msg/rosidl_typesupport_fastrtps_c__visibility_control.h
[0.160s] -- Up-to-date: /home/wuqilin/ros2_ws/install/info_interfaces/lib/libinfo_interfaces__rosidl_typesupport_fastrtps_c.so
[0.160s] -- Up-to-date: /home/wuqilin/ros2_ws/install/info_interfaces/include/info_interfaces/info_interfaces
[0.160s] -- Up-to-date: /home/wuqilin/ros2_ws/install/info_interfaces/include/info_interfaces/info_interfaces/msg
[0.160s] -- Up-to-date: /home/wuqilin/ros2_ws/install/info_interfaces/include/info_interfaces/info_interfaces/msg/detail
[0.160s] -- Up-to-date: /home/wuqilin/ros2_ws/install/info_interfaces/include/info_interfaces/info_interfaces/msg/detail/map__rosidl_typesupport_introspection_c.h
[0.160s] -- Up-to-date: /home/wuqilin/ros2_ws/install/info_interfaces/include/info_interfaces/info_interfaces/msg/detail/point__type_support.c
[0.160s] -- Up-to-date: /home/wuqilin/ros2_ws/install/info_interfaces/include/info_interfaces/info_interfaces/msg/detail/map__type_support.c
[0.160s] -- Up-to-date: /home/wuqilin/ros2_ws/install/info_interfaces/include/info_interfaces/info_interfaces/msg/detail/area__type_support.c
[0.160s] -- Up-to-date: /home/wuqilin/ros2_ws/install/info_interfaces/include/info_interfaces/info_interfaces/msg/detail/area__rosidl_typesupport_introspection_c.h
[0.161s] -- Up-to-date: /home/wuqilin/ros2_ws/install/info_interfaces/include/info_interfaces/info_interfaces/msg/detail/point__rosidl_typesupport_introspection_c.h
[0.161s] -- Up-to-date: /home/wuqilin/ros2_ws/install/info_interfaces/include/info_interfaces/info_interfaces/msg/detail/robot__type_support.c
[0.161s] -- Up-to-date: /home/wuqilin/ros2_ws/install/info_interfaces/include/info_interfaces/info_interfaces/msg/detail/robot__rosidl_typesupport_introspection_c.h
[0.161s] -- Up-to-date: /home/wuqilin/ros2_ws/install/info_interfaces/include/info_interfaces/info_interfaces/msg/rosidl_typesupport_introspection_c__visibility_control.h
[0.161s] -- Up-to-date: /home/wuqilin/ros2_ws/install/info_interfaces/lib/libinfo_interfaces__rosidl_typesupport_introspection_c.so
[0.161s] -- Up-to-date: /home/wuqilin/ros2_ws/install/info_interfaces/lib/libinfo_interfaces__rosidl_typesupport_c.so
[0.161s] -- Up-to-date: /home/wuqilin/ros2_ws/install/info_interfaces/include/info_interfaces/info_interfaces
[0.161s] -- Up-to-date: /home/wuqilin/ros2_ws/install/info_interfaces/include/info_interfaces/info_interfaces/msg
[0.161s] -- Up-to-date: /home/wuqilin/ros2_ws/install/info_interfaces/include/info_interfaces/info_interfaces/msg/detail
[0.161s] -- Up-to-date: /home/wuqilin/ros2_ws/install/info_interfaces/include/info_interfaces/info_interfaces/msg/detail/area__type_support.hpp
[0.161s] -- Up-to-date: /home/wuqilin/ros2_ws/install/info_interfaces/include/info_interfaces/info_interfaces/msg/detail/robot__builder.hpp
[0.161s] -- Up-to-date: /home/wuqilin/ros2_ws/install/info_interfaces/include/info_interfaces/info_interfaces/msg/detail/map__type_support.hpp
[0.161s] -- Up-to-date: /home/wuqilin/ros2_ws/install/info_interfaces/include/info_interfaces/info_interfaces/msg/detail/point__builder.hpp
[0.161s] -- Up-to-date: /home/wuqilin/ros2_ws/install/info_interfaces/include/info_interfaces/info_interfaces/msg/detail/robot__traits.hpp
[0.161s] -- Up-to-date: /home/wuqilin/ros2_ws/install/info_interfaces/include/info_interfaces/info_interfaces/msg/detail/robot__type_support.hpp
[0.161s] -- Up-to-date: /home/wuqilin/ros2_ws/install/info_interfaces/include/info_interfaces/info_interfaces/msg/detail/map__struct.hpp
[0.161s] -- Up-to-date: /home/wuqilin/ros2_ws/install/info_interfaces/include/info_interfaces/info_interfaces/msg/detail/point__type_support.hpp
[0.161s] -- Up-to-date: /home/wuqilin/ros2_ws/install/info_interfaces/include/info_interfaces/info_interfaces/msg/detail/map__builder.hpp
[0.161s] -- Up-to-date: /home/wuqilin/ros2_ws/install/info_interfaces/include/info_interfaces/info_interfaces/msg/detail/map__traits.hpp
[0.161s] -- Up-to-date: /home/wuqilin/ros2_ws/install/info_interfaces/include/info_interfaces/info_interfaces/msg/detail/robot__struct.hpp
[0.161s] -- Up-to-date: /home/wuqilin/ros2_ws/install/info_interfaces/include/info_interfaces/info_interfaces/msg/detail/point__traits.hpp
[0.162s] -- Up-to-date: /home/wuqilin/ros2_ws/install/info_interfaces/include/info_interfaces/info_interfaces/msg/detail/area__builder.hpp
[0.162s] -- Up-to-date: /home/wuqilin/ros2_ws/install/info_interfaces/include/info_interfaces/info_interfaces/msg/detail/point__struct.hpp
[0.162s] -- Up-to-date: /home/wuqilin/ros2_ws/install/info_interfaces/include/info_interfaces/info_interfaces/msg/detail/area__traits.hpp
[0.162s] -- Up-to-date: /home/wuqilin/ros2_ws/install/info_interfaces/include/info_interfaces/info_interfaces/msg/detail/area__struct.hpp
[0.162s] -- Up-to-date: /home/wuqilin/ros2_ws/install/info_interfaces/include/info_interfaces/info_interfaces/msg/area.hpp
[0.162s] -- Up-to-date: /home/wuqilin/ros2_ws/install/info_interfaces/include/info_interfaces/info_interfaces/msg/map.hpp
[0.162s] -- Up-to-date: /home/wuqilin/ros2_ws/install/info_interfaces/include/info_interfaces/info_interfaces/msg/rosidl_generator_cpp__visibility_control.hpp
[0.162s] -- Up-to-date: /home/wuqilin/ros2_ws/install/info_interfaces/include/info_interfaces/info_interfaces/msg/robot.hpp
[0.162s] -- Up-to-date: /home/wuqilin/ros2_ws/install/info_interfaces/include/info_interfaces/info_interfaces/msg/point.hpp
[0.162s] -- Up-to-date: /home/wuqilin/ros2_ws/install/info_interfaces/include/info_interfaces/info_interfaces
[0.162s] -- Up-to-date: /home/wuqilin/ros2_ws/install/info_interfaces/include/info_interfaces/info_interfaces/msg
[0.162s] -- Up-to-date: /home/wuqilin/ros2_ws/install/info_interfaces/include/info_interfaces/info_interfaces/msg/rosidl_typesupport_fastrtps_cpp__visibility_control.h
[0.162s] -- Up-to-date: /home/wuqilin/ros2_ws/install/info_interfaces/include/info_interfaces/info_interfaces/msg/detail
[0.162s] -- Up-to-date: /home/wuqilin/ros2_ws/install/info_interfaces/include/info_interfaces/info_interfaces/msg/detail/dds_fastrtps
[0.162s] -- Up-to-date: /home/wuqilin/ros2_ws/install/info_interfaces/include/info_interfaces/info_interfaces/msg/detail/area__rosidl_typesupport_fastrtps_cpp.hpp
[0.162s] -- Up-to-date: /home/wuqilin/ros2_ws/install/info_interfaces/include/info_interfaces/info_interfaces/msg/detail/robot__rosidl_typesupport_fastrtps_cpp.hpp
[0.162s] -- Up-to-date: /home/wuqilin/ros2_ws/install/info_interfaces/include/info_interfaces/info_interfaces/msg/detail/map__rosidl_typesupport_fastrtps_cpp.hpp
[0.162s] -- Up-to-date: /home/wuqilin/ros2_ws/install/info_interfaces/include/info_interfaces/info_interfaces/msg/detail/point__rosidl_typesupport_fastrtps_cpp.hpp
[0.162s] -- Up-to-date: /home/wuqilin/ros2_ws/install/info_interfaces/lib/libinfo_interfaces__rosidl_typesupport_fastrtps_cpp.so
[0.162s] -- Up-to-date: /home/wuqilin/ros2_ws/install/info_interfaces/include/info_interfaces/info_interfaces
[0.163s] -- Up-to-date: /home/wuqilin/ros2_ws/install/info_interfaces/include/info_interfaces/info_interfaces/msg
[0.163s] -- Up-to-date: /home/wuqilin/ros2_ws/install/info_interfaces/include/info_interfaces/info_interfaces/msg/detail
[0.163s] -- Up-to-date: /home/wuqilin/ros2_ws/install/info_interfaces/include/info_interfaces/info_interfaces/msg/detail/map__rosidl_typesupport_introspection_cpp.hpp
[0.163s] -- Up-to-date: /home/wuqilin/ros2_ws/install/info_interfaces/include/info_interfaces/info_interfaces/msg/detail/point__rosidl_typesupport_introspection_cpp.hpp
[0.163s] -- Up-to-date: /home/wuqilin/ros2_ws/install/info_interfaces/include/info_interfaces/info_interfaces/msg/detail/robot__rosidl_typesupport_introspection_cpp.hpp
[0.163s] -- Up-to-date: /home/wuqilin/ros2_ws/install/info_interfaces/include/info_interfaces/info_interfaces/msg/detail/robot__type_support.cpp
[0.163s] -- Up-to-date: /home/wuqilin/ros2_ws/install/info_interfaces/include/info_interfaces/info_interfaces/msg/detail/map__type_support.cpp
[0.163s] -- Up-to-date: /home/wuqilin/ros2_ws/install/info_interfaces/include/info_interfaces/info_interfaces/msg/detail/area__rosidl_typesupport_introspection_cpp.hpp
[0.163s] -- Up-to-date: /home/wuqilin/ros2_ws/install/info_interfaces/include/info_interfaces/info_interfaces/msg/detail/point__type_support.cpp
[0.163s] -- Up-to-date: /home/wuqilin/ros2_ws/install/info_interfaces/include/info_interfaces/info_interfaces/msg/detail/area__type_support.cpp
[0.163s] -- Up-to-date: /home/wuqilin/ros2_ws/install/info_interfaces/lib/libinfo_interfaces__rosidl_typesupport_introspection_cpp.so
[0.163s] -- Up-to-date: /home/wuqilin/ros2_ws/install/info_interfaces/lib/libinfo_interfaces__rosidl_typesupport_cpp.so
[0.163s] -- Up-to-date: /home/wuqilin/ros2_ws/install/info_interfaces/share/info_interfaces/environment/pythonpath.sh
[0.163s] -- Up-to-date: /home/wuqilin/ros2_ws/install/info_interfaces/share/info_interfaces/environment/pythonpath.dsv
[0.163s] -- Up-to-date: /home/wuqilin/ros2_ws/install/info_interfaces/local/lib/python3.10/dist-packages/info_interfaces-0.0.0-py3.10.egg-info
[0.163s] -- Installing: /home/wuqilin/ros2_ws/install/info_interfaces/local/lib/python3.10/dist-packages/info_interfaces-0.0.0-py3.10.egg-info/top_level.txt
[0.163s] -- Installing: /home/wuqilin/ros2_ws/install/info_interfaces/local/lib/python3.10/dist-packages/info_interfaces-0.0.0-py3.10.egg-info/SOURCES.txt
[0.163s] -- Installing: /home/wuqilin/ros2_ws/install/info_interfaces/local/lib/python3.10/dist-packages/info_interfaces-0.0.0-py3.10.egg-info/PKG-INFO
[0.163s] -- Installing: /home/wuqilin/ros2_ws/install/info_interfaces/local/lib/python3.10/dist-packages/info_interfaces-0.0.0-py3.10.egg-info/dependency_links.txt
[0.164s] -- Up-to-date: /home/wuqilin/ros2_ws/install/info_interfaces/local/lib/python3.10/dist-packages/info_interfaces
[0.164s] -- Up-to-date: /home/wuqilin/ros2_ws/install/info_interfaces/local/lib/python3.10/dist-packages/info_interfaces/__init__.py
[0.164s] -- Up-to-date: /home/wuqilin/ros2_ws/install/info_interfaces/local/lib/python3.10/dist-packages/info_interfaces/_info_interfaces_s.ep.rosidl_typesupport_introspection_c.c
[0.164s] -- Up-to-date: /home/wuqilin/ros2_ws/install/info_interfaces/local/lib/python3.10/dist-packages/info_interfaces/info_interfaces_s__rosidl_typesupport_fastrtps_c.cpython-310-x86_64-linux-gnu.so
[0.164s] -- Up-to-date: /home/wuqilin/ros2_ws/install/info_interfaces/local/lib/python3.10/dist-packages/info_interfaces/_info_interfaces_s.ep.rosidl_typesupport_c.c
[0.164s] -- Up-to-date: /home/wuqilin/ros2_ws/install/info_interfaces/local/lib/python3.10/dist-packages/info_interfaces/_info_interfaces_s.ep.rosidl_typesupport_fastrtps_c.c
[0.164s] -- Up-to-date: /home/wuqilin/ros2_ws/install/info_interfaces/local/lib/python3.10/dist-packages/info_interfaces/info_interfaces_s__rosidl_typesupport_introspection_c.cpython-310-x86_64-linux-gnu.so
[0.164s] -- Up-to-date: /home/wuqilin/ros2_ws/install/info_interfaces/local/lib/python3.10/dist-packages/info_interfaces/libinfo_interfaces__rosidl_generator_py.so
[0.164s] -- Up-to-date: /home/wuqilin/ros2_ws/install/info_interfaces/local/lib/python3.10/dist-packages/info_interfaces/msg
[0.164s] -- Up-to-date: /home/wuqilin/ros2_ws/install/info_interfaces/local/lib/python3.10/dist-packages/info_interfaces/msg/_map.py
[0.164s] -- Up-to-date: /home/wuqilin/ros2_ws/install/info_interfaces/local/lib/python3.10/dist-packages/info_interfaces/msg/__init__.py
[0.164s] -- Up-to-date: /home/wuqilin/ros2_ws/install/info_interfaces/local/lib/python3.10/dist-packages/info_interfaces/msg/_area.py
[0.164s] -- Up-to-date: /home/wuqilin/ros2_ws/install/info_interfaces/local/lib/python3.10/dist-packages/info_interfaces/msg/_map_s.c
[0.164s] -- Up-to-date: /home/wuqilin/ros2_ws/install/info_interfaces/local/lib/python3.10/dist-packages/info_interfaces/msg/_robot.py
[0.164s] -- Up-to-date: /home/wuqilin/ros2_ws/install/info_interfaces/local/lib/python3.10/dist-packages/info_interfaces/msg/_point.py
[0.164s] -- Up-to-date: /home/wuqilin/ros2_ws/install/info_interfaces/local/lib/python3.10/dist-packages/info_interfaces/msg/_robot_s.c
[0.164s] -- Up-to-date: /home/wuqilin/ros2_ws/install/info_interfaces/local/lib/python3.10/dist-packages/info_interfaces/msg/_point_s.c
[0.164s] -- Up-to-date: /home/wuqilin/ros2_ws/install/info_interfaces/local/lib/python3.10/dist-packages/info_interfaces/msg/_area_s.c
[0.164s] -- Up-to-date: /home/wuqilin/ros2_ws/install/info_interfaces/local/lib/python3.10/dist-packages/info_interfaces/info_interfaces_s__rosidl_typesupport_c.cpython-310-x86_64-linux-gnu.so
[0.177s] Listing '/home/wuqilin/ros2_ws/install/info_interfaces/local/lib/python3.10/dist-packages/info_interfaces'...
[0.177s] Listing '/home/wuqilin/ros2_ws/install/info_interfaces/local/lib/python3.10/dist-packages/info_interfaces/msg'...
[0.179s] -- Up-to-date: /home/wuqilin/ros2_ws/install/info_interfaces/local/lib/python3.10/dist-packages/info_interfaces/info_interfaces_s__rosidl_typesupport_fastrtps_c.cpython-310-x86_64-linux-gnu.so
[0.179s] -- Up-to-date: /home/wuqilin/ros2_ws/install/info_interfaces/local/lib/python3.10/dist-packages/info_interfaces/info_interfaces_s__rosidl_typesupport_introspection_c.cpython-310-x86_64-linux-gnu.so
[0.179s] -- Up-to-date: /home/wuqilin/ros2_ws/install/info_interfaces/local/lib/python3.10/dist-packages/info_interfaces/info_interfaces_s__rosidl_typesupport_c.cpython-310-x86_64-linux-gnu.so
[0.179s] -- Up-to-date: /home/wuqilin/ros2_ws/install/info_interfaces/lib/libinfo_interfaces__rosidl_generator_py.so
[0.179s] -- Up-to-date: /home/wuqilin/ros2_ws/install/info_interfaces/share/info_interfaces/msg/Area.idl
[0.179s] -- Up-to-date: /home/wuqilin/ros2_ws/install/info_interfaces/share/info_interfaces/msg/Map.idl
[0.179s] -- Up-to-date: /home/wuqilin/ros2_ws/install/info_interfaces/share/info_interfaces/msg/Point.idl
[0.179s] -- Up-to-date: /home/wuqilin/ros2_ws/install/info_interfaces/share/info_interfaces/msg/Robot.idl
[0.179s] -- Up-to-date: /home/wuqilin/ros2_ws/install/info_interfaces/share/info_interfaces/msg/Area.msg
[0.180s] -- Up-to-date: /home/wuqilin/ros2_ws/install/info_interfaces/share/info_interfaces/msg/Map.msg
[0.180s] -- Up-to-date: /home/wuqilin/ros2_ws/install/info_interfaces/share/info_interfaces/msg/Point.msg
[0.180s] -- Up-to-date: /home/wuqilin/ros2_ws/install/info_interfaces/share/info_interfaces/msg/Robot.msg
[0.180s] -- Up-to-date: /home/wuqilin/ros2_ws/install/info_interfaces/share/ament_index/resource_index/package_run_dependencies/info_interfaces
[0.180s] -- Up-to-date: /home/wuqilin/ros2_ws/install/info_interfaces/share/ament_index/resource_index/parent_prefix_path/info_interfaces
[0.180s] -- Up-to-date: /home/wuqilin/ros2_ws/install/info_interfaces/share/info_interfaces/environment/ament_prefix_path.sh
[0.180s] -- Up-to-date: /home/wuqilin/ros2_ws/install/info_interfaces/share/info_interfaces/environment/ament_prefix_path.dsv
[0.180s] -- Up-to-date: /home/wuqilin/ros2_ws/install/info_interfaces/share/info_interfaces/environment/path.sh
[0.180s] -- Up-to-date: /home/wuqilin/ros2_ws/install/info_interfaces/share/info_interfaces/environment/path.dsv
[0.180s] -- Up-to-date: /home/wuqilin/ros2_ws/install/info_interfaces/share/info_interfaces/local_setup.bash
[0.180s] -- Up-to-date: /home/wuqilin/ros2_ws/install/info_interfaces/share/info_interfaces/local_setup.sh
[0.180s] -- Up-to-date: /home/wuqilin/ros2_ws/install/info_interfaces/share/info_interfaces/local_setup.zsh
[0.180s] -- Up-to-date: /home/wuqilin/ros2_ws/install/info_interfaces/share/info_interfaces/local_setup.dsv
[0.180s] -- Installing: /home/wuqilin/ros2_ws/install/info_interfaces/share/info_interfaces/package.dsv
[0.180s] -- Up-to-date: /home/wuqilin/ros2_ws/install/info_interfaces/share/ament_index/resource_index/packages/info_interfaces
[0.180s] -- Up-to-date: /home/wuqilin/ros2_ws/install/info_interfaces/share/info_interfaces/cmake/export_info_interfaces__rosidl_generator_cExport.cmake
[0.180s] -- Up-to-date: /home/wuqilin/ros2_ws/install/info_interfaces/share/info_interfaces/cmake/export_info_interfaces__rosidl_generator_cExport-noconfig.cmake
[0.180s] -- Up-to-date: /home/wuqilin/ros2_ws/install/info_interfaces/share/info_interfaces/cmake/export_info_interfaces__rosidl_typesupport_fastrtps_cExport.cmake
[0.180s] -- Up-to-date: /home/wuqilin/ros2_ws/install/info_interfaces/share/info_interfaces/cmake/export_info_interfaces__rosidl_typesupport_fastrtps_cExport-noconfig.cmake
[0.180s] -- Up-to-date: /home/wuqilin/ros2_ws/install/info_interfaces/share/info_interfaces/cmake/info_interfaces__rosidl_typesupport_introspection_cExport.cmake
[0.180s] -- Up-to-date: /home/wuqilin/ros2_ws/install/info_interfaces/share/info_interfaces/cmake/info_interfaces__rosidl_typesupport_introspection_cExport-noconfig.cmake
[0.180s] -- Up-to-date: /home/wuqilin/ros2_ws/install/info_interfaces/share/info_interfaces/cmake/info_interfaces__rosidl_typesupport_cExport.cmake
[0.181s] -- Up-to-date: /home/wuqilin/ros2_ws/install/info_interfaces/share/info_interfaces/cmake/info_interfaces__rosidl_typesupport_cExport-noconfig.cmake
[0.181s] -- Up-to-date: /home/wuqilin/ros2_ws/install/info_interfaces/share/info_interfaces/cmake/export_info_interfaces__rosidl_generator_cppExport.cmake
[0.181s] -- Up-to-date: /home/wuqilin/ros2_ws/install/info_interfaces/share/info_interfaces/cmake/export_info_interfaces__rosidl_typesupport_fastrtps_cppExport.cmake
[0.181s] -- Up-to-date: /home/wuqilin/ros2_ws/install/info_interfaces/share/info_interfaces/cmake/export_info_interfaces__rosidl_typesupport_fastrtps_cppExport-noconfig.cmake
[0.181s] -- Up-to-date: /home/wuqilin/ros2_ws/install/info_interfaces/share/info_interfaces/cmake/info_interfaces__rosidl_typesupport_introspection_cppExport.cmake
[0.181s] -- Up-to-date: /home/wuqilin/ros2_ws/install/info_interfaces/share/info_interfaces/cmake/info_interfaces__rosidl_typesupport_introspection_cppExport-noconfig.cmake
[0.181s] -- Up-to-date: /home/wuqilin/ros2_ws/install/info_interfaces/share/info_interfaces/cmake/info_interfaces__rosidl_typesupport_cppExport.cmake
[0.181s] -- Up-to-date: /home/wuqilin/ros2_ws/install/info_interfaces/share/info_interfaces/cmake/info_interfaces__rosidl_typesupport_cppExport-noconfig.cmake
[0.181s] -- Up-to-date: /home/wuqilin/ros2_ws/install/info_interfaces/share/info_interfaces/cmake/export_info_interfaces__rosidl_generator_pyExport.cmake
[0.181s] -- Up-to-date: /home/wuqilin/ros2_ws/install/info_interfaces/share/info_interfaces/cmake/export_info_interfaces__rosidl_generator_pyExport-noconfig.cmake
[0.181s] -- Up-to-date: /home/wuqilin/ros2_ws/install/info_interfaces/share/info_interfaces/cmake/rosidl_cmake-extras.cmake
[0.181s] -- Up-to-date: /home/wuqilin/ros2_ws/install/info_interfaces/share/info_interfaces/cmake/ament_cmake_export_include_directories-extras.cmake
[0.181s] -- Up-to-date: /home/wuqilin/ros2_ws/install/info_interfaces/share/info_interfaces/cmake/ament_cmake_export_libraries-extras.cmake
[0.181s] -- Up-to-date: /home/wuqilin/ros2_ws/install/info_interfaces/share/info_interfaces/cmake/ament_cmake_export_targets-extras.cmake
[0.181s] -- Up-to-date: /home/wuqilin/ros2_ws/install/info_interfaces/share/info_interfaces/cmake/rosidl_cmake_export_typesupport_targets-extras.cmake
[0.181s] -- Up-to-date: /home/wuqilin/ros2_ws/install/info_interfaces/share/info_interfaces/cmake/ament_cmake_export_dependencies-extras.cmake
[0.181s] -- Up-to-date: /home/wuqilin/ros2_ws/install/info_interfaces/share/info_interfaces/cmake/rosidl_cmake_export_typesupport_libraries-extras.cmake
[0.181s] -- Up-to-date: /home/wuqilin/ros2_ws/install/info_interfaces/share/info_interfaces/cmake/info_interfacesConfig.cmake
[0.181s] -- Up-to-date: /home/wuqilin/ros2_ws/install/info_interfaces/share/info_interfaces/cmake/info_interfacesConfig-version.cmake
[0.181s] -- Up-to-date: /home/wuqilin/ros2_ws/install/info_interfaces/share/info_interfaces/package.xml
[0.183s] Invoked command in '/home/wuqilin/ros2_ws/build/info_interfaces' returned '0': CMAKE_PREFIX_PATH=${CMAKE_PREFIX_PATH}:/opt/ros/humble /usr/bin/cmake --install /home/wuqilin/ros2_ws/build/info_interfaces
