[  1%] Built target info_interfaces__cpp
[ 12%] Built target info_interfaces__rosidl_generator_c
[ 12%] Built target ament_cmake_python_copy_info_interfaces
[ 23%] Built target info_interfaces__rosidl_typesupport_cpp
[ 47%] Built target info_interfaces__rosidl_typesupport_introspection_cpp
[ 47%] Built target info_interfaces__rosidl_typesupport_fastrtps_cpp
[ 56%] Built target info_interfaces__rosidl_typesupport_c
[ 67%] Built target info_interfaces__rosidl_typesupport_introspection_c
[ 78%] Built target info_interfaces__rosidl_typesupport_fastrtps_c
[ 78%] Built target info_interfaces
[ 80%] Built target info_interfaces__py
[ 89%] Built target info_interfaces__rosidl_generator_py
[ 96%] Built target info_interfaces__rosidl_typesupport_introspection_c__pyext
[ 96%] Built target info_interfaces__rosidl_typesupport_fastrtps_c__pyext
[100%] Built target info_interfaces__rosidl_typesupport_c__pyext
running egg_info
writing info_interfaces.egg-info/PKG-INFO
writing dependency_links to info_interfaces.egg-info/dependency_links.txt
writing top-level names to info_interfaces.egg-info/top_level.txt
reading manifest file 'info_interfaces.egg-info/SOURCES.txt'
writing manifest file 'info_interfaces.egg-info/SOURCES.txt'
[100%] Built target ament_cmake_python_build_info_interfaces_egg
-- Install configuration: ""
-- Up-to-date: /home/wuqilin/ros2_ws/install/info_interfaces/share/ament_index/resource_index/rosidl_interfaces/info_interfaces
-- Up-to-date: /home/wuqilin/ros2_ws/install/info_interfaces/include/info_interfaces/info_interfaces
-- Up-to-date: /home/wuqilin/ros2_ws/install/info_interfaces/include/info_interfaces/info_interfaces/msg
-- Up-to-date: /home/wuqilin/ros2_ws/install/info_interfaces/include/info_interfaces/info_interfaces/msg/detail
-- Up-to-date: /home/wuqilin/ros2_ws/install/info_interfaces/include/info_interfaces/info_interfaces/msg/detail/point__functions.h
-- Up-to-date: /home/wuqilin/ros2_ws/install/info_interfaces/include/info_interfaces/info_interfaces/msg/detail/area__functions.c
-- Up-to-date: /home/wuqilin/ros2_ws/install/info_interfaces/include/info_interfaces/info_interfaces/msg/detail/map__type_support.h
-- Up-to-date: /home/wuqilin/ros2_ws/install/info_interfaces/include/info_interfaces/info_interfaces/msg/detail/robot__type_support.h
-- Up-to-date: /home/wuqilin/ros2_ws/install/info_interfaces/include/info_interfaces/info_interfaces/msg/detail/map__functions.h
-- Up-to-date: /home/wuqilin/ros2_ws/install/info_interfaces/include/info_interfaces/info_interfaces/msg/detail/robot__functions.h
-- Up-to-date: /home/wuqilin/ros2_ws/install/info_interfaces/include/info_interfaces/info_interfaces/msg/detail/point__struct.h
-- Up-to-date: /home/wuqilin/ros2_ws/install/info_interfaces/include/info_interfaces/info_interfaces/msg/detail/area__struct.h
-- Up-to-date: /home/wuqilin/ros2_ws/install/info_interfaces/include/info_interfaces/info_interfaces/msg/detail/area__type_support.h
-- Up-to-date: /home/wuqilin/ros2_ws/install/info_interfaces/include/info_interfaces/info_interfaces/msg/detail/map__struct.h
-- Up-to-date: /home/wuqilin/ros2_ws/install/info_interfaces/include/info_interfaces/info_interfaces/msg/detail/robot__functions.c
-- Up-to-date: /home/wuqilin/ros2_ws/install/info_interfaces/include/info_interfaces/info_interfaces/msg/detail/point__type_support.h
-- Up-to-date: /home/wuqilin/ros2_ws/install/info_interfaces/include/info_interfaces/info_interfaces/msg/detail/robot__struct.h
-- Up-to-date: /home/wuqilin/ros2_ws/install/info_interfaces/include/info_interfaces/info_interfaces/msg/detail/point__functions.c
-- Up-to-date: /home/wuqilin/ros2_ws/install/info_interfaces/include/info_interfaces/info_interfaces/msg/detail/map__functions.c
-- Up-to-date: /home/wuqilin/ros2_ws/install/info_interfaces/include/info_interfaces/info_interfaces/msg/detail/area__functions.h
-- Up-to-date: /home/wuqilin/ros2_ws/install/info_interfaces/include/info_interfaces/info_interfaces/msg/area.h
-- Up-to-date: /home/wuqilin/ros2_ws/install/info_interfaces/include/info_interfaces/info_interfaces/msg/robot.h
-- Up-to-date: /home/wuqilin/ros2_ws/install/info_interfaces/include/info_interfaces/info_interfaces/msg/point.h
-- Up-to-date: /home/wuqilin/ros2_ws/install/info_interfaces/include/info_interfaces/info_interfaces/msg/rosidl_generator_c__visibility_control.h
-- Up-to-date: /home/wuqilin/ros2_ws/install/info_interfaces/include/info_interfaces/info_interfaces/msg/map.h
-- Up-to-date: /home/wuqilin/ros2_ws/install/info_interfaces/share/info_interfaces/environment/library_path.sh
-- Up-to-date: /home/wuqilin/ros2_ws/install/info_interfaces/share/info_interfaces/environment/library_path.dsv
-- Up-to-date: /home/wuqilin/ros2_ws/install/info_interfaces/lib/libinfo_interfaces__rosidl_generator_c.so
-- Up-to-date: /home/wuqilin/ros2_ws/install/info_interfaces/include/info_interfaces/info_interfaces
-- Up-to-date: /home/wuqilin/ros2_ws/install/info_interfaces/include/info_interfaces/info_interfaces/msg
-- Up-to-date: /home/wuqilin/ros2_ws/install/info_interfaces/include/info_interfaces/info_interfaces/msg/detail
-- Up-to-date: /home/wuqilin/ros2_ws/install/info_interfaces/include/info_interfaces/info_interfaces/msg/detail/point__rosidl_typesupport_fastrtps_c.h
-- Up-to-date: /home/wuqilin/ros2_ws/install/info_interfaces/include/info_interfaces/info_interfaces/msg/detail/map__rosidl_typesupport_fastrtps_c.h
-- Up-to-date: /home/wuqilin/ros2_ws/install/info_interfaces/include/info_interfaces/info_interfaces/msg/detail/robot__rosidl_typesupport_fastrtps_c.h
-- Up-to-date: /home/wuqilin/ros2_ws/install/info_interfaces/include/info_interfaces/info_interfaces/msg/detail/area__rosidl_typesupport_fastrtps_c.h
-- Up-to-date: /home/wuqilin/ros2_ws/install/info_interfaces/include/info_interfaces/info_interfaces/msg/rosidl_typesupport_fastrtps_c__visibility_control.h
-- Up-to-date: /home/wuqilin/ros2_ws/install/info_interfaces/lib/libinfo_interfaces__rosidl_typesupport_fastrtps_c.so
-- Up-to-date: /home/wuqilin/ros2_ws/install/info_interfaces/include/info_interfaces/info_interfaces
-- Up-to-date: /home/wuqilin/ros2_ws/install/info_interfaces/include/info_interfaces/info_interfaces/msg
-- Up-to-date: /home/wuqilin/ros2_ws/install/info_interfaces/include/info_interfaces/info_interfaces/msg/detail
-- Up-to-date: /home/wuqilin/ros2_ws/install/info_interfaces/include/info_interfaces/info_interfaces/msg/detail/map__rosidl_typesupport_introspection_c.h
-- Up-to-date: /home/wuqilin/ros2_ws/install/info_interfaces/include/info_interfaces/info_interfaces/msg/detail/point__type_support.c
-- Up-to-date: /home/wuqilin/ros2_ws/install/info_interfaces/include/info_interfaces/info_interfaces/msg/detail/map__type_support.c
-- Up-to-date: /home/wuqilin/ros2_ws/install/info_interfaces/include/info_interfaces/info_interfaces/msg/detail/area__type_support.c
-- Up-to-date: /home/wuqilin/ros2_ws/install/info_interfaces/include/info_interfaces/info_interfaces/msg/detail/area__rosidl_typesupport_introspection_c.h
-- Up-to-date: /home/wuqilin/ros2_ws/install/info_interfaces/include/info_interfaces/info_interfaces/msg/detail/point__rosidl_typesupport_introspection_c.h
-- Up-to-date: /home/wuqilin/ros2_ws/install/info_interfaces/include/info_interfaces/info_interfaces/msg/detail/robot__type_support.c
-- Up-to-date: /home/wuqilin/ros2_ws/install/info_interfaces/include/info_interfaces/info_interfaces/msg/detail/robot__rosidl_typesupport_introspection_c.h
-- Up-to-date: /home/wuqilin/ros2_ws/install/info_interfaces/include/info_interfaces/info_interfaces/msg/rosidl_typesupport_introspection_c__visibility_control.h
-- Up-to-date: /home/wuqilin/ros2_ws/install/info_interfaces/lib/libinfo_interfaces__rosidl_typesupport_introspection_c.so
-- Up-to-date: /home/wuqilin/ros2_ws/install/info_interfaces/lib/libinfo_interfaces__rosidl_typesupport_c.so
-- Up-to-date: /home/wuqilin/ros2_ws/install/info_interfaces/include/info_interfaces/info_interfaces
-- Up-to-date: /home/wuqilin/ros2_ws/install/info_interfaces/include/info_interfaces/info_interfaces/msg
-- Up-to-date: /home/wuqilin/ros2_ws/install/info_interfaces/include/info_interfaces/info_interfaces/msg/detail
-- Up-to-date: /home/wuqilin/ros2_ws/install/info_interfaces/include/info_interfaces/info_interfaces/msg/detail/area__type_support.hpp
-- Up-to-date: /home/wuqilin/ros2_ws/install/info_interfaces/include/info_interfaces/info_interfaces/msg/detail/robot__builder.hpp
-- Up-to-date: /home/wuqilin/ros2_ws/install/info_interfaces/include/info_interfaces/info_interfaces/msg/detail/map__type_support.hpp
-- Up-to-date: /home/wuqilin/ros2_ws/install/info_interfaces/include/info_interfaces/info_interfaces/msg/detail/point__builder.hpp
-- Up-to-date: /home/wuqilin/ros2_ws/install/info_interfaces/include/info_interfaces/info_interfaces/msg/detail/robot__traits.hpp
-- Up-to-date: /home/wuqilin/ros2_ws/install/info_interfaces/include/info_interfaces/info_interfaces/msg/detail/robot__type_support.hpp
-- Up-to-date: /home/wuqilin/ros2_ws/install/info_interfaces/include/info_interfaces/info_interfaces/msg/detail/map__struct.hpp
-- Up-to-date: /home/wuqilin/ros2_ws/install/info_interfaces/include/info_interfaces/info_interfaces/msg/detail/point__type_support.hpp
-- Up-to-date: /home/wuqilin/ros2_ws/install/info_interfaces/include/info_interfaces/info_interfaces/msg/detail/map__builder.hpp
-- Up-to-date: /home/wuqilin/ros2_ws/install/info_interfaces/include/info_interfaces/info_interfaces/msg/detail/map__traits.hpp
-- Up-to-date: /home/wuqilin/ros2_ws/install/info_interfaces/include/info_interfaces/info_interfaces/msg/detail/robot__struct.hpp
-- Up-to-date: /home/wuqilin/ros2_ws/install/info_interfaces/include/info_interfaces/info_interfaces/msg/detail/point__traits.hpp
-- Up-to-date: /home/wuqilin/ros2_ws/install/info_interfaces/include/info_interfaces/info_interfaces/msg/detail/area__builder.hpp
-- Up-to-date: /home/wuqilin/ros2_ws/install/info_interfaces/include/info_interfaces/info_interfaces/msg/detail/point__struct.hpp
-- Up-to-date: /home/wuqilin/ros2_ws/install/info_interfaces/include/info_interfaces/info_interfaces/msg/detail/area__traits.hpp
-- Up-to-date: /home/wuqilin/ros2_ws/install/info_interfaces/include/info_interfaces/info_interfaces/msg/detail/area__struct.hpp
-- Up-to-date: /home/wuqilin/ros2_ws/install/info_interfaces/include/info_interfaces/info_interfaces/msg/area.hpp
-- Up-to-date: /home/wuqilin/ros2_ws/install/info_interfaces/include/info_interfaces/info_interfaces/msg/map.hpp
-- Up-to-date: /home/wuqilin/ros2_ws/install/info_interfaces/include/info_interfaces/info_interfaces/msg/rosidl_generator_cpp__visibility_control.hpp
-- Up-to-date: /home/wuqilin/ros2_ws/install/info_interfaces/include/info_interfaces/info_interfaces/msg/robot.hpp
-- Up-to-date: /home/wuqilin/ros2_ws/install/info_interfaces/include/info_interfaces/info_interfaces/msg/point.hpp
-- Up-to-date: /home/wuqilin/ros2_ws/install/info_interfaces/include/info_interfaces/info_interfaces
-- Up-to-date: /home/wuqilin/ros2_ws/install/info_interfaces/include/info_interfaces/info_interfaces/msg
-- Up-to-date: /home/wuqilin/ros2_ws/install/info_interfaces/include/info_interfaces/info_interfaces/msg/rosidl_typesupport_fastrtps_cpp__visibility_control.h
-- Up-to-date: /home/wuqilin/ros2_ws/install/info_interfaces/include/info_interfaces/info_interfaces/msg/detail
-- Up-to-date: /home/wuqilin/ros2_ws/install/info_interfaces/include/info_interfaces/info_interfaces/msg/detail/dds_fastrtps
-- Up-to-date: /home/wuqilin/ros2_ws/install/info_interfaces/include/info_interfaces/info_interfaces/msg/detail/area__rosidl_typesupport_fastrtps_cpp.hpp
-- Up-to-date: /home/wuqilin/ros2_ws/install/info_interfaces/include/info_interfaces/info_interfaces/msg/detail/robot__rosidl_typesupport_fastrtps_cpp.hpp
-- Up-to-date: /home/wuqilin/ros2_ws/install/info_interfaces/include/info_interfaces/info_interfaces/msg/detail/map__rosidl_typesupport_fastrtps_cpp.hpp
-- Up-to-date: /home/wuqilin/ros2_ws/install/info_interfaces/include/info_interfaces/info_interfaces/msg/detail/point__rosidl_typesupport_fastrtps_cpp.hpp
-- Up-to-date: /home/wuqilin/ros2_ws/install/info_interfaces/lib/libinfo_interfaces__rosidl_typesupport_fastrtps_cpp.so
-- Up-to-date: /home/wuqilin/ros2_ws/install/info_interfaces/include/info_interfaces/info_interfaces
-- Up-to-date: /home/wuqilin/ros2_ws/install/info_interfaces/include/info_interfaces/info_interfaces/msg
-- Up-to-date: /home/wuqilin/ros2_ws/install/info_interfaces/include/info_interfaces/info_interfaces/msg/detail
-- Up-to-date: /home/wuqilin/ros2_ws/install/info_interfaces/include/info_interfaces/info_interfaces/msg/detail/map__rosidl_typesupport_introspection_cpp.hpp
-- Up-to-date: /home/wuqilin/ros2_ws/install/info_interfaces/include/info_interfaces/info_interfaces/msg/detail/point__rosidl_typesupport_introspection_cpp.hpp
-- Up-to-date: /home/wuqilin/ros2_ws/install/info_interfaces/include/info_interfaces/info_interfaces/msg/detail/robot__rosidl_typesupport_introspection_cpp.hpp
-- Up-to-date: /home/wuqilin/ros2_ws/install/info_interfaces/include/info_interfaces/info_interfaces/msg/detail/robot__type_support.cpp
-- Up-to-date: /home/wuqilin/ros2_ws/install/info_interfaces/include/info_interfaces/info_interfaces/msg/detail/map__type_support.cpp
-- Up-to-date: /home/wuqilin/ros2_ws/install/info_interfaces/include/info_interfaces/info_interfaces/msg/detail/area__rosidl_typesupport_introspection_cpp.hpp
-- Up-to-date: /home/wuqilin/ros2_ws/install/info_interfaces/include/info_interfaces/info_interfaces/msg/detail/point__type_support.cpp
-- Up-to-date: /home/wuqilin/ros2_ws/install/info_interfaces/include/info_interfaces/info_interfaces/msg/detail/area__type_support.cpp
-- Up-to-date: /home/wuqilin/ros2_ws/install/info_interfaces/lib/libinfo_interfaces__rosidl_typesupport_introspection_cpp.so
-- Up-to-date: /home/wuqilin/ros2_ws/install/info_interfaces/lib/libinfo_interfaces__rosidl_typesupport_cpp.so
-- Up-to-date: /home/wuqilin/ros2_ws/install/info_interfaces/share/info_interfaces/environment/pythonpath.sh
-- Up-to-date: /home/wuqilin/ros2_ws/install/info_interfaces/share/info_interfaces/environment/pythonpath.dsv
-- Up-to-date: /home/wuqilin/ros2_ws/install/info_interfaces/local/lib/python3.10/dist-packages/info_interfaces-0.0.0-py3.10.egg-info
-- Installing: /home/wuqilin/ros2_ws/install/info_interfaces/local/lib/python3.10/dist-packages/info_interfaces-0.0.0-py3.10.egg-info/top_level.txt
-- Installing: /home/wuqilin/ros2_ws/install/info_interfaces/local/lib/python3.10/dist-packages/info_interfaces-0.0.0-py3.10.egg-info/SOURCES.txt
-- Installing: /home/wuqilin/ros2_ws/install/info_interfaces/local/lib/python3.10/dist-packages/info_interfaces-0.0.0-py3.10.egg-info/PKG-INFO
-- Installing: /home/wuqilin/ros2_ws/install/info_interfaces/local/lib/python3.10/dist-packages/info_interfaces-0.0.0-py3.10.egg-info/dependency_links.txt
-- Up-to-date: /home/wuqilin/ros2_ws/install/info_interfaces/local/lib/python3.10/dist-packages/info_interfaces
-- Up-to-date: /home/wuqilin/ros2_ws/install/info_interfaces/local/lib/python3.10/dist-packages/info_interfaces/__init__.py
-- Up-to-date: /home/wuqilin/ros2_ws/install/info_interfaces/local/lib/python3.10/dist-packages/info_interfaces/_info_interfaces_s.ep.rosidl_typesupport_introspection_c.c
-- Up-to-date: /home/wuqilin/ros2_ws/install/info_interfaces/local/lib/python3.10/dist-packages/info_interfaces/info_interfaces_s__rosidl_typesupport_fastrtps_c.cpython-310-x86_64-linux-gnu.so
-- Up-to-date: /home/wuqilin/ros2_ws/install/info_interfaces/local/lib/python3.10/dist-packages/info_interfaces/_info_interfaces_s.ep.rosidl_typesupport_c.c
-- Up-to-date: /home/wuqilin/ros2_ws/install/info_interfaces/local/lib/python3.10/dist-packages/info_interfaces/_info_interfaces_s.ep.rosidl_typesupport_fastrtps_c.c
-- Up-to-date: /home/wuqilin/ros2_ws/install/info_interfaces/local/lib/python3.10/dist-packages/info_interfaces/info_interfaces_s__rosidl_typesupport_introspection_c.cpython-310-x86_64-linux-gnu.so
-- Up-to-date: /home/wuqilin/ros2_ws/install/info_interfaces/local/lib/python3.10/dist-packages/info_interfaces/libinfo_interfaces__rosidl_generator_py.so
-- Up-to-date: /home/wuqilin/ros2_ws/install/info_interfaces/local/lib/python3.10/dist-packages/info_interfaces/msg
-- Up-to-date: /home/wuqilin/ros2_ws/install/info_interfaces/local/lib/python3.10/dist-packages/info_interfaces/msg/_map.py
-- Up-to-date: /home/wuqilin/ros2_ws/install/info_interfaces/local/lib/python3.10/dist-packages/info_interfaces/msg/__init__.py
-- Up-to-date: /home/wuqilin/ros2_ws/install/info_interfaces/local/lib/python3.10/dist-packages/info_interfaces/msg/_area.py
-- Up-to-date: /home/wuqilin/ros2_ws/install/info_interfaces/local/lib/python3.10/dist-packages/info_interfaces/msg/_map_s.c
-- Up-to-date: /home/wuqilin/ros2_ws/install/info_interfaces/local/lib/python3.10/dist-packages/info_interfaces/msg/_robot.py
-- Up-to-date: /home/wuqilin/ros2_ws/install/info_interfaces/local/lib/python3.10/dist-packages/info_interfaces/msg/_point.py
-- Up-to-date: /home/wuqilin/ros2_ws/install/info_interfaces/local/lib/python3.10/dist-packages/info_interfaces/msg/_robot_s.c
-- Up-to-date: /home/wuqilin/ros2_ws/install/info_interfaces/local/lib/python3.10/dist-packages/info_interfaces/msg/_point_s.c
-- Up-to-date: /home/wuqilin/ros2_ws/install/info_interfaces/local/lib/python3.10/dist-packages/info_interfaces/msg/_area_s.c
-- Up-to-date: /home/wuqilin/ros2_ws/install/info_interfaces/local/lib/python3.10/dist-packages/info_interfaces/info_interfaces_s__rosidl_typesupport_c.cpython-310-x86_64-linux-gnu.so
Listing '/home/wuqilin/ros2_ws/install/info_interfaces/local/lib/python3.10/dist-packages/info_interfaces'...
Listing '/home/wuqilin/ros2_ws/install/info_interfaces/local/lib/python3.10/dist-packages/info_interfaces/msg'...
-- Up-to-date: /home/wuqilin/ros2_ws/install/info_interfaces/local/lib/python3.10/dist-packages/info_interfaces/info_interfaces_s__rosidl_typesupport_fastrtps_c.cpython-310-x86_64-linux-gnu.so
-- Up-to-date: /home/wuqilin/ros2_ws/install/info_interfaces/local/lib/python3.10/dist-packages/info_interfaces/info_interfaces_s__rosidl_typesupport_introspection_c.cpython-310-x86_64-linux-gnu.so
-- Up-to-date: /home/wuqilin/ros2_ws/install/info_interfaces/local/lib/python3.10/dist-packages/info_interfaces/info_interfaces_s__rosidl_typesupport_c.cpython-310-x86_64-linux-gnu.so
-- Up-to-date: /home/wuqilin/ros2_ws/install/info_interfaces/lib/libinfo_interfaces__rosidl_generator_py.so
-- Up-to-date: /home/wuqilin/ros2_ws/install/info_interfaces/share/info_interfaces/msg/Area.idl
-- Up-to-date: /home/wuqilin/ros2_ws/install/info_interfaces/share/info_interfaces/msg/Map.idl
-- Up-to-date: /home/wuqilin/ros2_ws/install/info_interfaces/share/info_interfaces/msg/Point.idl
-- Up-to-date: /home/wuqilin/ros2_ws/install/info_interfaces/share/info_interfaces/msg/Robot.idl
-- Up-to-date: /home/wuqilin/ros2_ws/install/info_interfaces/share/info_interfaces/msg/Area.msg
-- Up-to-date: /home/wuqilin/ros2_ws/install/info_interfaces/share/info_interfaces/msg/Map.msg
-- Up-to-date: /home/wuqilin/ros2_ws/install/info_interfaces/share/info_interfaces/msg/Point.msg
-- Up-to-date: /home/wuqilin/ros2_ws/install/info_interfaces/share/info_interfaces/msg/Robot.msg
-- Up-to-date: /home/wuqilin/ros2_ws/install/info_interfaces/share/ament_index/resource_index/package_run_dependencies/info_interfaces
-- Up-to-date: /home/wuqilin/ros2_ws/install/info_interfaces/share/ament_index/resource_index/parent_prefix_path/info_interfaces
-- Up-to-date: /home/wuqilin/ros2_ws/install/info_interfaces/share/info_interfaces/environment/ament_prefix_path.sh
-- Up-to-date: /home/wuqilin/ros2_ws/install/info_interfaces/share/info_interfaces/environment/ament_prefix_path.dsv
-- Up-to-date: /home/wuqilin/ros2_ws/install/info_interfaces/share/info_interfaces/environment/path.sh
-- Up-to-date: /home/wuqilin/ros2_ws/install/info_interfaces/share/info_interfaces/environment/path.dsv
-- Up-to-date: /home/wuqilin/ros2_ws/install/info_interfaces/share/info_interfaces/local_setup.bash
-- Up-to-date: /home/wuqilin/ros2_ws/install/info_interfaces/share/info_interfaces/local_setup.sh
-- Up-to-date: /home/wuqilin/ros2_ws/install/info_interfaces/share/info_interfaces/local_setup.zsh
-- Up-to-date: /home/wuqilin/ros2_ws/install/info_interfaces/share/info_interfaces/local_setup.dsv
-- Installing: /home/wuqilin/ros2_ws/install/info_interfaces/share/info_interfaces/package.dsv
-- Up-to-date: /home/wuqilin/ros2_ws/install/info_interfaces/share/ament_index/resource_index/packages/info_interfaces
-- Up-to-date: /home/wuqilin/ros2_ws/install/info_interfaces/share/info_interfaces/cmake/export_info_interfaces__rosidl_generator_cExport.cmake
-- Up-to-date: /home/wuqilin/ros2_ws/install/info_interfaces/share/info_interfaces/cmake/export_info_interfaces__rosidl_generator_cExport-noconfig.cmake
-- Up-to-date: /home/wuqilin/ros2_ws/install/info_interfaces/share/info_interfaces/cmake/export_info_interfaces__rosidl_typesupport_fastrtps_cExport.cmake
-- Up-to-date: /home/wuqilin/ros2_ws/install/info_interfaces/share/info_interfaces/cmake/export_info_interfaces__rosidl_typesupport_fastrtps_cExport-noconfig.cmake
-- Up-to-date: /home/wuqilin/ros2_ws/install/info_interfaces/share/info_interfaces/cmake/info_interfaces__rosidl_typesupport_introspection_cExport.cmake
-- Up-to-date: /home/wuqilin/ros2_ws/install/info_interfaces/share/info_interfaces/cmake/info_interfaces__rosidl_typesupport_introspection_cExport-noconfig.cmake
-- Up-to-date: /home/wuqilin/ros2_ws/install/info_interfaces/share/info_interfaces/cmake/info_interfaces__rosidl_typesupport_cExport.cmake
-- Up-to-date: /home/wuqilin/ros2_ws/install/info_interfaces/share/info_interfaces/cmake/info_interfaces__rosidl_typesupport_cExport-noconfig.cmake
-- Up-to-date: /home/wuqilin/ros2_ws/install/info_interfaces/share/info_interfaces/cmake/export_info_interfaces__rosidl_generator_cppExport.cmake
-- Up-to-date: /home/wuqilin/ros2_ws/install/info_interfaces/share/info_interfaces/cmake/export_info_interfaces__rosidl_typesupport_fastrtps_cppExport.cmake
-- Up-to-date: /home/wuqilin/ros2_ws/install/info_interfaces/share/info_interfaces/cmake/export_info_interfaces__rosidl_typesupport_fastrtps_cppExport-noconfig.cmake
-- Up-to-date: /home/wuqilin/ros2_ws/install/info_interfaces/share/info_interfaces/cmake/info_interfaces__rosidl_typesupport_introspection_cppExport.cmake
-- Up-to-date: /home/wuqilin/ros2_ws/install/info_interfaces/share/info_interfaces/cmake/info_interfaces__rosidl_typesupport_introspection_cppExport-noconfig.cmake
-- Up-to-date: /home/wuqilin/ros2_ws/install/info_interfaces/share/info_interfaces/cmake/info_interfaces__rosidl_typesupport_cppExport.cmake
-- Up-to-date: /home/wuqilin/ros2_ws/install/info_interfaces/share/info_interfaces/cmake/info_interfaces__rosidl_typesupport_cppExport-noconfig.cmake
-- Up-to-date: /home/wuqilin/ros2_ws/install/info_interfaces/share/info_interfaces/cmake/export_info_interfaces__rosidl_generator_pyExport.cmake
-- Up-to-date: /home/wuqilin/ros2_ws/install/info_interfaces/share/info_interfaces/cmake/export_info_interfaces__rosidl_generator_pyExport-noconfig.cmake
-- Up-to-date: /home/wuqilin/ros2_ws/install/info_interfaces/share/info_interfaces/cmake/rosidl_cmake-extras.cmake
-- Up-to-date: /home/wuqilin/ros2_ws/install/info_interfaces/share/info_interfaces/cmake/ament_cmake_export_include_directories-extras.cmake
-- Up-to-date: /home/wuqilin/ros2_ws/install/info_interfaces/share/info_interfaces/cmake/ament_cmake_export_libraries-extras.cmake
-- Up-to-date: /home/wuqilin/ros2_ws/install/info_interfaces/share/info_interfaces/cmake/ament_cmake_export_targets-extras.cmake
-- Up-to-date: /home/wuqilin/ros2_ws/install/info_interfaces/share/info_interfaces/cmake/rosidl_cmake_export_typesupport_targets-extras.cmake
-- Up-to-date: /home/wuqilin/ros2_ws/install/info_interfaces/share/info_interfaces/cmake/ament_cmake_export_dependencies-extras.cmake
-- Up-to-date: /home/wuqilin/ros2_ws/install/info_interfaces/share/info_interfaces/cmake/rosidl_cmake_export_typesupport_libraries-extras.cmake
-- Up-to-date: /home/wuqilin/ros2_ws/install/info_interfaces/share/info_interfaces/cmake/info_interfacesConfig.cmake
-- Up-to-date: /home/wuqilin/ros2_ws/install/info_interfaces/share/info_interfaces/cmake/info_interfacesConfig-version.cmake
-- Up-to-date: /home/wuqilin/ros2_ws/install/info_interfaces/share/info_interfaces/package.xml
