[0.007s] Invoking command in '/home/wuqilin/ros2_ws/build/answer': CMAKE_PREFIX_PATH=/home/wuqilin/ros2_ws/install/info_interfaces:/home/wuqilin/ros2_ws/install/answer:/opt/ros/humble /usr/bin/cmake --build /home/wuqilin/ros2_ws/build/answer -- -j32 -l32
[0.046s] [ 50%] Built target img2map_node
[0.049s] [ 75%] [32mBuilding CXX object CMakeFiles/navigation_node.dir/src/navigation_node.cpp.o[0m
[8.195s] [100%] [32m[1mLinking CXX executable navigation_node[0m
[8.625s] [100%] Built target navigation_node
[8.629s] Invoked command in '/home/wuqilin/ros2_ws/build/answer' returned '0': CMAKE_PREFIX_PATH=/home/wuqilin/ros2_ws/install/info_interfaces:/home/wuqilin/ros2_ws/install/answer:/opt/ros/humble /usr/bin/cmake --build /home/wuqilin/ros2_ws/build/answer -- -j32 -l32
[8.631s] Invoking command in '/home/wuqilin/ros2_ws/build/answer': CMAKE_PREFIX_PATH=/home/wuqilin/ros2_ws/install/info_interfaces:/home/wuqilin/ros2_ws/install/answer:/opt/ros/humble /usr/bin/cmake --install /home/wuqilin/ros2_ws/build/answer
[8.633s] -- Install configuration: ""
[8.633s] -- Up-to-date: /home/wuqilin/ros2_ws/install/answer/lib/answer/img2map_node
[8.633s] -- Installing: /home/wuqilin/ros2_ws/install/answer/lib/answer/navigation_node
[8.638s] -- Set runtime path of "/home/wuqilin/ros2_ws/install/answer/lib/answer/navigation_node" to ""
[8.638s] -- Up-to-date: /home/wuqilin/ros2_ws/install/answer/share/answer/launch
[8.638s] -- Up-to-date: /home/wuqilin/ros2_ws/install/answer/share/answer/launch/answer.launch.py
[8.638s] -- Up-to-date: /home/wuqilin/ros2_ws/install/answer/include
[8.638s] -- Up-to-date: /home/wuqilin/ros2_ws/install/answer/include/answer
[8.638s] -- Up-to-date: /home/wuqilin/ros2_ws/install/answer/include/answer/constant.hpp
[8.638s] -- Up-to-date: /home/wuqilin/ros2_ws/install/answer/include/answer/my_serial.hpp
[8.638s] -- Up-to-date: /home/wuqilin/ros2_ws/install/answer/include/answer/img2map_node.hpp
[8.638s] -- Up-to-date: /home/wuqilin/ros2_ws/install/answer/include/answer/serial.hpp
[8.638s] -- Up-to-date: /home/wuqilin/ros2_ws/install/answer/include/answer/navigation_node.hpp
[8.638s] -- Up-to-date: /home/wuqilin/ros2_ws/install/answer/lib/answer/img2map_node
[8.639s] -- Up-to-date: /home/wuqilin/ros2_ws/install/answer/lib/answer/navigation_node
[8.639s] -- Up-to-date: /home/wuqilin/ros2_ws/install/answer/share/ament_index/resource_index/package_run_dependencies/answer
[8.639s] -- Up-to-date: /home/wuqilin/ros2_ws/install/answer/share/ament_index/resource_index/parent_prefix_path/answer
[8.639s] -- Up-to-date: /home/wuqilin/ros2_ws/install/answer/share/answer/environment/ament_prefix_path.sh
[8.639s] -- Up-to-date: /home/wuqilin/ros2_ws/install/answer/share/answer/environment/ament_prefix_path.dsv
[8.639s] -- Up-to-date: /home/wuqilin/ros2_ws/install/answer/share/answer/environment/path.sh
[8.639s] -- Up-to-date: /home/wuqilin/ros2_ws/install/answer/share/answer/environment/path.dsv
[8.639s] -- Up-to-date: /home/wuqilin/ros2_ws/install/answer/share/answer/local_setup.bash
[8.639s] -- Up-to-date: /home/wuqilin/ros2_ws/install/answer/share/answer/local_setup.sh
[8.639s] -- Up-to-date: /home/wuqilin/ros2_ws/install/answer/share/answer/local_setup.zsh
[8.639s] -- Up-to-date: /home/wuqilin/ros2_ws/install/answer/share/answer/local_setup.dsv
[8.639s] -- Installing: /home/wuqilin/ros2_ws/install/answer/share/answer/package.dsv
[8.639s] -- Up-to-date: /home/wuqilin/ros2_ws/install/answer/share/ament_index/resource_index/packages/answer
[8.639s] -- Up-to-date: /home/wuqilin/ros2_ws/install/answer/share/answer/cmake/ament_cmake_export_dependencies-extras.cmake
[8.639s] -- Up-to-date: /home/wuqilin/ros2_ws/install/answer/share/answer/cmake/ament_cmake_export_include_directories-extras.cmake
[8.639s] -- Up-to-date: /home/wuqilin/ros2_ws/install/answer/share/answer/cmake/answerConfig.cmake
[8.639s] -- Up-to-date: /home/wuqilin/ros2_ws/install/answer/share/answer/cmake/answerConfig-version.cmake
[8.639s] -- Up-to-date: /home/wuqilin/ros2_ws/install/answer/share/answer/package.xml
[8.640s] Invoked command in '/home/wuqilin/ros2_ws/build/answer' returned '0': CMAKE_PREFIX_PATH=/home/wuqilin/ros2_ws/install/info_interfaces:/home/wuqilin/ros2_ws/install/answer:/opt/ros/humble /usr/bin/cmake --install /home/wuqilin/ros2_ws/build/answer
