[0.050s] DEBUG:colcon:Command line arguments: ['/usr/bin/colcon', 'build']
[0.050s] DEBUG:colcon:Parsed command line arguments: Namespace(log_base=None, log_level=None, verb_name='build', build_base='build', install_base='install', merge_install=False, symlink_install=False, test_result_base=None, continue_on_error=False, executor='parallel', parallel_workers=32, event_handlers=None, ignore_user_meta=False, metas=['./colcon.meta'], base_paths=['.'], packages_ignore=None, packages_ignore_regex=None, paths=None, packages_up_to=None, packages_up_to_regex=None, packages_above=None, packages_above_and_dependencies=None, packages_above_depth=None, packages_select_by_dep=None, packages_skip_by_dep=None, packages_skip_up_to=None, packages_select_build_failed=False, packages_skip_build_finished=False, packages_select_test_failures=False, packages_skip_test_passed=False, packages_select=None, packages_skip=None, packages_select_regex=None, packages_skip_regex=None, packages_start=None, packages_end=None, allow_overriding=[], cmake_args=None, cmake_target=None, cmake_target_skip_unavailable=False, cmake_clean_cache=False, cmake_clean_first=False, cmake_force_configure=False, ament_cmake_args=None, catkin_cmake_args=None, catkin_skip_building_tests=False, verb_parser=<colcon_defaults.argument_parser.defaults.DefaultArgumentsDecorator object at 0x7f2f6c333250>, verb_extension=<colcon_core.verb.build.BuildVerb object at 0x7f2f6c332e00>, main=<bound method BuildVerb.main of <colcon_core.verb.build.BuildVerb object at 0x7f2f6c332e00>>)
[0.123s] Level 1:colcon.colcon_core.package_discovery:discover_packages(colcon_meta) check parameters
[0.123s] Level 1:colcon.colcon_core.package_discovery:discover_packages(recursive) check parameters
[0.123s] Level 1:colcon.colcon_core.package_discovery:discover_packages(ignore) check parameters
[0.123s] Level 1:colcon.colcon_core.package_discovery:discover_packages(path) check parameters
[0.123s] Level 1:colcon.colcon_core.package_discovery:discover_packages(colcon_meta) discover
[0.123s] Level 1:colcon.colcon_core.package_discovery:discover_packages(recursive) discover
[0.123s] INFO:colcon.colcon_core.package_discovery:Crawling recursively for packages in '/home/wuqilin/ros2_ws'
[0.123s] Level 1:colcon.colcon_core.package_identification:_identify(.) by extensions ['ignore', 'ignore_ament_install']
[0.123s] Level 1:colcon.colcon_core.package_identification:_identify(.) by extension 'ignore'
[0.123s] Level 1:colcon.colcon_core.package_identification:_identify(.) by extension 'ignore_ament_install'
[0.123s] Level 1:colcon.colcon_core.package_identification:_identify(.) by extensions ['colcon_pkg']
[0.123s] Level 1:colcon.colcon_core.package_identification:_identify(.) by extension 'colcon_pkg'
[0.123s] Level 1:colcon.colcon_core.package_identification:_identify(.) by extensions ['colcon_meta']
[0.123s] Level 1:colcon.colcon_core.package_identification:_identify(.) by extension 'colcon_meta'
[0.123s] Level 1:colcon.colcon_core.package_identification:_identify(.) by extensions ['ros']
[0.123s] Level 1:colcon.colcon_core.package_identification:_identify(.) by extension 'ros'
[0.128s] Level 1:colcon.colcon_core.package_identification:_identify(.) by extensions ['cmake', 'python']
[0.128s] Level 1:colcon.colcon_core.package_identification:_identify(.) by extension 'cmake'
[0.128s] Level 1:colcon.colcon_core.package_identification:_identify(.) by extension 'python'
[0.128s] Level 1:colcon.colcon_core.package_identification:_identify(.) by extensions ['python_setup_py']
[0.128s] Level 1:colcon.colcon_core.package_identification:_identify(.) by extension 'python_setup_py'
[0.128s] Level 1:colcon.colcon_core.package_identification:_identify(build) by extensions ['ignore', 'ignore_ament_install']
[0.129s] Level 1:colcon.colcon_core.package_identification:_identify(build) by extension 'ignore'
[0.129s] Level 1:colcon.colcon_core.package_identification:_identify(build) ignored
[0.129s] Level 1:colcon.colcon_core.package_identification:_identify(install) by extensions ['ignore', 'ignore_ament_install']
[0.129s] Level 1:colcon.colcon_core.package_identification:_identify(install) by extension 'ignore'
[0.129s] Level 1:colcon.colcon_core.package_identification:_identify(install) ignored
[0.129s] Level 1:colcon.colcon_core.package_identification:_identify(log) by extensions ['ignore', 'ignore_ament_install']
[0.129s] Level 1:colcon.colcon_core.package_identification:_identify(log) by extension 'ignore'
[0.129s] Level 1:colcon.colcon_core.package_identification:_identify(log) ignored
[0.129s] Level 1:colcon.colcon_core.package_identification:_identify(src) by extensions ['ignore', 'ignore_ament_install']
[0.129s] Level 1:colcon.colcon_core.package_identification:_identify(src) by extension 'ignore'
[0.129s] Level 1:colcon.colcon_core.package_identification:_identify(src) by extension 'ignore_ament_install'
[0.129s] Level 1:colcon.colcon_core.package_identification:_identify(src) by extensions ['colcon_pkg']
[0.129s] Level 1:colcon.colcon_core.package_identification:_identify(src) by extension 'colcon_pkg'
[0.129s] Level 1:colcon.colcon_core.package_identification:_identify(src) by extensions ['colcon_meta']
[0.129s] Level 1:colcon.colcon_core.package_identification:_identify(src) by extension 'colcon_meta'
[0.129s] Level 1:colcon.colcon_core.package_identification:_identify(src) by extensions ['ros']
[0.129s] Level 1:colcon.colcon_core.package_identification:_identify(src) by extension 'ros'
[0.129s] Level 1:colcon.colcon_core.package_identification:_identify(src) by extensions ['cmake', 'python']
[0.129s] Level 1:colcon.colcon_core.package_identification:_identify(src) by extension 'cmake'
[0.129s] Level 1:colcon.colcon_core.package_identification:_identify(src) by extension 'python'
[0.129s] Level 1:colcon.colcon_core.package_identification:_identify(src) by extensions ['python_setup_py']
[0.129s] Level 1:colcon.colcon_core.package_identification:_identify(src) by extension 'python_setup_py'
[0.129s] Level 1:colcon.colcon_core.package_identification:_identify(src/answer) by extensions ['ignore', 'ignore_ament_install']
[0.129s] Level 1:colcon.colcon_core.package_identification:_identify(src/answer) by extension 'ignore'
[0.129s] Level 1:colcon.colcon_core.package_identification:_identify(src/answer) by extension 'ignore_ament_install'
[0.129s] Level 1:colcon.colcon_core.package_identification:_identify(src/answer) by extensions ['colcon_pkg']
[0.129s] Level 1:colcon.colcon_core.package_identification:_identify(src/answer) by extension 'colcon_pkg'
[0.129s] Level 1:colcon.colcon_core.package_identification:_identify(src/answer) by extensions ['colcon_meta']
[0.129s] Level 1:colcon.colcon_core.package_identification:_identify(src/answer) by extension 'colcon_meta'
[0.129s] Level 1:colcon.colcon_core.package_identification:_identify(src/answer) by extensions ['ros']
[0.129s] Level 1:colcon.colcon_core.package_identification:_identify(src/answer) by extension 'ros'
[0.131s] DEBUG:colcon.colcon_core.package_identification:Package 'src/answer' with type 'ros.ament_cmake' and name 'answer'
[0.131s] Level 1:colcon.colcon_core.package_identification:_identify(src/info_interfaces) by extensions ['ignore', 'ignore_ament_install']
[0.131s] Level 1:colcon.colcon_core.package_identification:_identify(src/info_interfaces) by extension 'ignore'
[0.131s] Level 1:colcon.colcon_core.package_identification:_identify(src/info_interfaces) by extension 'ignore_ament_install'
[0.131s] Level 1:colcon.colcon_core.package_identification:_identify(src/info_interfaces) by extensions ['colcon_pkg']
[0.131s] Level 1:colcon.colcon_core.package_identification:_identify(src/info_interfaces) by extension 'colcon_pkg'
[0.131s] Level 1:colcon.colcon_core.package_identification:_identify(src/info_interfaces) by extensions ['colcon_meta']
[0.131s] Level 1:colcon.colcon_core.package_identification:_identify(src/info_interfaces) by extension 'colcon_meta'
[0.131s] Level 1:colcon.colcon_core.package_identification:_identify(src/info_interfaces) by extensions ['ros']
[0.131s] Level 1:colcon.colcon_core.package_identification:_identify(src/info_interfaces) by extension 'ros'
[0.131s] DEBUG:colcon.colcon_core.package_identification:Package 'src/info_interfaces' with type 'ros.ament_cmake' and name 'info_interfaces'
[0.131s] Level 1:colcon.colcon_core.package_identification:_identify(src/release) by extensions ['ignore', 'ignore_ament_install']
[0.132s] Level 1:colcon.colcon_core.package_identification:_identify(src/release) by extension 'ignore'
[0.132s] Level 1:colcon.colcon_core.package_identification:_identify(src/release) by extension 'ignore_ament_install'
[0.132s] Level 1:colcon.colcon_core.package_identification:_identify(src/release) by extensions ['colcon_pkg']
[0.132s] Level 1:colcon.colcon_core.package_identification:_identify(src/release) by extension 'colcon_pkg'
[0.132s] Level 1:colcon.colcon_core.package_identification:_identify(src/release) by extensions ['colcon_meta']
[0.132s] Level 1:colcon.colcon_core.package_identification:_identify(src/release) by extension 'colcon_meta'
[0.132s] Level 1:colcon.colcon_core.package_identification:_identify(src/release) by extensions ['ros']
[0.132s] Level 1:colcon.colcon_core.package_identification:_identify(src/release) by extension 'ros'
[0.132s] Level 1:colcon.colcon_core.package_identification:_identify(src/release) by extensions ['cmake', 'python']
[0.132s] Level 1:colcon.colcon_core.package_identification:_identify(src/release) by extension 'cmake'
[0.132s] Level 1:colcon.colcon_core.package_identification:_identify(src/release) by extension 'python'
[0.132s] Level 1:colcon.colcon_core.package_identification:_identify(src/release) by extensions ['python_setup_py']
[0.132s] Level 1:colcon.colcon_core.package_identification:_identify(src/release) by extension 'python_setup_py'
[0.132s] Level 1:colcon.colcon_core.package_discovery:discover_packages(recursive) using defaults
[0.132s] Level 1:colcon.colcon_core.package_discovery:discover_packages(ignore) discover
[0.132s] Level 1:colcon.colcon_core.package_discovery:discover_packages(ignore) using defaults
[0.132s] Level 1:colcon.colcon_core.package_discovery:discover_packages(path) discover
[0.132s] Level 1:colcon.colcon_core.package_discovery:discover_packages(path) using defaults
[0.143s] Level 1:colcon.colcon_core.package_discovery:discover_packages(prefix_path) check parameters
[0.143s] Level 1:colcon.colcon_core.package_discovery:discover_packages(prefix_path) discover
[0.144s] DEBUG:colcon.colcon_installed_package_information.package_discovery:Found 2 installed packages in /home/wuqilin/ros2_ws/install
[0.145s] DEBUG:colcon.colcon_installed_package_information.package_discovery:Found 272 installed packages in /opt/ros/humble
[0.151s] Level 1:colcon.colcon_core.package_discovery:discover_packages(prefix_path) using defaults
[0.167s] Level 5:colcon.colcon_core.verb:set package 'info_interfaces' build argument 'cmake_args' from command line to 'None'
[0.167s] Level 5:colcon.colcon_core.verb:set package 'info_interfaces' build argument 'cmake_target' from command line to 'None'
[0.167s] Level 5:colcon.colcon_core.verb:set package 'info_interfaces' build argument 'cmake_target_skip_unavailable' from command line to 'False'
[0.167s] Level 5:colcon.colcon_core.verb:set package 'info_interfaces' build argument 'cmake_clean_cache' from command line to 'False'
[0.167s] Level 5:colcon.colcon_core.verb:set package 'info_interfaces' build argument 'cmake_clean_first' from command line to 'False'
[0.167s] Level 5:colcon.colcon_core.verb:set package 'info_interfaces' build argument 'cmake_force_configure' from command line to 'False'
[0.167s] Level 5:colcon.colcon_core.verb:set package 'info_interfaces' build argument 'ament_cmake_args' from command line to 'None'
[0.168s] Level 5:colcon.colcon_core.verb:set package 'info_interfaces' build argument 'catkin_cmake_args' from command line to 'None'
[0.168s] Level 5:colcon.colcon_core.verb:set package 'info_interfaces' build argument 'catkin_skip_building_tests' from command line to 'False'
[0.168s] DEBUG:colcon.colcon_core.verb:Building package 'info_interfaces' with the following arguments: {'ament_cmake_args': None, 'build_base': '/home/wuqilin/ros2_ws/build/info_interfaces', 'catkin_cmake_args': None, 'catkin_skip_building_tests': False, 'cmake_args': None, 'cmake_clean_cache': False, 'cmake_clean_first': False, 'cmake_force_configure': False, 'cmake_target': None, 'cmake_target_skip_unavailable': False, 'install_base': '/home/wuqilin/ros2_ws/install/info_interfaces', 'merge_install': False, 'path': '/home/wuqilin/ros2_ws/src/info_interfaces', 'symlink_install': False, 'test_result_base': None}
[0.168s] Level 5:colcon.colcon_core.verb:set package 'answer' build argument 'cmake_args' from command line to 'None'
[0.168s] Level 5:colcon.colcon_core.verb:set package 'answer' build argument 'cmake_target' from command line to 'None'
[0.168s] Level 5:colcon.colcon_core.verb:set package 'answer' build argument 'cmake_target_skip_unavailable' from command line to 'False'
[0.168s] Level 5:colcon.colcon_core.verb:set package 'answer' build argument 'cmake_clean_cache' from command line to 'False'
[0.168s] Level 5:colcon.colcon_core.verb:set package 'answer' build argument 'cmake_clean_first' from command line to 'False'
[0.168s] Level 5:colcon.colcon_core.verb:set package 'answer' build argument 'cmake_force_configure' from command line to 'False'
[0.168s] Level 5:colcon.colcon_core.verb:set package 'answer' build argument 'ament_cmake_args' from command line to 'None'
[0.168s] Level 5:colcon.colcon_core.verb:set package 'answer' build argument 'catkin_cmake_args' from command line to 'None'
[0.168s] Level 5:colcon.colcon_core.verb:set package 'answer' build argument 'catkin_skip_building_tests' from command line to 'False'
[0.168s] DEBUG:colcon.colcon_core.verb:Building package 'answer' with the following arguments: {'ament_cmake_args': None, 'build_base': '/home/wuqilin/ros2_ws/build/answer', 'catkin_cmake_args': None, 'catkin_skip_building_tests': False, 'cmake_args': None, 'cmake_clean_cache': False, 'cmake_clean_first': False, 'cmake_force_configure': False, 'cmake_target': None, 'cmake_target_skip_unavailable': False, 'install_base': '/home/wuqilin/ros2_ws/install/answer', 'merge_install': False, 'path': '/home/wuqilin/ros2_ws/src/answer', 'symlink_install': False, 'test_result_base': None}
[0.168s] INFO:colcon.colcon_core.executor:Executing jobs using 'parallel' executor
[0.169s] DEBUG:colcon.colcon_parallel_executor.executor.parallel:run_until_complete
[0.169s] INFO:colcon.colcon_ros.task.ament_cmake.build:Building ROS package in '/home/wuqilin/ros2_ws/src/info_interfaces' with build type 'ament_cmake'
[0.169s] INFO:colcon.colcon_cmake.task.cmake.build:Building CMake package in '/home/wuqilin/ros2_ws/src/info_interfaces'
[0.170s] INFO:colcon.colcon_core.plugin_system:Skipping extension 'colcon_core.shell.bat': Not used on non-Windows systems
[0.170s] INFO:colcon.colcon_core.shell:Skip shell extension 'powershell' for command environment: Not usable outside of PowerShell
[0.170s] DEBUG:colcon.colcon_core.shell:Skip shell extension 'dsv' for command environment
[0.175s] DEBUG:colcon.colcon_core.event_handler.log_command:Invoking command in '/home/wuqilin/ros2_ws/build/info_interfaces': CMAKE_PREFIX_PATH=${CMAKE_PREFIX_PATH}:/opt/ros/humble /usr/bin/cmake --build /home/wuqilin/ros2_ws/build/info_interfaces -- -j32 -l32
[0.344s] DEBUG:colcon.colcon_core.event_handler.log_command:Invoked command in '/home/wuqilin/ros2_ws/build/info_interfaces' returned '0': CMAKE_PREFIX_PATH=${CMAKE_PREFIX_PATH}:/opt/ros/humble /usr/bin/cmake --build /home/wuqilin/ros2_ws/build/info_interfaces -- -j32 -l32
[0.347s] DEBUG:colcon.colcon_core.event_handler.log_command:Invoking command in '/home/wuqilin/ros2_ws/build/info_interfaces': CMAKE_PREFIX_PATH=${CMAKE_PREFIX_PATH}:/opt/ros/humble /usr/bin/cmake --install /home/wuqilin/ros2_ws/build/info_interfaces
[0.383s] Level 1:colcon.colcon_core.environment:create_environment_scripts_only(info_interfaces)
[0.384s] DEBUG:colcon.colcon_core.event_handler.log_command:Invoked command in '/home/wuqilin/ros2_ws/build/info_interfaces' returned '0': CMAKE_PREFIX_PATH=${CMAKE_PREFIX_PATH}:/opt/ros/humble /usr/bin/cmake --install /home/wuqilin/ros2_ws/build/info_interfaces
[0.385s] Level 1:colcon.colcon_core.environment:checking '/home/wuqilin/ros2_ws/install/info_interfaces' for CMake module files
[0.385s] Level 1:colcon.colcon_core.environment:checking '/home/wuqilin/ros2_ws/install/info_interfaces' for CMake config files
[0.385s] Level 1:colcon.colcon_core.shell:create_environment_hook('info_interfaces', 'cmake_prefix_path')
[0.385s] INFO:colcon.colcon_core.shell:Creating environment hook '/home/wuqilin/ros2_ws/install/info_interfaces/share/info_interfaces/hook/cmake_prefix_path.ps1'
[0.386s] INFO:colcon.colcon_core.shell:Creating environment descriptor '/home/wuqilin/ros2_ws/install/info_interfaces/share/info_interfaces/hook/cmake_prefix_path.dsv'
[0.386s] INFO:colcon.colcon_core.shell:Creating environment hook '/home/wuqilin/ros2_ws/install/info_interfaces/share/info_interfaces/hook/cmake_prefix_path.sh'
[0.386s] Level 1:colcon.colcon_core.environment:checking '/home/wuqilin/ros2_ws/install/info_interfaces/lib'
[0.386s] Level 1:colcon.colcon_core.shell:create_environment_hook('info_interfaces', 'ld_library_path_lib')
[0.386s] INFO:colcon.colcon_core.shell:Creating environment hook '/home/wuqilin/ros2_ws/install/info_interfaces/share/info_interfaces/hook/ld_library_path_lib.ps1'
[0.387s] INFO:colcon.colcon_core.shell:Creating environment descriptor '/home/wuqilin/ros2_ws/install/info_interfaces/share/info_interfaces/hook/ld_library_path_lib.dsv'
[0.387s] INFO:colcon.colcon_core.shell:Creating environment hook '/home/wuqilin/ros2_ws/install/info_interfaces/share/info_interfaces/hook/ld_library_path_lib.sh'
[0.387s] Level 1:colcon.colcon_core.environment:checking '/home/wuqilin/ros2_ws/install/info_interfaces/bin'
[0.387s] Level 1:colcon.colcon_core.environment:checking '/home/wuqilin/ros2_ws/install/info_interfaces/lib/pkgconfig/info_interfaces.pc'
[0.387s] Level 1:colcon.colcon_core.environment:checking '/home/wuqilin/ros2_ws/install/info_interfaces/lib/python3.10/site-packages'
[0.387s] Level 1:colcon.colcon_core.environment:checking '/home/wuqilin/ros2_ws/install/info_interfaces/bin'
[0.387s] INFO:colcon.colcon_core.shell:Creating package script '/home/wuqilin/ros2_ws/install/info_interfaces/share/info_interfaces/package.ps1'
[0.388s] INFO:colcon.colcon_core.shell:Creating package descriptor '/home/wuqilin/ros2_ws/install/info_interfaces/share/info_interfaces/package.dsv'
[0.388s] INFO:colcon.colcon_core.shell:Creating package script '/home/wuqilin/ros2_ws/install/info_interfaces/share/info_interfaces/package.sh'
[0.388s] INFO:colcon.colcon_core.shell:Creating package script '/home/wuqilin/ros2_ws/install/info_interfaces/share/info_interfaces/package.bash'
[0.388s] INFO:colcon.colcon_core.shell:Creating package script '/home/wuqilin/ros2_ws/install/info_interfaces/share/info_interfaces/package.zsh'
[0.389s] Level 1:colcon.colcon_core.environment:create_file_with_runtime_dependencies(/home/wuqilin/ros2_ws/install/info_interfaces/share/colcon-core/packages/info_interfaces)
[0.389s] Level 1:colcon.colcon_core.environment:create_environment_scripts_only(info_interfaces)
[0.389s] Level 1:colcon.colcon_core.environment:checking '/home/wuqilin/ros2_ws/install/info_interfaces' for CMake module files
[0.389s] Level 1:colcon.colcon_core.environment:checking '/home/wuqilin/ros2_ws/install/info_interfaces' for CMake config files
[0.390s] Level 1:colcon.colcon_core.shell:create_environment_hook('info_interfaces', 'cmake_prefix_path')
[0.390s] INFO:colcon.colcon_core.shell:Creating environment hook '/home/wuqilin/ros2_ws/install/info_interfaces/share/info_interfaces/hook/cmake_prefix_path.ps1'
[0.390s] INFO:colcon.colcon_core.shell:Creating environment descriptor '/home/wuqilin/ros2_ws/install/info_interfaces/share/info_interfaces/hook/cmake_prefix_path.dsv'
[0.390s] INFO:colcon.colcon_core.shell:Creating environment hook '/home/wuqilin/ros2_ws/install/info_interfaces/share/info_interfaces/hook/cmake_prefix_path.sh'
[0.390s] Level 1:colcon.colcon_core.environment:checking '/home/wuqilin/ros2_ws/install/info_interfaces/lib'
[0.391s] Level 1:colcon.colcon_core.shell:create_environment_hook('info_interfaces', 'ld_library_path_lib')
[0.391s] INFO:colcon.colcon_core.shell:Creating environment hook '/home/wuqilin/ros2_ws/install/info_interfaces/share/info_interfaces/hook/ld_library_path_lib.ps1'
[0.391s] INFO:colcon.colcon_core.shell:Creating environment descriptor '/home/wuqilin/ros2_ws/install/info_interfaces/share/info_interfaces/hook/ld_library_path_lib.dsv'
[0.391s] INFO:colcon.colcon_core.shell:Creating environment hook '/home/wuqilin/ros2_ws/install/info_interfaces/share/info_interfaces/hook/ld_library_path_lib.sh'
[0.391s] Level 1:colcon.colcon_core.environment:checking '/home/wuqilin/ros2_ws/install/info_interfaces/bin'
[0.391s] Level 1:colcon.colcon_core.environment:checking '/home/wuqilin/ros2_ws/install/info_interfaces/lib/pkgconfig/info_interfaces.pc'
[0.391s] Level 1:colcon.colcon_core.environment:checking '/home/wuqilin/ros2_ws/install/info_interfaces/lib/python3.10/site-packages'
[0.391s] Level 1:colcon.colcon_core.environment:checking '/home/wuqilin/ros2_ws/install/info_interfaces/bin'
[0.392s] INFO:colcon.colcon_core.shell:Creating package script '/home/wuqilin/ros2_ws/install/info_interfaces/share/info_interfaces/package.ps1'
[0.392s] INFO:colcon.colcon_core.shell:Creating package descriptor '/home/wuqilin/ros2_ws/install/info_interfaces/share/info_interfaces/package.dsv'
[0.392s] INFO:colcon.colcon_core.shell:Creating package script '/home/wuqilin/ros2_ws/install/info_interfaces/share/info_interfaces/package.sh'
[0.392s] INFO:colcon.colcon_core.shell:Creating package script '/home/wuqilin/ros2_ws/install/info_interfaces/share/info_interfaces/package.bash'
[0.393s] INFO:colcon.colcon_core.shell:Creating package script '/home/wuqilin/ros2_ws/install/info_interfaces/share/info_interfaces/package.zsh'
[0.393s] Level 1:colcon.colcon_core.environment:create_file_with_runtime_dependencies(/home/wuqilin/ros2_ws/install/info_interfaces/share/colcon-core/packages/info_interfaces)
[0.393s] INFO:colcon.colcon_ros.task.ament_cmake.build:Building ROS package in '/home/wuqilin/ros2_ws/src/answer' with build type 'ament_cmake'
[0.393s] INFO:colcon.colcon_cmake.task.cmake.build:Building CMake package in '/home/wuqilin/ros2_ws/src/answer'
[0.393s] INFO:colcon.colcon_core.shell:Skip shell extension 'powershell' for command environment: Not usable outside of PowerShell
[0.393s] DEBUG:colcon.colcon_core.shell:Skip shell extension 'dsv' for command environment
[0.402s] DEBUG:colcon.colcon_core.event_handler.log_command:Invoking command in '/home/wuqilin/ros2_ws/build/answer': CMAKE_PREFIX_PATH=/home/wuqilin/ros2_ws/install/info_interfaces:/home/wuqilin/ros2_ws/install/answer:/opt/ros/humble /usr/bin/cmake --build /home/wuqilin/ros2_ws/build/answer -- -j32 -l32
[0.451s] DEBUG:colcon.colcon_core.event_handler.log_command:Invoked command in '/home/wuqilin/ros2_ws/build/answer' returned '0': CMAKE_PREFIX_PATH=/home/wuqilin/ros2_ws/install/info_interfaces:/home/wuqilin/ros2_ws/install/answer:/opt/ros/humble /usr/bin/cmake --build /home/wuqilin/ros2_ws/build/answer -- -j32 -l32
[0.454s] DEBUG:colcon.colcon_core.event_handler.log_command:Invoking command in '/home/wuqilin/ros2_ws/build/answer': CMAKE_PREFIX_PATH=/home/wuqilin/ros2_ws/install/info_interfaces:/home/wuqilin/ros2_ws/install/answer:/opt/ros/humble /usr/bin/cmake --install /home/wuqilin/ros2_ws/build/answer
[0.461s] Level 1:colcon.colcon_core.environment:create_environment_scripts_only(answer)
[0.461s] DEBUG:colcon.colcon_core.event_handler.log_command:Invoked command in '/home/wuqilin/ros2_ws/build/answer' returned '0': CMAKE_PREFIX_PATH=/home/wuqilin/ros2_ws/install/info_interfaces:/home/wuqilin/ros2_ws/install/answer:/opt/ros/humble /usr/bin/cmake --install /home/wuqilin/ros2_ws/build/answer
[0.462s] Level 1:colcon.colcon_core.environment:checking '/home/wuqilin/ros2_ws/install/answer' for CMake module files
[0.463s] Level 1:colcon.colcon_core.environment:checking '/home/wuqilin/ros2_ws/install/answer' for CMake config files
[0.463s] Level 1:colcon.colcon_core.shell:create_environment_hook('answer', 'cmake_prefix_path')
[0.463s] INFO:colcon.colcon_core.shell:Creating environment hook '/home/wuqilin/ros2_ws/install/answer/share/answer/hook/cmake_prefix_path.ps1'
[0.464s] INFO:colcon.colcon_core.shell:Creating environment descriptor '/home/wuqilin/ros2_ws/install/answer/share/answer/hook/cmake_prefix_path.dsv'
[0.464s] INFO:colcon.colcon_core.shell:Creating environment hook '/home/wuqilin/ros2_ws/install/answer/share/answer/hook/cmake_prefix_path.sh'
[0.465s] Level 1:colcon.colcon_core.environment:checking '/home/wuqilin/ros2_ws/install/answer/lib'
[0.465s] Level 1:colcon.colcon_core.environment:checking '/home/wuqilin/ros2_ws/install/answer/bin'
[0.465s] Level 1:colcon.colcon_core.environment:checking '/home/wuqilin/ros2_ws/install/answer/lib/pkgconfig/answer.pc'
[0.465s] Level 1:colcon.colcon_core.environment:checking '/home/wuqilin/ros2_ws/install/answer/lib/python3.10/site-packages'
[0.465s] Level 1:colcon.colcon_core.environment:checking '/home/wuqilin/ros2_ws/install/answer/bin'
[0.465s] INFO:colcon.colcon_core.shell:Creating package script '/home/wuqilin/ros2_ws/install/answer/share/answer/package.ps1'
[0.466s] INFO:colcon.colcon_core.shell:Creating package descriptor '/home/wuqilin/ros2_ws/install/answer/share/answer/package.dsv'
[0.466s] INFO:colcon.colcon_core.shell:Creating package script '/home/wuqilin/ros2_ws/install/answer/share/answer/package.sh'
[0.466s] INFO:colcon.colcon_core.shell:Creating package script '/home/wuqilin/ros2_ws/install/answer/share/answer/package.bash'
[0.466s] INFO:colcon.colcon_core.shell:Creating package script '/home/wuqilin/ros2_ws/install/answer/share/answer/package.zsh'
[0.466s] Level 1:colcon.colcon_core.environment:create_file_with_runtime_dependencies(/home/wuqilin/ros2_ws/install/answer/share/colcon-core/packages/answer)
[0.467s] Level 1:colcon.colcon_core.environment:create_environment_scripts_only(answer)
[0.467s] Level 1:colcon.colcon_core.environment:checking '/home/wuqilin/ros2_ws/install/answer' for CMake module files
[0.468s] Level 1:colcon.colcon_core.environment:checking '/home/wuqilin/ros2_ws/install/answer' for CMake config files
[0.468s] Level 1:colcon.colcon_core.shell:create_environment_hook('answer', 'cmake_prefix_path')
[0.468s] INFO:colcon.colcon_core.shell:Creating environment hook '/home/wuqilin/ros2_ws/install/answer/share/answer/hook/cmake_prefix_path.ps1'
[0.468s] INFO:colcon.colcon_core.shell:Creating environment descriptor '/home/wuqilin/ros2_ws/install/answer/share/answer/hook/cmake_prefix_path.dsv'
[0.468s] INFO:colcon.colcon_core.shell:Creating environment hook '/home/wuqilin/ros2_ws/install/answer/share/answer/hook/cmake_prefix_path.sh'
[0.469s] Level 1:colcon.colcon_core.environment:checking '/home/wuqilin/ros2_ws/install/answer/lib'
[0.469s] Level 1:colcon.colcon_core.environment:checking '/home/wuqilin/ros2_ws/install/answer/bin'
[0.469s] Level 1:colcon.colcon_core.environment:checking '/home/wuqilin/ros2_ws/install/answer/lib/pkgconfig/answer.pc'
[0.469s] Level 1:colcon.colcon_core.environment:checking '/home/wuqilin/ros2_ws/install/answer/lib/python3.10/site-packages'
[0.470s] Level 1:colcon.colcon_core.environment:checking '/home/wuqilin/ros2_ws/install/answer/bin'
[0.470s] INFO:colcon.colcon_core.shell:Creating package script '/home/wuqilin/ros2_ws/install/answer/share/answer/package.ps1'
[0.470s] INFO:colcon.colcon_core.shell:Creating package descriptor '/home/wuqilin/ros2_ws/install/answer/share/answer/package.dsv'
[0.471s] INFO:colcon.colcon_core.shell:Creating package script '/home/wuqilin/ros2_ws/install/answer/share/answer/package.sh'
[0.471s] INFO:colcon.colcon_core.shell:Creating package script '/home/wuqilin/ros2_ws/install/answer/share/answer/package.bash'
[0.471s] INFO:colcon.colcon_core.shell:Creating package script '/home/wuqilin/ros2_ws/install/answer/share/answer/package.zsh'
[0.471s] Level 1:colcon.colcon_core.environment:create_file_with_runtime_dependencies(/home/wuqilin/ros2_ws/install/answer/share/colcon-core/packages/answer)
[0.472s] DEBUG:colcon.colcon_parallel_executor.executor.parallel:closing loop
[0.472s] DEBUG:colcon.colcon_parallel_executor.executor.parallel:loop closed
[0.472s] DEBUG:colcon.colcon_parallel_executor.executor.parallel:run_until_complete finished with '0'
[0.472s] DEBUG:colcon.colcon_core.event_reactor:joining thread
[0.478s] INFO:colcon.colcon_core.plugin_system:Skipping extension 'colcon_notification.desktop_notification.terminal_notifier': Not used on non-Darwin systems
[0.479s] INFO:colcon.colcon_core.plugin_system:Skipping extension 'colcon_notification.desktop_notification.win32': Not used on non-Windows systems
[0.479s] INFO:colcon.colcon_notification.desktop_notification:Sending desktop notification using 'notify2'
[0.499s] DEBUG:colcon.colcon_core.event_reactor:joined thread
[0.499s] INFO:colcon.colcon_core.shell:Creating prefix script '/home/wuqilin/ros2_ws/install/local_setup.ps1'
[0.501s] INFO:colcon.colcon_core.shell:Creating prefix util module '/home/wuqilin/ros2_ws/install/_local_setup_util_ps1.py'
[0.503s] INFO:colcon.colcon_core.shell:Creating prefix chain script '/home/wuqilin/ros2_ws/install/setup.ps1'
[0.504s] INFO:colcon.colcon_core.shell:Creating prefix script '/home/wuqilin/ros2_ws/install/local_setup.sh'
[0.505s] INFO:colcon.colcon_core.shell:Creating prefix util module '/home/wuqilin/ros2_ws/install/_local_setup_util_sh.py'
[0.505s] INFO:colcon.colcon_core.shell:Creating prefix chain script '/home/wuqilin/ros2_ws/install/setup.sh'
[0.507s] INFO:colcon.colcon_core.shell:Creating prefix script '/home/wuqilin/ros2_ws/install/local_setup.bash'
[0.507s] INFO:colcon.colcon_core.shell:Creating prefix chain script '/home/wuqilin/ros2_ws/install/setup.bash'
[0.508s] INFO:colcon.colcon_core.shell:Creating prefix script '/home/wuqilin/ros2_ws/install/local_setup.zsh'
[0.509s] INFO:colcon.colcon_core.shell:Creating prefix chain script '/home/wuqilin/ros2_ws/install/setup.zsh'
