[0.011s] Invoking command in '/home/wuqilin/ros2_ws/build/answer': CMAKE_PREFIX_PATH=/home/wuqilin/ros2_ws/install/info_interfaces:/home/wuqilin/ros2_ws/install/answer:/opt/ros/humble /usr/bin/cmake --build /home/wuqilin/ros2_ws/build/answer -- -j32 -l32
[0.055s] [ 50%] Built target img2map_node
[0.055s] [ 75%] [32mBuilding CXX object CMakeFiles/navigation_node.dir/src/navigation_node.cpp.o[0m
[1.224s] [01m[K/home/wuqilin/ros2_ws/src/answer/src/navigation_node.cpp:[m[K In member function ‘[01m[Kvoid navigation::Node::area_init_cbfn(info_interfaces::msg::Area_<std::allocator<void> >::SharedPtr)[m[K’:
[1.224s] [01m[K/home/wuqilin/ros2_ws/src/answer/src/navigation_node.cpp:35:12:[m[K [01;35m[Kwarning: [m[Kunused variable ‘[01m[Krecover_x[m[K’ [[01;35m[K]8;;https://gcc.gnu.org/onlinedocs/gcc/Warning-Options.html#index-Wunused-variable-Wunused-variable]8;;[m[K]
[1.224s]    35 |     double [01;35m[Krecover_x[m[K = area_info->recover.x;
[1.224s]       |            [01;35m[K^~~~~~~~~[m[K
[1.224s] [01m[K/home/wuqilin/ros2_ws/src/answer/src/navigation_node.cpp:36:12:[m[K [01;35m[Kwarning: [m[Kunused variable ‘[01m[Krecover_y[m[K’ [[01;35m[K]8;;https://gcc.gnu.org/onlinedocs/gcc/Warning-Options.html#index-Wunused-variable-Wunused-variable]8;;[m[K]
[1.224s]    36 |     double [01;35m[Krecover_y[m[K = area_info->recover.y;
[1.224s]       |            [01;35m[K^~~~~~~~~[m[K
[9.168s] [100%] [32m[1mLinking CXX executable navigation_node[0m
[9.637s] [100%] Built target navigation_node
[9.642s] Invoked command in '/home/wuqilin/ros2_ws/build/answer' returned '0': CMAKE_PREFIX_PATH=/home/wuqilin/ros2_ws/install/info_interfaces:/home/wuqilin/ros2_ws/install/answer:/opt/ros/humble /usr/bin/cmake --build /home/wuqilin/ros2_ws/build/answer -- -j32 -l32
[9.643s] Invoking command in '/home/wuqilin/ros2_ws/build/answer': CMAKE_PREFIX_PATH=/home/wuqilin/ros2_ws/install/info_interfaces:/home/wuqilin/ros2_ws/install/answer:/opt/ros/humble /usr/bin/cmake --install /home/wuqilin/ros2_ws/build/answer
[9.647s] -- Install configuration: ""
[9.647s] -- Up-to-date: /home/wuqilin/ros2_ws/install/answer/lib/answer/img2map_node
[9.647s] -- Installing: /home/wuqilin/ros2_ws/install/answer/lib/answer/navigation_node
[9.654s] -- Set runtime path of "/home/wuqilin/ros2_ws/install/answer/lib/answer/navigation_node" to ""
[9.654s] -- Up-to-date: /home/wuqilin/ros2_ws/install/answer/share/answer/launch
[9.654s] -- Up-to-date: /home/wuqilin/ros2_ws/install/answer/share/answer/launch/answer.launch.py
[9.654s] -- Up-to-date: /home/wuqilin/ros2_ws/install/answer/include
[9.654s] -- Up-to-date: /home/wuqilin/ros2_ws/install/answer/include/answer
[9.654s] -- Up-to-date: /home/wuqilin/ros2_ws/install/answer/include/answer/constant.hpp
[9.655s] -- Up-to-date: /home/wuqilin/ros2_ws/install/answer/include/answer/my_serial.hpp
[9.655s] -- Up-to-date: /home/wuqilin/ros2_ws/install/answer/include/answer/img2map_node.hpp
[9.655s] -- Up-to-date: /home/wuqilin/ros2_ws/install/answer/include/answer/serial.hpp
[9.655s] -- Up-to-date: /home/wuqilin/ros2_ws/install/answer/include/answer/navigation_node.hpp
[9.655s] -- Up-to-date: /home/wuqilin/ros2_ws/install/answer/lib/answer/img2map_node
[9.655s] -- Up-to-date: /home/wuqilin/ros2_ws/install/answer/lib/answer/navigation_node
[9.655s] -- Up-to-date: /home/wuqilin/ros2_ws/install/answer/share/ament_index/resource_index/package_run_dependencies/answer
[9.656s] -- Up-to-date: /home/wuqilin/ros2_ws/install/answer/share/ament_index/resource_index/parent_prefix_path/answer
[9.657s] -- Up-to-date: /home/wuqilin/ros2_ws/install/answer/share/answer/environment/ament_prefix_path.sh
[9.657s] -- Up-to-date: /home/wuqilin/ros2_ws/install/answer/share/answer/environment/ament_prefix_path.dsv
[9.657s] -- Up-to-date: /home/wuqilin/ros2_ws/install/answer/share/answer/environment/path.sh
[9.657s] -- Up-to-date: /home/wuqilin/ros2_ws/install/answer/share/answer/environment/path.dsv
[9.657s] -- Up-to-date: /home/wuqilin/ros2_ws/install/answer/share/answer/local_setup.bash
[9.658s] -- Up-to-date: /home/wuqilin/ros2_ws/install/answer/share/answer/local_setup.sh
[9.658s] -- Up-to-date: /home/wuqilin/ros2_ws/install/answer/share/answer/local_setup.zsh
[9.658s] -- Up-to-date: /home/wuqilin/ros2_ws/install/answer/share/answer/local_setup.dsv
[9.658s] -- Installing: /home/wuqilin/ros2_ws/install/answer/share/answer/package.dsv
[9.658s] -- Up-to-date: /home/wuqilin/ros2_ws/install/answer/share/ament_index/resource_index/packages/answer
[9.658s] -- Up-to-date: /home/wuqilin/ros2_ws/install/answer/share/answer/cmake/ament_cmake_export_dependencies-extras.cmake
[9.659s] -- Up-to-date: /home/wuqilin/ros2_ws/install/answer/share/answer/cmake/ament_cmake_export_include_directories-extras.cmake
[9.659s] -- Up-to-date: /home/wuqilin/ros2_ws/install/answer/share/answer/cmake/answerConfig.cmake
[9.659s] -- Up-to-date: /home/wuqilin/ros2_ws/install/answer/share/answer/cmake/answerConfig-version.cmake
[9.659s] -- Up-to-date: /home/wuqilin/ros2_ws/install/answer/share/answer/package.xml
[9.659s] Invoked command in '/home/wuqilin/ros2_ws/build/answer' returned '0': CMAKE_PREFIX_PATH=/home/wuqilin/ros2_ws/install/info_interfaces:/home/wuqilin/ros2_ws/install/answer:/opt/ros/humble /usr/bin/cmake --install /home/wuqilin/ros2_ws/build/answer
