[01m[K/home/wuqilin/ros2_ws/src/answer/src/ImageSubscriber.cpp:[m[K In constructor ‘[01m[KImageSubscriber::ImageSubscriber()[m[K’:
[01m[K/home/wuqilin/ros2_ws/src/answer/src/ImageSubscriber.cpp:14:5:[m[K [01;31m[Kerror: [m[K‘[01m[Ksubscription_[m[K’ was not declared in this scope; did you mean ‘[01m[Krmw_subscription_t[m[K’?
   14 |     [01;31m[Ksubscription_[m[K = this->create_subscription<sensor_msgs::msg::Image>(
      |     [01;31m[K^~~~~~~~~~~~~[m[K
      |     [32m[Krmw_subscription_t[m[K
[01m[K/home/wuqilin/ros2_ws/src/answer/src/ImageSubscriber.cpp:[m[K In member function ‘[01m[Kvoid ImageSubscriber::image_callback(sensor_msgs::msg::Image_<std::allocator<void> >::SharedPtr)[m[K’:
[01m[K/home/wuqilin/ros2_ws/src/answer/src/ImageSubscriber.cpp:23:9:[m[K [01;31m[Kerror: [m[K‘[01m[Kcv_bridge[m[K’ has not been declared
   23 |         [01;31m[Kcv_bridge[m[K::CvImagePtr cv_ptr = cv_bridge::toCvCopy(msg, sensor_msgs::image_encodings::BGR8);
      |         [01;31m[K^~~~~~~~~[m[K
[01m[K/home/wuqilin/ros2_ws/src/answer/src/ImageSubscriber.cpp:25:5:[m[K [01;31m[Kerror: [m[Kexpected ‘[01m[Kcatch[m[K’ before ‘[01m[K}[m[K’ token
   25 |     [01;31m[K}[m[K
      |     [01;31m[K^[m[K
[01m[K/home/wuqilin/ros2_ws/src/answer/src/ImageSubscriber.cpp:25:5:[m[K [01;31m[Kerror: [m[Kexpected ‘[01m[K([m[K’ before ‘[01m[K}[m[K’ token
[01m[K/home/wuqilin/ros2_ws/src/answer/src/ImageSubscriber.cpp:25:5:[m[K [01;31m[Kerror: [m[Kexpected type-specifier before ‘[01m[K}[m[K’ token
[01m[K/home/wuqilin/ros2_ws/src/answer/src/ImageSubscriber.cpp:25:5:[m[K [01;31m[Kerror: [m[Kexpected ‘[01m[K)[m[K’ before ‘[01m[K}[m[K’ token
[01m[K/home/wuqilin/ros2_ws/src/answer/src/ImageSubscriber.cpp:25:5:[m[K [01;36m[Knote: [m[Kto match this ‘[01m[K([m[K’
[01m[K/home/wuqilin/ros2_ws/src/answer/src/ImageSubscriber.cpp:25:5:[m[K [01;31m[Kerror: [m[Kexpected ‘[01m[K{[m[K’ before ‘[01m[K}[m[K’ token
[01m[K/home/wuqilin/ros2_ws/src/answer/src/ImageSubscriber.cpp:19:66:[m[K [01;35m[Kwarning: [m[Kunused parameter ‘[01m[Kmsg[m[K’ [[01;35m[K]8;;https://gcc.gnu.org/onlinedocs/gcc/Warning-Options.html#index-Wunused-parameter-Wunused-parameter]8;;[m[K]
   19 |     void image_callback([01;35m[Kconst sensor_msgs::msg::Image::SharedPtr msg[m[K)
      |                         [01;35m[K~~~~~~~~~~~~~~~~~~~~~~~~~~~~~~~~~~~~~~~~~^~~[m[K
gmake[2]: *** [CMakeFiles/ImageSubscriber.dir/build.make:76：CMakeFiles/ImageSubscriber.dir/src/ImageSubscriber.cpp.o] 错误 1
gmake[1]: *** [CMakeFiles/Makefile2:137：CMakeFiles/ImageSubscriber.dir/all] 错误 2
gmake: *** [Makefile:146：all] 错误 2
