[0.008s] Invoking command in '/home/wuqilin/ros2_ws/build/answer': CMAKE_PREFIX_PATH=/home/wuqilin/ros2_ws/install/info_interfaces:/home/wuqilin/ros2_ws/install/answer:/opt/ros/humble /usr/bin/cmake --build /home/wuqilin/ros2_ws/build/answer -- -j32 -l32
[0.048s] [ 50%] Built target img2map_node
[0.050s] [100%] Built target navigation_node
[0.057s] Invoked command in '/home/wuqilin/ros2_ws/build/answer' returned '0': CMAKE_PREFIX_PATH=/home/wuqilin/ros2_ws/install/info_interfaces:/home/wuqilin/ros2_ws/install/answer:/opt/ros/humble /usr/bin/cmake --build /home/wuqilin/ros2_ws/build/answer -- -j32 -l32
[0.060s] Invoking command in '/home/wuqilin/ros2_ws/build/answer': CMAKE_PREFIX_PATH=/home/wuqilin/ros2_ws/install/info_interfaces:/home/wuqilin/ros2_ws/install/answer:/opt/ros/humble /usr/bin/cmake --install /home/wuqilin/ros2_ws/build/answer
[0.064s] -- Install configuration: ""
[0.064s] -- Up-to-date: /home/wuqilin/ros2_ws/install/answer/lib/answer/img2map_node
[0.065s] -- Up-to-date: /home/wuqilin/ros2_ws/install/answer/lib/answer/navigation_node
[0.065s] -- Up-to-date: /home/wuqilin/ros2_ws/install/answer/share/answer/launch
[0.065s] -- Up-to-date: /home/wuqilin/ros2_ws/install/answer/share/answer/launch/answer.launch.py
[0.065s] -- Up-to-date: /home/wuqilin/ros2_ws/install/answer/include
[0.065s] -- Up-to-date: /home/wuqilin/ros2_ws/install/answer/include/answer
[0.065s] -- Up-to-date: /home/wuqilin/ros2_ws/install/answer/include/answer/constant.hpp
[0.065s] -- Up-to-date: /home/wuqilin/ros2_ws/install/answer/include/answer/my_serial.hpp
[0.065s] -- Up-to-date: /home/wuqilin/ros2_ws/install/answer/include/answer/img2map_node.hpp
[0.065s] -- Up-to-date: /home/wuqilin/ros2_ws/install/answer/include/answer/serial.hpp
[0.065s] -- Up-to-date: /home/wuqilin/ros2_ws/install/answer/include/answer/navigation_node.hpp
[0.065s] -- Up-to-date: /home/wuqilin/ros2_ws/install/answer/lib/answer/img2map_node
[0.065s] -- Up-to-date: /home/wuqilin/ros2_ws/install/answer/lib/answer/navigation_node
[0.065s] -- Up-to-date: /home/wuqilin/ros2_ws/install/answer/share/ament_index/resource_index/package_run_dependencies/answer
[0.065s] -- Up-to-date: /home/wuqilin/ros2_ws/install/answer/share/ament_index/resource_index/parent_prefix_path/answer
[0.065s] -- Up-to-date: /home/wuqilin/ros2_ws/install/answer/share/answer/environment/ament_prefix_path.sh
[0.065s] -- Up-to-date: /home/wuqilin/ros2_ws/install/answer/share/answer/environment/ament_prefix_path.dsv
[0.066s] -- Up-to-date: /home/wuqilin/ros2_ws/install/answer/share/answer/environment/path.sh
[0.066s] -- Up-to-date: /home/wuqilin/ros2_ws/install/answer/share/answer/environment/path.dsv
[0.066s] -- Up-to-date: /home/wuqilin/ros2_ws/install/answer/share/answer/local_setup.bash
[0.066s] -- Up-to-date: /home/wuqilin/ros2_ws/install/answer/share/answer/local_setup.sh
[0.066s] -- Up-to-date: /home/wuqilin/ros2_ws/install/answer/share/answer/local_setup.zsh
[0.066s] -- Up-to-date: /home/wuqilin/ros2_ws/install/answer/share/answer/local_setup.dsv
[0.066s] -- Installing: /home/wuqilin/ros2_ws/install/answer/share/answer/package.dsv
[0.066s] -- Up-to-date: /home/wuqilin/ros2_ws/install/answer/share/ament_index/resource_index/packages/answer
[0.066s] -- Up-to-date: /home/wuqilin/ros2_ws/install/answer/share/answer/cmake/ament_cmake_export_dependencies-extras.cmake
[0.066s] -- Up-to-date: /home/wuqilin/ros2_ws/install/answer/share/answer/cmake/ament_cmake_export_include_directories-extras.cmake
[0.066s] -- Up-to-date: /home/wuqilin/ros2_ws/install/answer/share/answer/cmake/answerConfig.cmake
[0.066s] -- Up-to-date: /home/wuqilin/ros2_ws/install/answer/share/answer/cmake/answerConfig-version.cmake
[0.066s] -- Up-to-date: /home/wuqilin/ros2_ws/install/answer/share/answer/package.xml
[0.067s] Invoked command in '/home/wuqilin/ros2_ws/build/answer' returned '0': CMAKE_PREFIX_PATH=/home/wuqilin/ros2_ws/install/info_interfaces:/home/wuqilin/ros2_ws/install/answer:/opt/ros/humble /usr/bin/cmake --install /home/wuqilin/ros2_ws/build/answer
