-- Found ament_cmake_auto: 1.3.11 (/opt/ros/humble/share/ament_cmake_auto/cmake)
-- Found rclcpp: 16.0.11 (/opt/ros/humble/share/rclcpp/cmake)
-- Found rosidl_generator_c: 3.1.6 (/opt/ros/humble/share/rosidl_generator_c/cmake)
-- Found rosidl_adapter: 3.1.6 (/opt/ros/humble/share/rosidl_adapter/cmake)
-- Found rosidl_generator_cpp: 3.1.6 (/opt/ros/humble/share/rosidl_generator_cpp/cmake)
-- Using all available rosidl_typesupport_c: rosidl_typesupport_fastrtps_c;rosidl_typesupport_introspection_c
-- Using all available rosidl_typesupport_cpp: rosidl_typesupport_fastrtps_cpp;rosidl_typesupport_introspection_cpp
-- Found rmw_implementation_cmake: 6.1.2 (/opt/ros/humble/share/rmw_implementation_cmake/cmake)
-- Found rmw_fastrtps_cpp: 6.2.7 (/opt/ros/humble/share/rmw_fastrtps_cpp/cmake)
-- Using RMW implementation 'rmw_fastrtps_cpp' as default
-- Found cv_bridge: 3.2.1 (/opt/ros/humble/share/cv_bridge/cmake)
-- Found example_interfaces: 0.9.3 (/opt/ros/humble/share/example_interfaces/cmake)
-- Found ament_lint_auto: 0.12.11 (/opt/ros/humble/share/ament_lint_auto/cmake)
-- Added test 'cppcheck' to perform static code analysis on C / C++ code
-- Configured cppcheck include dirs: /home/wuqilin/ros2_ws/src/answer/include/answer;/home/wuqilin/ros2_ws/src/answer/include
-- Configured cppcheck exclude dirs and/or files: 
-- Added test 'flake8' to check Python code syntax and style conventions
-- Added test 'lint_cmake' to check CMake code style
-- Added test 'pep257' to check Python code against some of the docstring style conventions in PEP 257
-- Added test 'uncrustify' to check C / C++ code style
-- Configured uncrustify additional arguments: 
-- Added test 'xmllint' to check XML markup files
-- Configuring done
-- Generating done
-- Build files have been written to: /home/wuqilin/ros2_ws/build/answer
[ 50%] [32mBuilding CXX object CMakeFiles/img2map_node.dir/src/img2map_node.cpp.o[0m
[ 50%] [32mBuilding CXX object CMakeFiles/navigation_node.dir/src/navigation_node.cpp.o[0m
[ 75%] [32m[1mLinking CXX executable img2map_node[0m
[ 75%] Built target img2map_node
[100%] [32m[1mLinking CXX executable navigation_node[0m
[100%] Built target navigation_node
-- Install configuration: ""
-- Installing: /home/wuqilin/ros2_ws/install/answer/lib/answer/img2map_node
-- Set runtime path of "/home/wuqilin/ros2_ws/install/answer/lib/answer/img2map_node" to ""
-- Installing: /home/wuqilin/ros2_ws/install/answer/lib/answer/navigation_node
-- Set runtime path of "/home/wuqilin/ros2_ws/install/answer/lib/answer/navigation_node" to ""
-- Installing: /home/wuqilin/ros2_ws/install/answer/share/answer/launch
-- Installing: /home/wuqilin/ros2_ws/install/answer/share/answer/launch/answer.launch.py
-- Installing: /home/wuqilin/ros2_ws/install/answer/include
-- Installing: /home/wuqilin/ros2_ws/install/answer/include/answer
-- Installing: /home/wuqilin/ros2_ws/install/answer/include/answer/constant.hpp
-- Installing: /home/wuqilin/ros2_ws/install/answer/include/answer/my_serial.hpp
-- Installing: /home/wuqilin/ros2_ws/install/answer/include/answer/img2map_node.hpp
-- Installing: /home/wuqilin/ros2_ws/install/answer/include/answer/serial.hpp
-- Installing: /home/wuqilin/ros2_ws/install/answer/include/answer/navigation_node.hpp
-- Up-to-date: /home/wuqilin/ros2_ws/install/answer/lib/answer/img2map_node
-- Up-to-date: /home/wuqilin/ros2_ws/install/answer/lib/answer/navigation_node
-- Installing: /home/wuqilin/ros2_ws/install/answer/share/ament_index/resource_index/package_run_dependencies/answer
-- Installing: /home/wuqilin/ros2_ws/install/answer/share/ament_index/resource_index/parent_prefix_path/answer
-- Up-to-date: /home/wuqilin/ros2_ws/install/answer/share/answer/environment/ament_prefix_path.sh
-- Installing: /home/wuqilin/ros2_ws/install/answer/share/answer/environment/ament_prefix_path.dsv
-- Up-to-date: /home/wuqilin/ros2_ws/install/answer/share/answer/environment/path.sh
-- Installing: /home/wuqilin/ros2_ws/install/answer/share/answer/environment/path.dsv
-- Up-to-date: /home/wuqilin/ros2_ws/install/answer/share/answer/local_setup.bash
-- Up-to-date: /home/wuqilin/ros2_ws/install/answer/share/answer/local_setup.sh
-- Up-to-date: /home/wuqilin/ros2_ws/install/answer/share/answer/local_setup.zsh
-- Installing: /home/wuqilin/ros2_ws/install/answer/share/answer/local_setup.dsv
-- Installing: /home/wuqilin/ros2_ws/install/answer/share/answer/package.dsv
-- Up-to-date: /home/wuqilin/ros2_ws/install/answer/share/ament_index/resource_index/packages/answer
-- Installing: /home/wuqilin/ros2_ws/install/answer/share/answer/cmake/ament_cmake_export_dependencies-extras.cmake
-- Installing: /home/wuqilin/ros2_ws/install/answer/share/answer/cmake/ament_cmake_export_include_directories-extras.cmake
-- Installing: /home/wuqilin/ros2_ws/install/answer/share/answer/cmake/answerConfig.cmake
-- Up-to-date: /home/wuqilin/ros2_ws/install/answer/share/answer/cmake/answerConfig-version.cmake
-- Installing: /home/wuqilin/ros2_ws/install/answer/share/answer/package.xml
