[0.010s] Invoking command in '/home/wuqilin/ros2_ws/build/answer': AMENT_PREFIX_PATH=/home/wuqilin/ros2_ws/install/info_interfaces:${AMENT_PREFIX_PATH} CMAKE_PREFIX_PATH=/home/wuqilin/ros2_ws/install/info_interfaces:/opt/ros/humble LD_LIBRARY_PATH=/home/wuqilin/ros2_ws/install/info_interfaces/lib:${LD_LIBRARY_PATH} PYTHONPATH=/home/wuqilin/ros2_ws/install/info_interfaces/local/lib/python3.10/dist-packages:${PYTHONPATH} /usr/bin/cmake --build /home/wuqilin/ros2_ws/build/answer -- -j32 -l32
[0.020s] -- Found ament_cmake_auto: 1.3.11 (/opt/ros/humble/share/ament_cmake_auto/cmake)
[0.101s] -- Found rclcpp: 16.0.11 (/opt/ros/humble/share/rclcpp/cmake)
[0.119s] -- Found rosidl_generator_c: 3.1.6 (/opt/ros/humble/share/rosidl_generator_c/cmake)
[0.121s] -- Found rosidl_adapter: 3.1.6 (/opt/ros/humble/share/rosidl_adapter/cmake)
[0.125s] -- Found rosidl_generator_cpp: 3.1.6 (/opt/ros/humble/share/rosidl_generator_cpp/cmake)
[0.132s] -- Using all available rosidl_typesupport_c: rosidl_typesupport_fastrtps_c;rosidl_typesupport_introspection_c
[0.141s] -- Using all available rosidl_typesupport_cpp: rosidl_typesupport_fastrtps_cpp;rosidl_typesupport_introspection_cpp
[0.159s] -- Found rmw_implementation_cmake: 6.1.2 (/opt/ros/humble/share/rmw_implementation_cmake/cmake)
[0.160s] -- Found rmw_fastrtps_cpp: 6.2.7 (/opt/ros/humble/share/rmw_fastrtps_cpp/cmake)
[0.224s] -- Using RMW implementation 'rmw_fastrtps_cpp' as default
[0.256s] -- Found cv_bridge: 3.2.1 (/opt/ros/humble/share/cv_bridge/cmake)
[0.274s] -- Found example_interfaces: 0.9.3 (/opt/ros/humble/share/example_interfaces/cmake)
[0.343s] -- Found ament_lint_auto: 0.12.11 (/opt/ros/humble/share/ament_lint_auto/cmake)
[0.349s] -- Added test 'cppcheck' to perform static code analysis on C / C++ code
[0.349s] -- Configured cppcheck include dirs: /home/wuqilin/ros2_ws/src/answer/include/answer;/home/wuqilin/ros2_ws/src/answer/include
[0.349s] -- Configured cppcheck exclude dirs and/or files: 
[0.349s] -- Added test 'flake8' to check Python code syntax and style conventions
[0.350s] -- Added test 'lint_cmake' to check CMake code style
[0.350s] -- Added test 'pep257' to check Python code against some of the docstring style conventions in PEP 257
[0.352s] -- Added test 'uncrustify' to check C / C++ code style
[0.352s] -- Configured uncrustify additional arguments: 
[0.352s] -- Added test 'xmllint' to check XML markup files
[0.353s] -- Configuring done
[0.366s] -- Generating done
[0.370s] -- Build files have been written to: /home/wuqilin/ros2_ws/build/answer
[0.392s] [ 50%] [32mBuilding CXX object CMakeFiles/img2map_node.dir/src/img2map_node.cpp.o[0m
[0.392s] [ 50%] [32mBuilding CXX object CMakeFiles/navigation_node.dir/src/navigation_node.cpp.o[0m
[7.035s] [ 75%] [32m[1mLinking CXX executable img2map_node[0m
[7.183s] /usr/bin/ld: warning: libopencv_imgcodecs.so.4.5d, needed by /opt/ros/humble/lib/libcv_bridge.so, may conflict with libopencv_imgcodecs.so.408
[7.183s] /usr/bin/ld: warning: libopencv_imgproc.so.4.5d, needed by /opt/ros/humble/lib/libcv_bridge.so, may conflict with libopencv_imgproc.so.408
[7.183s] /usr/bin/ld: warning: libopencv_core.so.4.5d, needed by /opt/ros/humble/lib/libcv_bridge.so, may conflict with libopencv_core.so.408
[7.512s] [ 75%] Built target img2map_node
[11.374s] [100%] [32m[1mLinking CXX executable navigation_node[0m
[11.976s] [100%] Built target navigation_node
[11.980s] Invoked command in '/home/wuqilin/ros2_ws/build/answer' returned '0': AMENT_PREFIX_PATH=/home/wuqilin/ros2_ws/install/info_interfaces:${AMENT_PREFIX_PATH} CMAKE_PREFIX_PATH=/home/wuqilin/ros2_ws/install/info_interfaces:/opt/ros/humble LD_LIBRARY_PATH=/home/wuqilin/ros2_ws/install/info_interfaces/lib:${LD_LIBRARY_PATH} PYTHONPATH=/home/wuqilin/ros2_ws/install/info_interfaces/local/lib/python3.10/dist-packages:${PYTHONPATH} /usr/bin/cmake --build /home/wuqilin/ros2_ws/build/answer -- -j32 -l32
[11.981s] Invoking command in '/home/wuqilin/ros2_ws/build/answer': AMENT_PREFIX_PATH=/home/wuqilin/ros2_ws/install/info_interfaces:${AMENT_PREFIX_PATH} CMAKE_PREFIX_PATH=/home/wuqilin/ros2_ws/install/info_interfaces:/opt/ros/humble LD_LIBRARY_PATH=/home/wuqilin/ros2_ws/install/info_interfaces/lib:${LD_LIBRARY_PATH} PYTHONPATH=/home/wuqilin/ros2_ws/install/info_interfaces/local/lib/python3.10/dist-packages:${PYTHONPATH} /usr/bin/cmake --install /home/wuqilin/ros2_ws/build/answer
[11.984s] -- Install configuration: ""
[11.984s] -- Installing: /home/wuqilin/ros2_ws/install/answer/lib/answer/img2map_node
[11.988s] -- Set runtime path of "/home/wuqilin/ros2_ws/install/answer/lib/answer/img2map_node" to ""
[11.988s] -- Installing: /home/wuqilin/ros2_ws/install/answer/lib/answer/navigation_node
[11.992s] -- Set runtime path of "/home/wuqilin/ros2_ws/install/answer/lib/answer/navigation_node" to ""
[11.992s] -- Installing: /home/wuqilin/ros2_ws/install/answer/share/answer/launch
[11.992s] -- Installing: /home/wuqilin/ros2_ws/install/answer/share/answer/launch/answer.launch.py
[11.992s] -- Installing: /home/wuqilin/ros2_ws/install/answer/include
[11.992s] -- Installing: /home/wuqilin/ros2_ws/install/answer/include/answer
[11.992s] -- Installing: /home/wuqilin/ros2_ws/install/answer/include/answer/constant.hpp
[11.992s] -- Installing: /home/wuqilin/ros2_ws/install/answer/include/answer/my_serial.hpp
[11.992s] -- Installing: /home/wuqilin/ros2_ws/install/answer/include/answer/img2map_node.hpp
[11.992s] -- Installing: /home/wuqilin/ros2_ws/install/answer/include/answer/serial.hpp
[11.992s] -- Installing: /home/wuqilin/ros2_ws/install/answer/include/answer/navigation_node.hpp
[11.992s] -- Up-to-date: /home/wuqilin/ros2_ws/install/answer/lib/answer/img2map_node
[11.992s] -- Up-to-date: /home/wuqilin/ros2_ws/install/answer/lib/answer/navigation_node
[11.992s] -- Installing: /home/wuqilin/ros2_ws/install/answer/share/ament_index/resource_index/package_run_dependencies/answer
[11.993s] -- Installing: /home/wuqilin/ros2_ws/install/answer/share/ament_index/resource_index/parent_prefix_path/answer
[11.993s] -- Up-to-date: /home/wuqilin/ros2_ws/install/answer/share/answer/environment/ament_prefix_path.sh
[11.993s] -- Installing: /home/wuqilin/ros2_ws/install/answer/share/answer/environment/ament_prefix_path.dsv
[11.993s] -- Up-to-date: /home/wuqilin/ros2_ws/install/answer/share/answer/environment/path.sh
[11.993s] -- Installing: /home/wuqilin/ros2_ws/install/answer/share/answer/environment/path.dsv
[11.993s] -- Up-to-date: /home/wuqilin/ros2_ws/install/answer/share/answer/local_setup.bash
[11.993s] -- Up-to-date: /home/wuqilin/ros2_ws/install/answer/share/answer/local_setup.sh
[11.993s] -- Up-to-date: /home/wuqilin/ros2_ws/install/answer/share/answer/local_setup.zsh
[11.993s] -- Installing: /home/wuqilin/ros2_ws/install/answer/share/answer/local_setup.dsv
[11.994s] -- Installing: /home/wuqilin/ros2_ws/install/answer/share/answer/package.dsv
[11.994s] -- Up-to-date: /home/wuqilin/ros2_ws/install/answer/share/ament_index/resource_index/packages/answer
[11.994s] -- Installing: /home/wuqilin/ros2_ws/install/answer/share/answer/cmake/ament_cmake_export_dependencies-extras.cmake
[11.994s] -- Installing: /home/wuqilin/ros2_ws/install/answer/share/answer/cmake/ament_cmake_export_include_directories-extras.cmake
[11.994s] -- Installing: /home/wuqilin/ros2_ws/install/answer/share/answer/cmake/answerConfig.cmake
[11.994s] -- Up-to-date: /home/wuqilin/ros2_ws/install/answer/share/answer/cmake/answerConfig-version.cmake
[11.994s] -- Installing: /home/wuqilin/ros2_ws/install/answer/share/answer/package.xml
[11.996s] Invoked command in '/home/wuqilin/ros2_ws/build/answer' returned '0': AMENT_PREFIX_PATH=/home/wuqilin/ros2_ws/install/info_interfaces:${AMENT_PREFIX_PATH} CMAKE_PREFIX_PATH=/home/wuqilin/ros2_ws/install/info_interfaces:/opt/ros/humble LD_LIBRARY_PATH=/home/wuqilin/ros2_ws/install/info_interfaces/lib:${LD_LIBRARY_PATH} PYTHONPATH=/home/wuqilin/ros2_ws/install/info_interfaces/local/lib/python3.10/dist-packages:${PYTHONPATH} /usr/bin/cmake --install /home/wuqilin/ros2_ws/build/answer
