-- The C compiler identification is GNU 12.3.0
-- The CXX compiler identification is GNU 12.3.0
-- Detecting C compiler ABI info
-- Detecting C compiler ABI info - done
-- Check for working C compiler: /usr/bin/cc - skipped
-- Detecting C compile features
-- Detecting C compile features - done
-- Detecting CXX compiler ABI info
-- Detecting CXX compiler ABI info - done
-- Check for working CXX compiler: /usr/bin/c++ - skipped
-- Detecting CXX compile features
-- Detecting CXX compile features - done
-- Found ament_cmake: 1.3.11 (/opt/ros/humble/share/ament_cmake/cmake)
-- Found Python3: /usr/bin/python3 (found version "3.10.12") found components: Interpreter 
-- Found rosidl_default_generators: 1.2.0 (/opt/ros/humble/share/rosidl_default_generators/cmake)
-- Using all available rosidl_typesupport_c: rosidl_typesupport_fastrtps_c;rosidl_typesupport_introspection_c
-- Found rosidl_adapter: 3.1.6 (/opt/ros/humble/share/rosidl_adapter/cmake)
-- Using all available rosidl_typesupport_cpp: rosidl_typesupport_fastrtps_cpp;rosidl_typesupport_introspection_cpp
-- Found ament_cmake_ros: 0.10.0 (/opt/ros/humble/share/ament_cmake_ros/cmake)
-- Using all available rosidl_typesupport_c: rosidl_typesupport_fastrtps_c;rosidl_typesupport_introspection_c
-- Using all available rosidl_typesupport_cpp: rosidl_typesupport_fastrtps_cpp;rosidl_typesupport_introspection_cpp
-- Found PythonInterp: /usr/bin/python3 (found suitable version "3.10.12", minimum required is "3.6") 
-- Found python_cmake_module: 0.10.0 (/opt/ros/humble/share/python_cmake_module/cmake)
-- Found PythonLibs: /usr/lib/x86_64-linux-gnu/libpython3.10.so (found suitable version "3.10.12", minimum required is "3.5") 
-- Using PYTHON_EXECUTABLE: /usr/bin/python3
-- Using PYTHON_INCLUDE_DIRS: /usr/include/python3.10
-- Using PYTHON_LIBRARIES: /usr/lib/x86_64-linux-gnu/libpython3.10.so
-- Found PythonExtra: .so  
-- Found ament_lint_auto: 0.12.11 (/opt/ros/humble/share/ament_lint_auto/cmake)
-- Added test 'lint_cmake' to check CMake code style
-- Added test 'xmllint' to check XML markup files
-- Configuring done
-- Generating done
-- Build files have been written to: /home/wuqilin/ros2_ws/build/info_interfaces
[  1%] [34m[1mGenerating C code for ROS interfaces[0m
[  3%] [34m[1mGenerating C++ code for ROS interfaces[0m
[  3%] Built target ament_cmake_python_copy_info_interfaces
running egg_info
creating info_interfaces.egg-info
writing info_interfaces.egg-info/PKG-INFO
writing dependency_links to info_interfaces.egg-info/dependency_links.txt
writing top-level names to info_interfaces.egg-info/top_level.txt
writing manifest file 'info_interfaces.egg-info/SOURCES.txt'
reading manifest file 'info_interfaces.egg-info/SOURCES.txt'
writing manifest file 'info_interfaces.egg-info/SOURCES.txt'
[  3%] Built target ament_cmake_python_build_info_interfaces_egg
[  3%] Built target info_interfaces__cpp
[  5%] [34m[1mGenerating C++ type support dispatch for ROS interfaces[0m
[  7%] [34m[1mGenerating C++ type support for eProsima Fast-RTPS[0m
[  9%] [34m[1mGenerating C++ introspection for ROS interfaces[0m
[ 10%] [32mBuilding C object CMakeFiles/info_interfaces__rosidl_generator_c.dir/rosidl_generator_c/info_interfaces/msg/detail/area__functions.c.o[0m
[ 12%] [32mBuilding C object CMakeFiles/info_interfaces__rosidl_generator_c.dir/rosidl_generator_c/info_interfaces/msg/detail/map__functions.c.o[0m
[ 14%] [32mBuilding C object CMakeFiles/info_interfaces__rosidl_generator_c.dir/rosidl_generator_c/info_interfaces/msg/detail/point__functions.c.o[0m
[ 16%] [32mBuilding C object CMakeFiles/info_interfaces__rosidl_generator_c.dir/rosidl_generator_c/info_interfaces/msg/detail/robot__functions.c.o[0m
[ 18%] [32m[1mLinking C shared library libinfo_interfaces__rosidl_generator_c.so[0m
[ 18%] Built target info_interfaces__rosidl_generator_c
[ 21%] [34m[1mGenerating C introspection for ROS interfaces[0m
[ 21%] [34m[1mGenerating C type support dispatch for ROS interfaces[0m
[ 23%] [34m[1mGenerating C type support for eProsima Fast-RTPS[0m
[ 27%] [32mBuilding CXX object CMakeFiles/info_interfaces__rosidl_typesupport_introspection_cpp.dir/rosidl_typesupport_introspection_cpp/info_interfaces/msg/detail/area__type_support.cpp.o[0m
[ 27%] [32mBuilding CXX object CMakeFiles/info_interfaces__rosidl_typesupport_introspection_cpp.dir/rosidl_typesupport_introspection_cpp/info_interfaces/msg/detail/map__type_support.cpp.o[0m
[ 29%] [32mBuilding CXX object CMakeFiles/info_interfaces__rosidl_typesupport_introspection_cpp.dir/rosidl_typesupport_introspection_cpp/info_interfaces/msg/detail/point__type_support.cpp.o[0m
[ 30%] [32mBuilding CXX object CMakeFiles/info_interfaces__rosidl_typesupport_introspection_cpp.dir/rosidl_typesupport_introspection_cpp/info_interfaces/msg/detail/robot__type_support.cpp.o[0m
[ 32%] [32mBuilding CXX object CMakeFiles/info_interfaces__rosidl_typesupport_cpp.dir/rosidl_typesupport_cpp/info_interfaces/msg/map__type_support.cpp.o[0m
[ 34%] [32mBuilding CXX object CMakeFiles/info_interfaces__rosidl_typesupport_cpp.dir/rosidl_typesupport_cpp/info_interfaces/msg/point__type_support.cpp.o[0m
[ 36%] [32mBuilding CXX object CMakeFiles/info_interfaces__rosidl_typesupport_cpp.dir/rosidl_typesupport_cpp/info_interfaces/msg/area__type_support.cpp.o[0m
[ 38%] [32mBuilding CXX object CMakeFiles/info_interfaces__rosidl_typesupport_cpp.dir/rosidl_typesupport_cpp/info_interfaces/msg/robot__type_support.cpp.o[0m
[ 45%] [32mBuilding CXX object CMakeFiles/info_interfaces__rosidl_typesupport_fastrtps_cpp.dir/rosidl_typesupport_fastrtps_cpp/info_interfaces/msg/detail/dds_fastrtps/area__type_support.cpp.o[0m
[ 45%] [32mBuilding CXX object CMakeFiles/info_interfaces__rosidl_typesupport_fastrtps_cpp.dir/rosidl_typesupport_fastrtps_cpp/info_interfaces/msg/detail/dds_fastrtps/map__type_support.cpp.o[0m
[ 45%] [32mBuilding CXX object CMakeFiles/info_interfaces__rosidl_typesupport_fastrtps_cpp.dir/rosidl_typesupport_fastrtps_cpp/info_interfaces/msg/detail/dds_fastrtps/robot__type_support.cpp.o[0m
[ 45%] [32mBuilding CXX object CMakeFiles/info_interfaces__rosidl_typesupport_fastrtps_cpp.dir/rosidl_typesupport_fastrtps_cpp/info_interfaces/msg/detail/dds_fastrtps/point__type_support.cpp.o[0m
[ 47%] [32mBuilding CXX object CMakeFiles/info_interfaces__rosidl_typesupport_c.dir/rosidl_typesupport_c/info_interfaces/msg/area__type_support.cpp.o[0m
[ 49%] [32mBuilding CXX object CMakeFiles/info_interfaces__rosidl_typesupport_c.dir/rosidl_typesupport_c/info_interfaces/msg/point__type_support.cpp.o[0m
[ 50%] [32mBuilding CXX object CMakeFiles/info_interfaces__rosidl_typesupport_c.dir/rosidl_typesupport_c/info_interfaces/msg/map__type_support.cpp.o[0m
[ 52%] [32mBuilding CXX object CMakeFiles/info_interfaces__rosidl_typesupport_c.dir/rosidl_typesupport_c/info_interfaces/msg/robot__type_support.cpp.o[0m
[ 54%] [32m[1mLinking CXX shared library libinfo_interfaces__rosidl_typesupport_c.so[0m
[ 56%] [32mBuilding C object CMakeFiles/info_interfaces__rosidl_typesupport_introspection_c.dir/rosidl_typesupport_introspection_c/info_interfaces/msg/detail/area__type_support.c.o[0m
[ 58%] [32mBuilding C object CMakeFiles/info_interfaces__rosidl_typesupport_introspection_c.dir/rosidl_typesupport_introspection_c/info_interfaces/msg/detail/map__type_support.c.o[0m
[ 60%] [32mBuilding C object CMakeFiles/info_interfaces__rosidl_typesupport_introspection_c.dir/rosidl_typesupport_introspection_c/info_interfaces/msg/detail/point__type_support.c.o[0m
[ 61%] [32mBuilding C object CMakeFiles/info_interfaces__rosidl_typesupport_introspection_c.dir/rosidl_typesupport_introspection_c/info_interfaces/msg/detail/robot__type_support.c.o[0m
[ 63%] [32mBuilding CXX object CMakeFiles/info_interfaces__rosidl_typesupport_fastrtps_c.dir/rosidl_typesupport_fastrtps_c/info_interfaces/msg/detail/area__type_support_c.cpp.o[0m
[ 67%] [32mBuilding CXX object CMakeFiles/info_interfaces__rosidl_typesupport_fastrtps_c.dir/rosidl_typesupport_fastrtps_c/info_interfaces/msg/detail/robot__type_support_c.cpp.o[0m
[ 67%] [32mBuilding CXX object CMakeFiles/info_interfaces__rosidl_typesupport_fastrtps_c.dir/rosidl_typesupport_fastrtps_c/info_interfaces/msg/detail/map__type_support_c.cpp.o[0m
[ 69%] [32mBuilding CXX object CMakeFiles/info_interfaces__rosidl_typesupport_fastrtps_c.dir/rosidl_typesupport_fastrtps_c/info_interfaces/msg/detail/point__type_support_c.cpp.o[0m
[ 69%] Built target info_interfaces__rosidl_typesupport_c
[ 70%] [32m[1mLinking C shared library libinfo_interfaces__rosidl_typesupport_introspection_c.so[0m
[ 70%] Built target info_interfaces__rosidl_typesupport_introspection_c
[ 72%] [32m[1mLinking CXX shared library libinfo_interfaces__rosidl_typesupport_cpp.so[0m
[ 72%] Built target info_interfaces__rosidl_typesupport_cpp
[ 74%] [32m[1mLinking CXX shared library libinfo_interfaces__rosidl_typesupport_introspection_cpp.so[0m
[ 76%] [32m[1mLinking CXX shared library libinfo_interfaces__rosidl_typesupport_fastrtps_cpp.so[0m
[ 78%] [32m[1mLinking CXX shared library libinfo_interfaces__rosidl_typesupport_fastrtps_c.so[0m
[ 78%] Built target info_interfaces__rosidl_typesupport_introspection_cpp
[ 78%] Built target info_interfaces__rosidl_typesupport_fastrtps_cpp
[ 78%] Built target info_interfaces__rosidl_typesupport_fastrtps_c
[ 78%] Built target info_interfaces
[ 80%] [34m[1mGenerating Python code for ROS interfaces[0m
[ 80%] Built target info_interfaces__py
[ 81%] [32mBuilding C object CMakeFiles/info_interfaces__rosidl_generator_py.dir/rosidl_generator_py/info_interfaces/msg/_area_s.c.o[0m
[ 83%] [32mBuilding C object CMakeFiles/info_interfaces__rosidl_generator_py.dir/rosidl_generator_py/info_interfaces/msg/_map_s.c.o[0m
[ 85%] [32mBuilding C object CMakeFiles/info_interfaces__rosidl_generator_py.dir/rosidl_generator_py/info_interfaces/msg/_point_s.c.o[0m
[ 87%] [32mBuilding C object CMakeFiles/info_interfaces__rosidl_generator_py.dir/rosidl_generator_py/info_interfaces/msg/_robot_s.c.o[0m
[ 89%] [32m[1mLinking C shared library rosidl_generator_py/info_interfaces/libinfo_interfaces__rosidl_generator_py.so[0m
[ 89%] Built target info_interfaces__rosidl_generator_py
[ 94%] [32mBuilding C object CMakeFiles/info_interfaces__rosidl_typesupport_introspection_c__pyext.dir/rosidl_generator_py/info_interfaces/_info_interfaces_s.ep.rosidl_typesupport_introspection_c.c.o[0m
[ 94%] [32mBuilding C object CMakeFiles/info_interfaces__rosidl_typesupport_c__pyext.dir/rosidl_generator_py/info_interfaces/_info_interfaces_s.ep.rosidl_typesupport_c.c.o[0m
[ 94%] [32mBuilding C object CMakeFiles/info_interfaces__rosidl_typesupport_fastrtps_c__pyext.dir/rosidl_generator_py/info_interfaces/_info_interfaces_s.ep.rosidl_typesupport_fastrtps_c.c.o[0m
[ 98%] [32m[1mLinking C shared library rosidl_generator_py/info_interfaces/info_interfaces_s__rosidl_typesupport_c.cpython-310-x86_64-linux-gnu.so[0m
[ 98%] [32m[1mLinking C shared library rosidl_generator_py/info_interfaces/info_interfaces_s__rosidl_typesupport_introspection_c.cpython-310-x86_64-linux-gnu.so[0m
[100%] [32m[1mLinking C shared library rosidl_generator_py/info_interfaces/info_interfaces_s__rosidl_typesupport_fastrtps_c.cpython-310-x86_64-linux-gnu.so[0m
[100%] Built target info_interfaces__rosidl_typesupport_introspection_c__pyext
[100%] Built target info_interfaces__rosidl_typesupport_c__pyext
[100%] Built target info_interfaces__rosidl_typesupport_fastrtps_c__pyext
-- Install configuration: ""
-- Installing: /home/wuqilin/ros2_ws/install/info_interfaces/share/ament_index/resource_index/rosidl_interfaces/info_interfaces
-- Installing: /home/wuqilin/ros2_ws/install/info_interfaces/include/info_interfaces/info_interfaces
-- Installing: /home/wuqilin/ros2_ws/install/info_interfaces/include/info_interfaces/info_interfaces/msg
-- Installing: /home/wuqilin/ros2_ws/install/info_interfaces/include/info_interfaces/info_interfaces/msg/detail
-- Installing: /home/wuqilin/ros2_ws/install/info_interfaces/include/info_interfaces/info_interfaces/msg/detail/point__functions.h
-- Installing: /home/wuqilin/ros2_ws/install/info_interfaces/include/info_interfaces/info_interfaces/msg/detail/area__functions.c
-- Installing: /home/wuqilin/ros2_ws/install/info_interfaces/include/info_interfaces/info_interfaces/msg/detail/map__type_support.h
-- Installing: /home/wuqilin/ros2_ws/install/info_interfaces/include/info_interfaces/info_interfaces/msg/detail/robot__type_support.h
-- Installing: /home/wuqilin/ros2_ws/install/info_interfaces/include/info_interfaces/info_interfaces/msg/detail/map__functions.h
-- Installing: /home/wuqilin/ros2_ws/install/info_interfaces/include/info_interfaces/info_interfaces/msg/detail/robot__functions.h
-- Installing: /home/wuqilin/ros2_ws/install/info_interfaces/include/info_interfaces/info_interfaces/msg/detail/point__struct.h
-- Installing: /home/wuqilin/ros2_ws/install/info_interfaces/include/info_interfaces/info_interfaces/msg/detail/area__struct.h
-- Installing: /home/wuqilin/ros2_ws/install/info_interfaces/include/info_interfaces/info_interfaces/msg/detail/area__type_support.h
-- Installing: /home/wuqilin/ros2_ws/install/info_interfaces/include/info_interfaces/info_interfaces/msg/detail/map__struct.h
-- Installing: /home/wuqilin/ros2_ws/install/info_interfaces/include/info_interfaces/info_interfaces/msg/detail/robot__functions.c
-- Installing: /home/wuqilin/ros2_ws/install/info_interfaces/include/info_interfaces/info_interfaces/msg/detail/point__type_support.h
-- Installing: /home/wuqilin/ros2_ws/install/info_interfaces/include/info_interfaces/info_interfaces/msg/detail/robot__struct.h
-- Installing: /home/wuqilin/ros2_ws/install/info_interfaces/include/info_interfaces/info_interfaces/msg/detail/point__functions.c
-- Installing: /home/wuqilin/ros2_ws/install/info_interfaces/include/info_interfaces/info_interfaces/msg/detail/map__functions.c
-- Installing: /home/wuqilin/ros2_ws/install/info_interfaces/include/info_interfaces/info_interfaces/msg/detail/area__functions.h
-- Installing: /home/wuqilin/ros2_ws/install/info_interfaces/include/info_interfaces/info_interfaces/msg/area.h
-- Installing: /home/wuqilin/ros2_ws/install/info_interfaces/include/info_interfaces/info_interfaces/msg/robot.h
-- Installing: /home/wuqilin/ros2_ws/install/info_interfaces/include/info_interfaces/info_interfaces/msg/point.h
-- Installing: /home/wuqilin/ros2_ws/install/info_interfaces/include/info_interfaces/info_interfaces/msg/rosidl_generator_c__visibility_control.h
-- Installing: /home/wuqilin/ros2_ws/install/info_interfaces/include/info_interfaces/info_interfaces/msg/map.h
-- Installing: /home/wuqilin/ros2_ws/install/info_interfaces/share/info_interfaces/environment/library_path.sh
-- Installing: /home/wuqilin/ros2_ws/install/info_interfaces/share/info_interfaces/environment/library_path.dsv
-- Installing: /home/wuqilin/ros2_ws/install/info_interfaces/lib/libinfo_interfaces__rosidl_generator_c.so
-- Set runtime path of "/home/wuqilin/ros2_ws/install/info_interfaces/lib/libinfo_interfaces__rosidl_generator_c.so" to ""
-- Up-to-date: /home/wuqilin/ros2_ws/install/info_interfaces/include/info_interfaces/info_interfaces
-- Up-to-date: /home/wuqilin/ros2_ws/install/info_interfaces/include/info_interfaces/info_interfaces/msg
-- Up-to-date: /home/wuqilin/ros2_ws/install/info_interfaces/include/info_interfaces/info_interfaces/msg/detail
-- Installing: /home/wuqilin/ros2_ws/install/info_interfaces/include/info_interfaces/info_interfaces/msg/detail/point__rosidl_typesupport_fastrtps_c.h
-- Installing: /home/wuqilin/ros2_ws/install/info_interfaces/include/info_interfaces/info_interfaces/msg/detail/map__rosidl_typesupport_fastrtps_c.h
-- Installing: /home/wuqilin/ros2_ws/install/info_interfaces/include/info_interfaces/info_interfaces/msg/detail/robot__rosidl_typesupport_fastrtps_c.h
-- Installing: /home/wuqilin/ros2_ws/install/info_interfaces/include/info_interfaces/info_interfaces/msg/detail/area__rosidl_typesupport_fastrtps_c.h
-- Installing: /home/wuqilin/ros2_ws/install/info_interfaces/include/info_interfaces/info_interfaces/msg/rosidl_typesupport_fastrtps_c__visibility_control.h
-- Installing: /home/wuqilin/ros2_ws/install/info_interfaces/lib/libinfo_interfaces__rosidl_typesupport_fastrtps_c.so
-- Set runtime path of "/home/wuqilin/ros2_ws/install/info_interfaces/lib/libinfo_interfaces__rosidl_typesupport_fastrtps_c.so" to ""
-- Up-to-date: /home/wuqilin/ros2_ws/install/info_interfaces/include/info_interfaces/info_interfaces
-- Up-to-date: /home/wuqilin/ros2_ws/install/info_interfaces/include/info_interfaces/info_interfaces/msg
-- Up-to-date: /home/wuqilin/ros2_ws/install/info_interfaces/include/info_interfaces/info_interfaces/msg/detail
-- Installing: /home/wuqilin/ros2_ws/install/info_interfaces/include/info_interfaces/info_interfaces/msg/detail/map__rosidl_typesupport_introspection_c.h
-- Installing: /home/wuqilin/ros2_ws/install/info_interfaces/include/info_interfaces/info_interfaces/msg/detail/point__type_support.c
-- Installing: /home/wuqilin/ros2_ws/install/info_interfaces/include/info_interfaces/info_interfaces/msg/detail/map__type_support.c
-- Installing: /home/wuqilin/ros2_ws/install/info_interfaces/include/info_interfaces/info_interfaces/msg/detail/area__type_support.c
-- Installing: /home/wuqilin/ros2_ws/install/info_interfaces/include/info_interfaces/info_interfaces/msg/detail/area__rosidl_typesupport_introspection_c.h
-- Installing: /home/wuqilin/ros2_ws/install/info_interfaces/include/info_interfaces/info_interfaces/msg/detail/point__rosidl_typesupport_introspection_c.h
-- Installing: /home/wuqilin/ros2_ws/install/info_interfaces/include/info_interfaces/info_interfaces/msg/detail/robot__type_support.c
-- Installing: /home/wuqilin/ros2_ws/install/info_interfaces/include/info_interfaces/info_interfaces/msg/detail/robot__rosidl_typesupport_introspection_c.h
-- Installing: /home/wuqilin/ros2_ws/install/info_interfaces/include/info_interfaces/info_interfaces/msg/rosidl_typesupport_introspection_c__visibility_control.h
-- Installing: /home/wuqilin/ros2_ws/install/info_interfaces/lib/libinfo_interfaces__rosidl_typesupport_introspection_c.so
-- Set runtime path of "/home/wuqilin/ros2_ws/install/info_interfaces/lib/libinfo_interfaces__rosidl_typesupport_introspection_c.so" to ""
-- Installing: /home/wuqilin/ros2_ws/install/info_interfaces/lib/libinfo_interfaces__rosidl_typesupport_c.so
-- Set runtime path of "/home/wuqilin/ros2_ws/install/info_interfaces/lib/libinfo_interfaces__rosidl_typesupport_c.so" to ""
-- Up-to-date: /home/wuqilin/ros2_ws/install/info_interfaces/include/info_interfaces/info_interfaces
-- Up-to-date: /home/wuqilin/ros2_ws/install/info_interfaces/include/info_interfaces/info_interfaces/msg
-- Up-to-date: /home/wuqilin/ros2_ws/install/info_interfaces/include/info_interfaces/info_interfaces/msg/detail
-- Installing: /home/wuqilin/ros2_ws/install/info_interfaces/include/info_interfaces/info_interfaces/msg/detail/area__type_support.hpp
-- Installing: /home/wuqilin/ros2_ws/install/info_interfaces/include/info_interfaces/info_interfaces/msg/detail/robot__builder.hpp
-- Installing: /home/wuqilin/ros2_ws/install/info_interfaces/include/info_interfaces/info_interfaces/msg/detail/map__type_support.hpp
-- Installing: /home/wuqilin/ros2_ws/install/info_interfaces/include/info_interfaces/info_interfaces/msg/detail/point__builder.hpp
-- Installing: /home/wuqilin/ros2_ws/install/info_interfaces/include/info_interfaces/info_interfaces/msg/detail/robot__traits.hpp
-- Installing: /home/wuqilin/ros2_ws/install/info_interfaces/include/info_interfaces/info_interfaces/msg/detail/robot__type_support.hpp
-- Installing: /home/wuqilin/ros2_ws/install/info_interfaces/include/info_interfaces/info_interfaces/msg/detail/map__struct.hpp
-- Installing: /home/wuqilin/ros2_ws/install/info_interfaces/include/info_interfaces/info_interfaces/msg/detail/point__type_support.hpp
-- Installing: /home/wuqilin/ros2_ws/install/info_interfaces/include/info_interfaces/info_interfaces/msg/detail/map__builder.hpp
-- Installing: /home/wuqilin/ros2_ws/install/info_interfaces/include/info_interfaces/info_interfaces/msg/detail/map__traits.hpp
-- Installing: /home/wuqilin/ros2_ws/install/info_interfaces/include/info_interfaces/info_interfaces/msg/detail/robot__struct.hpp
-- Installing: /home/wuqilin/ros2_ws/install/info_interfaces/include/info_interfaces/info_interfaces/msg/detail/point__traits.hpp
-- Installing: /home/wuqilin/ros2_ws/install/info_interfaces/include/info_interfaces/info_interfaces/msg/detail/area__builder.hpp
-- Installing: /home/wuqilin/ros2_ws/install/info_interfaces/include/info_interfaces/info_interfaces/msg/detail/point__struct.hpp
-- Installing: /home/wuqilin/ros2_ws/install/info_interfaces/include/info_interfaces/info_interfaces/msg/detail/area__traits.hpp
-- Installing: /home/wuqilin/ros2_ws/install/info_interfaces/include/info_interfaces/info_interfaces/msg/detail/area__struct.hpp
-- Installing: /home/wuqilin/ros2_ws/install/info_interfaces/include/info_interfaces/info_interfaces/msg/area.hpp
-- Installing: /home/wuqilin/ros2_ws/install/info_interfaces/include/info_interfaces/info_interfaces/msg/map.hpp
-- Installing: /home/wuqilin/ros2_ws/install/info_interfaces/include/info_interfaces/info_interfaces/msg/rosidl_generator_cpp__visibility_control.hpp
-- Installing: /home/wuqilin/ros2_ws/install/info_interfaces/include/info_interfaces/info_interfaces/msg/robot.hpp
-- Installing: /home/wuqilin/ros2_ws/install/info_interfaces/include/info_interfaces/info_interfaces/msg/point.hpp
-- Up-to-date: /home/wuqilin/ros2_ws/install/info_interfaces/include/info_interfaces/info_interfaces
-- Up-to-date: /home/wuqilin/ros2_ws/install/info_interfaces/include/info_interfaces/info_interfaces/msg
-- Installing: /home/wuqilin/ros2_ws/install/info_interfaces/include/info_interfaces/info_interfaces/msg/rosidl_typesupport_fastrtps_cpp__visibility_control.h
-- Up-to-date: /home/wuqilin/ros2_ws/install/info_interfaces/include/info_interfaces/info_interfaces/msg/detail
-- Installing: /home/wuqilin/ros2_ws/install/info_interfaces/include/info_interfaces/info_interfaces/msg/detail/dds_fastrtps
-- Installing: /home/wuqilin/ros2_ws/install/info_interfaces/include/info_interfaces/info_interfaces/msg/detail/area__rosidl_typesupport_fastrtps_cpp.hpp
-- Installing: /home/wuqilin/ros2_ws/install/info_interfaces/include/info_interfaces/info_interfaces/msg/detail/robot__rosidl_typesupport_fastrtps_cpp.hpp
-- Installing: /home/wuqilin/ros2_ws/install/info_interfaces/include/info_interfaces/info_interfaces/msg/detail/map__rosidl_typesupport_fastrtps_cpp.hpp
-- Installing: /home/wuqilin/ros2_ws/install/info_interfaces/include/info_interfaces/info_interfaces/msg/detail/point__rosidl_typesupport_fastrtps_cpp.hpp
-- Installing: /home/wuqilin/ros2_ws/install/info_interfaces/lib/libinfo_interfaces__rosidl_typesupport_fastrtps_cpp.so
-- Set runtime path of "/home/wuqilin/ros2_ws/install/info_interfaces/lib/libinfo_interfaces__rosidl_typesupport_fastrtps_cpp.so" to ""
-- Up-to-date: /home/wuqilin/ros2_ws/install/info_interfaces/include/info_interfaces/info_interfaces
-- Up-to-date: /home/wuqilin/ros2_ws/install/info_interfaces/include/info_interfaces/info_interfaces/msg
-- Up-to-date: /home/wuqilin/ros2_ws/install/info_interfaces/include/info_interfaces/info_interfaces/msg/detail
-- Installing: /home/wuqilin/ros2_ws/install/info_interfaces/include/info_interfaces/info_interfaces/msg/detail/map__rosidl_typesupport_introspection_cpp.hpp
-- Installing: /home/wuqilin/ros2_ws/install/info_interfaces/include/info_interfaces/info_interfaces/msg/detail/point__rosidl_typesupport_introspection_cpp.hpp
-- Installing: /home/wuqilin/ros2_ws/install/info_interfaces/include/info_interfaces/info_interfaces/msg/detail/robot__rosidl_typesupport_introspection_cpp.hpp
-- Installing: /home/wuqilin/ros2_ws/install/info_interfaces/include/info_interfaces/info_interfaces/msg/detail/robot__type_support.cpp
-- Installing: /home/wuqilin/ros2_ws/install/info_interfaces/include/info_interfaces/info_interfaces/msg/detail/map__type_support.cpp
-- Installing: /home/wuqilin/ros2_ws/install/info_interfaces/include/info_interfaces/info_interfaces/msg/detail/area__rosidl_typesupport_introspection_cpp.hpp
-- Installing: /home/wuqilin/ros2_ws/install/info_interfaces/include/info_interfaces/info_interfaces/msg/detail/point__type_support.cpp
-- Installing: /home/wuqilin/ros2_ws/install/info_interfaces/include/info_interfaces/info_interfaces/msg/detail/area__type_support.cpp
-- Installing: /home/wuqilin/ros2_ws/install/info_interfaces/lib/libinfo_interfaces__rosidl_typesupport_introspection_cpp.so
-- Set runtime path of "/home/wuqilin/ros2_ws/install/info_interfaces/lib/libinfo_interfaces__rosidl_typesupport_introspection_cpp.so" to ""
-- Installing: /home/wuqilin/ros2_ws/install/info_interfaces/lib/libinfo_interfaces__rosidl_typesupport_cpp.so
-- Set runtime path of "/home/wuqilin/ros2_ws/install/info_interfaces/lib/libinfo_interfaces__rosidl_typesupport_cpp.so" to ""
-- Installing: /home/wuqilin/ros2_ws/install/info_interfaces/share/info_interfaces/environment/pythonpath.sh
-- Installing: /home/wuqilin/ros2_ws/install/info_interfaces/share/info_interfaces/environment/pythonpath.dsv
-- Installing: /home/wuqilin/ros2_ws/install/info_interfaces/local/lib/python3.10/dist-packages/info_interfaces-0.0.0-py3.10.egg-info
-- Installing: /home/wuqilin/ros2_ws/install/info_interfaces/local/lib/python3.10/dist-packages/info_interfaces-0.0.0-py3.10.egg-info/top_level.txt
-- Installing: /home/wuqilin/ros2_ws/install/info_interfaces/local/lib/python3.10/dist-packages/info_interfaces-0.0.0-py3.10.egg-info/SOURCES.txt
-- Installing: /home/wuqilin/ros2_ws/install/info_interfaces/local/lib/python3.10/dist-packages/info_interfaces-0.0.0-py3.10.egg-info/PKG-INFO
-- Installing: /home/wuqilin/ros2_ws/install/info_interfaces/local/lib/python3.10/dist-packages/info_interfaces-0.0.0-py3.10.egg-info/dependency_links.txt
-- Installing: /home/wuqilin/ros2_ws/install/info_interfaces/local/lib/python3.10/dist-packages/info_interfaces
-- Installing: /home/wuqilin/ros2_ws/install/info_interfaces/local/lib/python3.10/dist-packages/info_interfaces/__init__.py
-- Installing: /home/wuqilin/ros2_ws/install/info_interfaces/local/lib/python3.10/dist-packages/info_interfaces/_info_interfaces_s.ep.rosidl_typesupport_introspection_c.c
-- Installing: /home/wuqilin/ros2_ws/install/info_interfaces/local/lib/python3.10/dist-packages/info_interfaces/info_interfaces_s__rosidl_typesupport_fastrtps_c.cpython-310-x86_64-linux-gnu.so
-- Installing: /home/wuqilin/ros2_ws/install/info_interfaces/local/lib/python3.10/dist-packages/info_interfaces/_info_interfaces_s.ep.rosidl_typesupport_c.c
-- Installing: /home/wuqilin/ros2_ws/install/info_interfaces/local/lib/python3.10/dist-packages/info_interfaces/_info_interfaces_s.ep.rosidl_typesupport_fastrtps_c.c
-- Installing: /home/wuqilin/ros2_ws/install/info_interfaces/local/lib/python3.10/dist-packages/info_interfaces/info_interfaces_s__rosidl_typesupport_introspection_c.cpython-310-x86_64-linux-gnu.so
-- Installing: /home/wuqilin/ros2_ws/install/info_interfaces/local/lib/python3.10/dist-packages/info_interfaces/libinfo_interfaces__rosidl_generator_py.so
-- Installing: /home/wuqilin/ros2_ws/install/info_interfaces/local/lib/python3.10/dist-packages/info_interfaces/msg
-- Installing: /home/wuqilin/ros2_ws/install/info_interfaces/local/lib/python3.10/dist-packages/info_interfaces/msg/_map.py
-- Installing: /home/wuqilin/ros2_ws/install/info_interfaces/local/lib/python3.10/dist-packages/info_interfaces/msg/__init__.py
-- Installing: /home/wuqilin/ros2_ws/install/info_interfaces/local/lib/python3.10/dist-packages/info_interfaces/msg/_area.py
-- Installing: /home/wuqilin/ros2_ws/install/info_interfaces/local/lib/python3.10/dist-packages/info_interfaces/msg/_map_s.c
-- Installing: /home/wuqilin/ros2_ws/install/info_interfaces/local/lib/python3.10/dist-packages/info_interfaces/msg/_robot.py
-- Installing: /home/wuqilin/ros2_ws/install/info_interfaces/local/lib/python3.10/dist-packages/info_interfaces/msg/_point.py
-- Installing: /home/wuqilin/ros2_ws/install/info_interfaces/local/lib/python3.10/dist-packages/info_interfaces/msg/_robot_s.c
-- Installing: /home/wuqilin/ros2_ws/install/info_interfaces/local/lib/python3.10/dist-packages/info_interfaces/msg/_point_s.c
-- Installing: /home/wuqilin/ros2_ws/install/info_interfaces/local/lib/python3.10/dist-packages/info_interfaces/msg/_area_s.c
-- Installing: /home/wuqilin/ros2_ws/install/info_interfaces/local/lib/python3.10/dist-packages/info_interfaces/info_interfaces_s__rosidl_typesupport_c.cpython-310-x86_64-linux-gnu.so
Listing '/home/wuqilin/ros2_ws/install/info_interfaces/local/lib/python3.10/dist-packages/info_interfaces'...
Compiling '/home/wuqilin/ros2_ws/install/info_interfaces/local/lib/python3.10/dist-packages/info_interfaces/__init__.py'...
Listing '/home/wuqilin/ros2_ws/install/info_interfaces/local/lib/python3.10/dist-packages/info_interfaces/msg'...
Compiling '/home/wuqilin/ros2_ws/install/info_interfaces/local/lib/python3.10/dist-packages/info_interfaces/msg/__init__.py'...
Compiling '/home/wuqilin/ros2_ws/install/info_interfaces/local/lib/python3.10/dist-packages/info_interfaces/msg/_area.py'...
Compiling '/home/wuqilin/ros2_ws/install/info_interfaces/local/lib/python3.10/dist-packages/info_interfaces/msg/_map.py'...
Compiling '/home/wuqilin/ros2_ws/install/info_interfaces/local/lib/python3.10/dist-packages/info_interfaces/msg/_point.py'...
Compiling '/home/wuqilin/ros2_ws/install/info_interfaces/local/lib/python3.10/dist-packages/info_interfaces/msg/_robot.py'...
-- Installing: /home/wuqilin/ros2_ws/install/info_interfaces/local/lib/python3.10/dist-packages/info_interfaces/info_interfaces_s__rosidl_typesupport_fastrtps_c.cpython-310-x86_64-linux-gnu.so
-- Set runtime path of "/home/wuqilin/ros2_ws/install/info_interfaces/local/lib/python3.10/dist-packages/info_interfaces/info_interfaces_s__rosidl_typesupport_fastrtps_c.cpython-310-x86_64-linux-gnu.so" to ""
-- Installing: /home/wuqilin/ros2_ws/install/info_interfaces/local/lib/python3.10/dist-packages/info_interfaces/info_interfaces_s__rosidl_typesupport_introspection_c.cpython-310-x86_64-linux-gnu.so
-- Set runtime path of "/home/wuqilin/ros2_ws/install/info_interfaces/local/lib/python3.10/dist-packages/info_interfaces/info_interfaces_s__rosidl_typesupport_introspection_c.cpython-310-x86_64-linux-gnu.so" to ""
-- Installing: /home/wuqilin/ros2_ws/install/info_interfaces/local/lib/python3.10/dist-packages/info_interfaces/info_interfaces_s__rosidl_typesupport_c.cpython-310-x86_64-linux-gnu.so
-- Set runtime path of "/home/wuqilin/ros2_ws/install/info_interfaces/local/lib/python3.10/dist-packages/info_interfaces/info_interfaces_s__rosidl_typesupport_c.cpython-310-x86_64-linux-gnu.so" to ""
-- Installing: /home/wuqilin/ros2_ws/install/info_interfaces/lib/libinfo_interfaces__rosidl_generator_py.so
-- Set runtime path of "/home/wuqilin/ros2_ws/install/info_interfaces/lib/libinfo_interfaces__rosidl_generator_py.so" to ""
-- Installing: /home/wuqilin/ros2_ws/install/info_interfaces/share/info_interfaces/msg/Area.idl
-- Installing: /home/wuqilin/ros2_ws/install/info_interfaces/share/info_interfaces/msg/Map.idl
-- Installing: /home/wuqilin/ros2_ws/install/info_interfaces/share/info_interfaces/msg/Point.idl
-- Installing: /home/wuqilin/ros2_ws/install/info_interfaces/share/info_interfaces/msg/Robot.idl
-- Installing: /home/wuqilin/ros2_ws/install/info_interfaces/share/info_interfaces/msg/Area.msg
-- Installing: /home/wuqilin/ros2_ws/install/info_interfaces/share/info_interfaces/msg/Map.msg
-- Installing: /home/wuqilin/ros2_ws/install/info_interfaces/share/info_interfaces/msg/Point.msg
-- Installing: /home/wuqilin/ros2_ws/install/info_interfaces/share/info_interfaces/msg/Robot.msg
-- Installing: /home/wuqilin/ros2_ws/install/info_interfaces/share/ament_index/resource_index/package_run_dependencies/info_interfaces
-- Installing: /home/wuqilin/ros2_ws/install/info_interfaces/share/ament_index/resource_index/parent_prefix_path/info_interfaces
-- Installing: /home/wuqilin/ros2_ws/install/info_interfaces/share/info_interfaces/environment/ament_prefix_path.sh
-- Installing: /home/wuqilin/ros2_ws/install/info_interfaces/share/info_interfaces/environment/ament_prefix_path.dsv
-- Installing: /home/wuqilin/ros2_ws/install/info_interfaces/share/info_interfaces/environment/path.sh
-- Installing: /home/wuqilin/ros2_ws/install/info_interfaces/share/info_interfaces/environment/path.dsv
-- Installing: /home/wuqilin/ros2_ws/install/info_interfaces/share/info_interfaces/local_setup.bash
-- Installing: /home/wuqilin/ros2_ws/install/info_interfaces/share/info_interfaces/local_setup.sh
-- Installing: /home/wuqilin/ros2_ws/install/info_interfaces/share/info_interfaces/local_setup.zsh
-- Installing: /home/wuqilin/ros2_ws/install/info_interfaces/share/info_interfaces/local_setup.dsv
-- Installing: /home/wuqilin/ros2_ws/install/info_interfaces/share/info_interfaces/package.dsv
-- Installing: /home/wuqilin/ros2_ws/install/info_interfaces/share/ament_index/resource_index/packages/info_interfaces
-- Installing: /home/wuqilin/ros2_ws/install/info_interfaces/share/info_interfaces/cmake/export_info_interfaces__rosidl_generator_cExport.cmake
-- Installing: /home/wuqilin/ros2_ws/install/info_interfaces/share/info_interfaces/cmake/export_info_interfaces__rosidl_generator_cExport-noconfig.cmake
-- Installing: /home/wuqilin/ros2_ws/install/info_interfaces/share/info_interfaces/cmake/export_info_interfaces__rosidl_typesupport_fastrtps_cExport.cmake
-- Installing: /home/wuqilin/ros2_ws/install/info_interfaces/share/info_interfaces/cmake/export_info_interfaces__rosidl_typesupport_fastrtps_cExport-noconfig.cmake
-- Installing: /home/wuqilin/ros2_ws/install/info_interfaces/share/info_interfaces/cmake/info_interfaces__rosidl_typesupport_introspection_cExport.cmake
-- Installing: /home/wuqilin/ros2_ws/install/info_interfaces/share/info_interfaces/cmake/info_interfaces__rosidl_typesupport_introspection_cExport-noconfig.cmake
-- Installing: /home/wuqilin/ros2_ws/install/info_interfaces/share/info_interfaces/cmake/info_interfaces__rosidl_typesupport_cExport.cmake
-- Installing: /home/wuqilin/ros2_ws/install/info_interfaces/share/info_interfaces/cmake/info_interfaces__rosidl_typesupport_cExport-noconfig.cmake
-- Installing: /home/wuqilin/ros2_ws/install/info_interfaces/share/info_interfaces/cmake/export_info_interfaces__rosidl_generator_cppExport.cmake
-- Installing: /home/wuqilin/ros2_ws/install/info_interfaces/share/info_interfaces/cmake/export_info_interfaces__rosidl_typesupport_fastrtps_cppExport.cmake
-- Installing: /home/wuqilin/ros2_ws/install/info_interfaces/share/info_interfaces/cmake/export_info_interfaces__rosidl_typesupport_fastrtps_cppExport-noconfig.cmake
-- Installing: /home/wuqilin/ros2_ws/install/info_interfaces/share/info_interfaces/cmake/info_interfaces__rosidl_typesupport_introspection_cppExport.cmake
-- Installing: /home/wuqilin/ros2_ws/install/info_interfaces/share/info_interfaces/cmake/info_interfaces__rosidl_typesupport_introspection_cppExport-noconfig.cmake
-- Installing: /home/wuqilin/ros2_ws/install/info_interfaces/share/info_interfaces/cmake/info_interfaces__rosidl_typesupport_cppExport.cmake
-- Installing: /home/wuqilin/ros2_ws/install/info_interfaces/share/info_interfaces/cmake/info_interfaces__rosidl_typesupport_cppExport-noconfig.cmake
-- Installing: /home/wuqilin/ros2_ws/install/info_interfaces/share/info_interfaces/cmake/export_info_interfaces__rosidl_generator_pyExport.cmake
-- Installing: /home/wuqilin/ros2_ws/install/info_interfaces/share/info_interfaces/cmake/export_info_interfaces__rosidl_generator_pyExport-noconfig.cmake
-- Installing: /home/wuqilin/ros2_ws/install/info_interfaces/share/info_interfaces/cmake/rosidl_cmake-extras.cmake
-- Installing: /home/wuqilin/ros2_ws/install/info_interfaces/share/info_interfaces/cmake/ament_cmake_export_include_directories-extras.cmake
-- Installing: /home/wuqilin/ros2_ws/install/info_interfaces/share/info_interfaces/cmake/ament_cmake_export_libraries-extras.cmake
-- Installing: /home/wuqilin/ros2_ws/install/info_interfaces/share/info_interfaces/cmake/ament_cmake_export_targets-extras.cmake
-- Installing: /home/wuqilin/ros2_ws/install/info_interfaces/share/info_interfaces/cmake/rosidl_cmake_export_typesupport_targets-extras.cmake
-- Installing: /home/wuqilin/ros2_ws/install/info_interfaces/share/info_interfaces/cmake/ament_cmake_export_dependencies-extras.cmake
-- Installing: /home/wuqilin/ros2_ws/install/info_interfaces/share/info_interfaces/cmake/rosidl_cmake_export_typesupport_libraries-extras.cmake
-- Installing: /home/wuqilin/ros2_ws/install/info_interfaces/share/info_interfaces/cmake/info_interfacesConfig.cmake
-- Installing: /home/wuqilin/ros2_ws/install/info_interfaces/share/info_interfaces/cmake/info_interfacesConfig-version.cmake
-- Installing: /home/wuqilin/ros2_ws/install/info_interfaces/share/info_interfaces/package.xml
