[0.007s] Invoking command in '/home/wuqilin/ros2_ws/build/info_interfaces': CMAKE_PREFIX_PATH=/opt/ros/humble /usr/bin/cmake /home/wuqilin/ros2_ws/src/info_interfaces -DCMAKE_INSTALL_PREFIX=/home/wuqilin/ros2_ws/install/info_interfaces
[0.057s] -- The C compiler identification is GNU 12.3.0
[0.105s] -- The CXX compiler identification is GNU 12.3.0
[0.113s] -- Detecting C compiler ABI info
[0.180s] -- Detecting C compiler ABI info - done
[0.185s] -- Check for working C compiler: /usr/bin/cc - skipped
[0.185s] -- Detecting C compile features
[0.186s] -- Detecting C compile features - done
[0.187s] -- Detecting CXX compiler ABI info
[0.243s] -- Detecting CXX compiler ABI info - done
[0.247s] -- Check for working CXX compiler: /usr/bin/c++ - skipped
[0.247s] -- Detecting CXX compile features
[0.247s] -- Detecting CXX compile features - done
[0.248s] -- Found ament_cmake: 1.3.11 (/opt/ros/humble/share/ament_cmake/cmake)
[0.330s] -- Found Python3: /usr/bin/python3 (found version "3.10.12") found components: Interpreter 
[0.378s] -- Found rosidl_default_generators: 1.2.0 (/opt/ros/humble/share/rosidl_default_generators/cmake)
[0.380s] -- Using all available rosidl_typesupport_c: rosidl_typesupport_fastrtps_c;rosidl_typesupport_introspection_c
[0.384s] -- Found rosidl_adapter: 3.1.6 (/opt/ros/humble/share/rosidl_adapter/cmake)
[0.404s] -- Using all available rosidl_typesupport_cpp: rosidl_typesupport_fastrtps_cpp;rosidl_typesupport_introspection_cpp
[0.533s] -- Found ament_cmake_ros: 0.10.0 (/opt/ros/humble/share/ament_cmake_ros/cmake)
[0.593s] -- Using all available rosidl_typesupport_c: rosidl_typesupport_fastrtps_c;rosidl_typesupport_introspection_c
[0.693s] -- Using all available rosidl_typesupport_cpp: rosidl_typesupport_fastrtps_cpp;rosidl_typesupport_introspection_cpp
[0.715s] -- Found PythonInterp: /usr/bin/python3 (found suitable version "3.10.12", minimum required is "3.6") 
[0.715s] -- Found python_cmake_module: 0.10.0 (/opt/ros/humble/share/python_cmake_module/cmake)
[0.732s] -- Found PythonLibs: /usr/lib/x86_64-linux-gnu/libpython3.10.so (found suitable version "3.10.12", minimum required is "3.5") 
[0.733s] -- Using PYTHON_EXECUTABLE: /usr/bin/python3
[0.733s] -- Using PYTHON_INCLUDE_DIRS: /usr/include/python3.10
[0.733s] -- Using PYTHON_LIBRARIES: /usr/lib/x86_64-linux-gnu/libpython3.10.so
[0.748s] -- Found PythonExtra: .so  
[0.770s] -- Found ament_lint_auto: 0.12.11 (/opt/ros/humble/share/ament_lint_auto/cmake)
[0.778s] -- Added test 'lint_cmake' to check CMake code style
[0.778s] -- Added test 'xmllint' to check XML markup files
[0.779s] -- Configuring done
[0.796s] -- Generating done
[0.801s] -- Build files have been written to: /home/wuqilin/ros2_ws/build/info_interfaces
[0.809s] Invoked command in '/home/wuqilin/ros2_ws/build/info_interfaces' returned '0': CMAKE_PREFIX_PATH=/opt/ros/humble /usr/bin/cmake /home/wuqilin/ros2_ws/src/info_interfaces -DCMAKE_INSTALL_PREFIX=/home/wuqilin/ros2_ws/install/info_interfaces
[0.809s] Invoking command in '/home/wuqilin/ros2_ws/build/info_interfaces': CMAKE_PREFIX_PATH=/opt/ros/humble /usr/bin/cmake --build /home/wuqilin/ros2_ws/build/info_interfaces -- -j32 -l32
[0.828s] [  1%] [34m[1mGenerating C code for ROS interfaces[0m
[0.835s] [  3%] [34m[1mGenerating C++ code for ROS interfaces[0m
[0.838s] [  3%] Built target ament_cmake_python_copy_info_interfaces
[0.968s] running egg_info
[0.969s] creating info_interfaces.egg-info
[0.969s] writing info_interfaces.egg-info/PKG-INFO
[0.969s] writing dependency_links to info_interfaces.egg-info/dependency_links.txt
[0.969s] writing top-level names to info_interfaces.egg-info/top_level.txt
[0.969s] writing manifest file 'info_interfaces.egg-info/SOURCES.txt'
[0.971s] reading manifest file 'info_interfaces.egg-info/SOURCES.txt'
[0.971s] writing manifest file 'info_interfaces.egg-info/SOURCES.txt'
[0.987s] [  3%] Built target ament_cmake_python_build_info_interfaces_egg
[1.043s] [  3%] Built target info_interfaces__cpp
[1.047s] [  5%] [34m[1mGenerating C++ type support dispatch for ROS interfaces[0m
[1.047s] [  7%] [34m[1mGenerating C++ type support for eProsima Fast-RTPS[0m
[1.047s] [  9%] [34m[1mGenerating C++ introspection for ROS interfaces[0m
[1.047s] [ 10%] [32mBuilding C object CMakeFiles/info_interfaces__rosidl_generator_c.dir/rosidl_generator_c/info_interfaces/msg/detail/area__functions.c.o[0m
[1.047s] [ 12%] [32mBuilding C object CMakeFiles/info_interfaces__rosidl_generator_c.dir/rosidl_generator_c/info_interfaces/msg/detail/map__functions.c.o[0m
[1.048s] [ 14%] [32mBuilding C object CMakeFiles/info_interfaces__rosidl_generator_c.dir/rosidl_generator_c/info_interfaces/msg/detail/point__functions.c.o[0m
[1.048s] [ 16%] [32mBuilding C object CMakeFiles/info_interfaces__rosidl_generator_c.dir/rosidl_generator_c/info_interfaces/msg/detail/robot__functions.c.o[0m
[1.085s] [ 18%] [32m[1mLinking C shared library libinfo_interfaces__rosidl_generator_c.so[0m
[1.108s] [ 18%] Built target info_interfaces__rosidl_generator_c
[1.113s] [ 21%] [34m[1mGenerating C introspection for ROS interfaces[0m
[1.113s] [ 21%] [34m[1mGenerating C type support dispatch for ROS interfaces[0m
[1.113s] [ 23%] [34m[1mGenerating C type support for eProsima Fast-RTPS[0m
[1.236s] [ 27%] [32mBuilding CXX object CMakeFiles/info_interfaces__rosidl_typesupport_introspection_cpp.dir/rosidl_typesupport_introspection_cpp/info_interfaces/msg/detail/area__type_support.cpp.o[0m
[1.236s] [ 27%] [32mBuilding CXX object CMakeFiles/info_interfaces__rosidl_typesupport_introspection_cpp.dir/rosidl_typesupport_introspection_cpp/info_interfaces/msg/detail/map__type_support.cpp.o[0m
[1.236s] [ 29%] [32mBuilding CXX object CMakeFiles/info_interfaces__rosidl_typesupport_introspection_cpp.dir/rosidl_typesupport_introspection_cpp/info_interfaces/msg/detail/point__type_support.cpp.o[0m
[1.236s] [ 30%] [32mBuilding CXX object CMakeFiles/info_interfaces__rosidl_typesupport_introspection_cpp.dir/rosidl_typesupport_introspection_cpp/info_interfaces/msg/detail/robot__type_support.cpp.o[0m
[1.237s] [ 32%] [32mBuilding CXX object CMakeFiles/info_interfaces__rosidl_typesupport_cpp.dir/rosidl_typesupport_cpp/info_interfaces/msg/map__type_support.cpp.o[0m
[1.237s] [ 34%] [32mBuilding CXX object CMakeFiles/info_interfaces__rosidl_typesupport_cpp.dir/rosidl_typesupport_cpp/info_interfaces/msg/point__type_support.cpp.o[0m
[1.238s] [ 36%] [32mBuilding CXX object CMakeFiles/info_interfaces__rosidl_typesupport_cpp.dir/rosidl_typesupport_cpp/info_interfaces/msg/area__type_support.cpp.o[0m
[1.238s] [ 38%] [32mBuilding CXX object CMakeFiles/info_interfaces__rosidl_typesupport_cpp.dir/rosidl_typesupport_cpp/info_interfaces/msg/robot__type_support.cpp.o[0m
[1.255s] [ 45%] [32mBuilding CXX object CMakeFiles/info_interfaces__rosidl_typesupport_fastrtps_cpp.dir/rosidl_typesupport_fastrtps_cpp/info_interfaces/msg/detail/dds_fastrtps/area__type_support.cpp.o[0m
[1.255s] [ 45%] [32mBuilding CXX object CMakeFiles/info_interfaces__rosidl_typesupport_fastrtps_cpp.dir/rosidl_typesupport_fastrtps_cpp/info_interfaces/msg/detail/dds_fastrtps/map__type_support.cpp.o[0m
[1.255s] [ 45%] [32mBuilding CXX object CMakeFiles/info_interfaces__rosidl_typesupport_fastrtps_cpp.dir/rosidl_typesupport_fastrtps_cpp/info_interfaces/msg/detail/dds_fastrtps/robot__type_support.cpp.o[0m
[1.255s] [ 45%] [32mBuilding CXX object CMakeFiles/info_interfaces__rosidl_typesupport_fastrtps_cpp.dir/rosidl_typesupport_fastrtps_cpp/info_interfaces/msg/detail/dds_fastrtps/point__type_support.cpp.o[0m
[1.285s] [ 47%] [32mBuilding CXX object CMakeFiles/info_interfaces__rosidl_typesupport_c.dir/rosidl_typesupport_c/info_interfaces/msg/area__type_support.cpp.o[0m
[1.286s] [ 49%] [32mBuilding CXX object CMakeFiles/info_interfaces__rosidl_typesupport_c.dir/rosidl_typesupport_c/info_interfaces/msg/point__type_support.cpp.o[0m
[1.286s] [ 50%] [32mBuilding CXX object CMakeFiles/info_interfaces__rosidl_typesupport_c.dir/rosidl_typesupport_c/info_interfaces/msg/map__type_support.cpp.o[0m
[1.287s] [ 52%] [32mBuilding CXX object CMakeFiles/info_interfaces__rosidl_typesupport_c.dir/rosidl_typesupport_c/info_interfaces/msg/robot__type_support.cpp.o[0m
[1.314s] [ 54%] [32m[1mLinking CXX shared library libinfo_interfaces__rosidl_typesupport_c.so[0m
[1.322s] [ 56%] [32mBuilding C object CMakeFiles/info_interfaces__rosidl_typesupport_introspection_c.dir/rosidl_typesupport_introspection_c/info_interfaces/msg/detail/area__type_support.c.o[0m
[1.322s] [ 58%] [32mBuilding C object CMakeFiles/info_interfaces__rosidl_typesupport_introspection_c.dir/rosidl_typesupport_introspection_c/info_interfaces/msg/detail/map__type_support.c.o[0m
[1.322s] [ 60%] [32mBuilding C object CMakeFiles/info_interfaces__rosidl_typesupport_introspection_c.dir/rosidl_typesupport_introspection_c/info_interfaces/msg/detail/point__type_support.c.o[0m
[1.322s] [ 61%] [32mBuilding C object CMakeFiles/info_interfaces__rosidl_typesupport_introspection_c.dir/rosidl_typesupport_introspection_c/info_interfaces/msg/detail/robot__type_support.c.o[0m
[1.331s] [ 63%] [32mBuilding CXX object CMakeFiles/info_interfaces__rosidl_typesupport_fastrtps_c.dir/rosidl_typesupport_fastrtps_c/info_interfaces/msg/detail/area__type_support_c.cpp.o[0m
[1.331s] [ 67%] [32mBuilding CXX object CMakeFiles/info_interfaces__rosidl_typesupport_fastrtps_c.dir/rosidl_typesupport_fastrtps_c/info_interfaces/msg/detail/robot__type_support_c.cpp.o[0m
[1.332s] [ 67%] [32mBuilding CXX object CMakeFiles/info_interfaces__rosidl_typesupport_fastrtps_c.dir/rosidl_typesupport_fastrtps_c/info_interfaces/msg/detail/map__type_support_c.cpp.o[0m
[1.332s] [ 69%] [32mBuilding CXX object CMakeFiles/info_interfaces__rosidl_typesupport_fastrtps_c.dir/rosidl_typesupport_fastrtps_c/info_interfaces/msg/detail/point__type_support_c.cpp.o[0m
[1.353s] [ 69%] Built target info_interfaces__rosidl_typesupport_c
[1.366s] [ 70%] [32m[1mLinking C shared library libinfo_interfaces__rosidl_typesupport_introspection_c.so[0m
[1.392s] [ 70%] Built target info_interfaces__rosidl_typesupport_introspection_c
[1.577s] [ 72%] [32m[1mLinking CXX shared library libinfo_interfaces__rosidl_typesupport_cpp.so[0m
[1.608s] [ 72%] Built target info_interfaces__rosidl_typesupport_cpp
[1.664s] [ 74%] [32m[1mLinking CXX shared library libinfo_interfaces__rosidl_typesupport_introspection_cpp.so[0m
[1.684s] [ 76%] [32m[1mLinking CXX shared library libinfo_interfaces__rosidl_typesupport_fastrtps_cpp.so[0m
[1.688s] [ 78%] [32m[1mLinking CXX shared library libinfo_interfaces__rosidl_typesupport_fastrtps_c.so[0m
[1.720s] [ 78%] Built target info_interfaces__rosidl_typesupport_introspection_cpp
[1.734s] [ 78%] Built target info_interfaces__rosidl_typesupport_fastrtps_cpp
[1.734s] [ 78%] Built target info_interfaces__rosidl_typesupport_fastrtps_c
[1.743s] [ 78%] Built target info_interfaces
[1.753s] [ 80%] [34m[1mGenerating Python code for ROS interfaces[0m
[2.044s] [ 80%] Built target info_interfaces__py
[2.052s] [ 81%] [32mBuilding C object CMakeFiles/info_interfaces__rosidl_generator_py.dir/rosidl_generator_py/info_interfaces/msg/_area_s.c.o[0m
[2.052s] [ 83%] [32mBuilding C object CMakeFiles/info_interfaces__rosidl_generator_py.dir/rosidl_generator_py/info_interfaces/msg/_map_s.c.o[0m
[2.052s] [ 85%] [32mBuilding C object CMakeFiles/info_interfaces__rosidl_generator_py.dir/rosidl_generator_py/info_interfaces/msg/_point_s.c.o[0m
[2.053s] [ 87%] [32mBuilding C object CMakeFiles/info_interfaces__rosidl_generator_py.dir/rosidl_generator_py/info_interfaces/msg/_robot_s.c.o[0m
[2.124s] [ 89%] [32m[1mLinking C shared library rosidl_generator_py/info_interfaces/libinfo_interfaces__rosidl_generator_py.so[0m
[2.146s] [ 89%] Built target info_interfaces__rosidl_generator_py
[2.157s] [ 94%] [32mBuilding C object CMakeFiles/info_interfaces__rosidl_typesupport_introspection_c__pyext.dir/rosidl_generator_py/info_interfaces/_info_interfaces_s.ep.rosidl_typesupport_introspection_c.c.o[0m
[2.157s] [ 94%] [32mBuilding C object CMakeFiles/info_interfaces__rosidl_typesupport_c__pyext.dir/rosidl_generator_py/info_interfaces/_info_interfaces_s.ep.rosidl_typesupport_c.c.o[0m
[2.157s] [ 94%] [32mBuilding C object CMakeFiles/info_interfaces__rosidl_typesupport_fastrtps_c__pyext.dir/rosidl_generator_py/info_interfaces/_info_interfaces_s.ep.rosidl_typesupport_fastrtps_c.c.o[0m
[2.216s] [ 98%] [32m[1mLinking C shared library rosidl_generator_py/info_interfaces/info_interfaces_s__rosidl_typesupport_c.cpython-310-x86_64-linux-gnu.so[0m
[2.216s] [ 98%] [32m[1mLinking C shared library rosidl_generator_py/info_interfaces/info_interfaces_s__rosidl_typesupport_introspection_c.cpython-310-x86_64-linux-gnu.so[0m
[2.218s] [100%] [32m[1mLinking C shared library rosidl_generator_py/info_interfaces/info_interfaces_s__rosidl_typesupport_fastrtps_c.cpython-310-x86_64-linux-gnu.so[0m
[2.235s] [100%] Built target info_interfaces__rosidl_typesupport_introspection_c__pyext
[2.236s] [100%] Built target info_interfaces__rosidl_typesupport_c__pyext
[2.236s] [100%] Built target info_interfaces__rosidl_typesupport_fastrtps_c__pyext
[2.245s] Invoked command in '/home/wuqilin/ros2_ws/build/info_interfaces' returned '0': CMAKE_PREFIX_PATH=/opt/ros/humble /usr/bin/cmake --build /home/wuqilin/ros2_ws/build/info_interfaces -- -j32 -l32
[2.251s] Invoking command in '/home/wuqilin/ros2_ws/build/info_interfaces': CMAKE_PREFIX_PATH=/opt/ros/humble /usr/bin/cmake --install /home/wuqilin/ros2_ws/build/info_interfaces
[2.254s] -- Install configuration: ""
[2.254s] -- Installing: /home/wuqilin/ros2_ws/install/info_interfaces/share/ament_index/resource_index/rosidl_interfaces/info_interfaces
[2.254s] -- Installing: /home/wuqilin/ros2_ws/install/info_interfaces/include/info_interfaces/info_interfaces
[2.254s] -- Installing: /home/wuqilin/ros2_ws/install/info_interfaces/include/info_interfaces/info_interfaces/msg
[2.254s] -- Installing: /home/wuqilin/ros2_ws/install/info_interfaces/include/info_interfaces/info_interfaces/msg/detail
[2.254s] -- Installing: /home/wuqilin/ros2_ws/install/info_interfaces/include/info_interfaces/info_interfaces/msg/detail/point__functions.h
[2.254s] -- Installing: /home/wuqilin/ros2_ws/install/info_interfaces/include/info_interfaces/info_interfaces/msg/detail/area__functions.c
[2.254s] -- Installing: /home/wuqilin/ros2_ws/install/info_interfaces/include/info_interfaces/info_interfaces/msg/detail/map__type_support.h
[2.255s] -- Installing: /home/wuqilin/ros2_ws/install/info_interfaces/include/info_interfaces/info_interfaces/msg/detail/robot__type_support.h
[2.255s] -- Installing: /home/wuqilin/ros2_ws/install/info_interfaces/include/info_interfaces/info_interfaces/msg/detail/map__functions.h
[2.255s] -- Installing: /home/wuqilin/ros2_ws/install/info_interfaces/include/info_interfaces/info_interfaces/msg/detail/robot__functions.h
[2.255s] -- Installing: /home/wuqilin/ros2_ws/install/info_interfaces/include/info_interfaces/info_interfaces/msg/detail/point__struct.h
[2.255s] -- Installing: /home/wuqilin/ros2_ws/install/info_interfaces/include/info_interfaces/info_interfaces/msg/detail/area__struct.h
[2.255s] -- Installing: /home/wuqilin/ros2_ws/install/info_interfaces/include/info_interfaces/info_interfaces/msg/detail/area__type_support.h
[2.255s] -- Installing: /home/wuqilin/ros2_ws/install/info_interfaces/include/info_interfaces/info_interfaces/msg/detail/map__struct.h
[2.255s] -- Installing: /home/wuqilin/ros2_ws/install/info_interfaces/include/info_interfaces/info_interfaces/msg/detail/robot__functions.c
[2.255s] -- Installing: /home/wuqilin/ros2_ws/install/info_interfaces/include/info_interfaces/info_interfaces/msg/detail/point__type_support.h
[2.255s] -- Installing: /home/wuqilin/ros2_ws/install/info_interfaces/include/info_interfaces/info_interfaces/msg/detail/robot__struct.h
[2.255s] -- Installing: /home/wuqilin/ros2_ws/install/info_interfaces/include/info_interfaces/info_interfaces/msg/detail/point__functions.c
[2.255s] -- Installing: /home/wuqilin/ros2_ws/install/info_interfaces/include/info_interfaces/info_interfaces/msg/detail/map__functions.c
[2.255s] -- Installing: /home/wuqilin/ros2_ws/install/info_interfaces/include/info_interfaces/info_interfaces/msg/detail/area__functions.h
[2.255s] -- Installing: /home/wuqilin/ros2_ws/install/info_interfaces/include/info_interfaces/info_interfaces/msg/area.h
[2.255s] -- Installing: /home/wuqilin/ros2_ws/install/info_interfaces/include/info_interfaces/info_interfaces/msg/robot.h
[2.255s] -- Installing: /home/wuqilin/ros2_ws/install/info_interfaces/include/info_interfaces/info_interfaces/msg/point.h
[2.255s] -- Installing: /home/wuqilin/ros2_ws/install/info_interfaces/include/info_interfaces/info_interfaces/msg/rosidl_generator_c__visibility_control.h
[2.255s] -- Installing: /home/wuqilin/ros2_ws/install/info_interfaces/include/info_interfaces/info_interfaces/msg/map.h
[2.255s] -- Installing: /home/wuqilin/ros2_ws/install/info_interfaces/share/info_interfaces/environment/library_path.sh
[2.255s] -- Installing: /home/wuqilin/ros2_ws/install/info_interfaces/share/info_interfaces/environment/library_path.dsv
[2.255s] -- Installing: /home/wuqilin/ros2_ws/install/info_interfaces/lib/libinfo_interfaces__rosidl_generator_c.so
[2.255s] -- Set runtime path of "/home/wuqilin/ros2_ws/install/info_interfaces/lib/libinfo_interfaces__rosidl_generator_c.so" to ""
[2.255s] -- Up-to-date: /home/wuqilin/ros2_ws/install/info_interfaces/include/info_interfaces/info_interfaces
[2.255s] -- Up-to-date: /home/wuqilin/ros2_ws/install/info_interfaces/include/info_interfaces/info_interfaces/msg
[2.255s] -- Up-to-date: /home/wuqilin/ros2_ws/install/info_interfaces/include/info_interfaces/info_interfaces/msg/detail
[2.255s] -- Installing: /home/wuqilin/ros2_ws/install/info_interfaces/include/info_interfaces/info_interfaces/msg/detail/point__rosidl_typesupport_fastrtps_c.h
[2.255s] -- Installing: /home/wuqilin/ros2_ws/install/info_interfaces/include/info_interfaces/info_interfaces/msg/detail/map__rosidl_typesupport_fastrtps_c.h
[2.255s] -- Installing: /home/wuqilin/ros2_ws/install/info_interfaces/include/info_interfaces/info_interfaces/msg/detail/robot__rosidl_typesupport_fastrtps_c.h
[2.256s] -- Installing: /home/wuqilin/ros2_ws/install/info_interfaces/include/info_interfaces/info_interfaces/msg/detail/area__rosidl_typesupport_fastrtps_c.h
[2.256s] -- Installing: /home/wuqilin/ros2_ws/install/info_interfaces/include/info_interfaces/info_interfaces/msg/rosidl_typesupport_fastrtps_c__visibility_control.h
[2.256s] -- Installing: /home/wuqilin/ros2_ws/install/info_interfaces/lib/libinfo_interfaces__rosidl_typesupport_fastrtps_c.so
[2.256s] -- Set runtime path of "/home/wuqilin/ros2_ws/install/info_interfaces/lib/libinfo_interfaces__rosidl_typesupport_fastrtps_c.so" to ""
[2.256s] -- Up-to-date: /home/wuqilin/ros2_ws/install/info_interfaces/include/info_interfaces/info_interfaces
[2.256s] -- Up-to-date: /home/wuqilin/ros2_ws/install/info_interfaces/include/info_interfaces/info_interfaces/msg
[2.256s] -- Up-to-date: /home/wuqilin/ros2_ws/install/info_interfaces/include/info_interfaces/info_interfaces/msg/detail
[2.256s] -- Installing: /home/wuqilin/ros2_ws/install/info_interfaces/include/info_interfaces/info_interfaces/msg/detail/map__rosidl_typesupport_introspection_c.h
[2.256s] -- Installing: /home/wuqilin/ros2_ws/install/info_interfaces/include/info_interfaces/info_interfaces/msg/detail/point__type_support.c
[2.256s] -- Installing: /home/wuqilin/ros2_ws/install/info_interfaces/include/info_interfaces/info_interfaces/msg/detail/map__type_support.c
[2.256s] -- Installing: /home/wuqilin/ros2_ws/install/info_interfaces/include/info_interfaces/info_interfaces/msg/detail/area__type_support.c
[2.256s] -- Installing: /home/wuqilin/ros2_ws/install/info_interfaces/include/info_interfaces/info_interfaces/msg/detail/area__rosidl_typesupport_introspection_c.h
[2.256s] -- Installing: /home/wuqilin/ros2_ws/install/info_interfaces/include/info_interfaces/info_interfaces/msg/detail/point__rosidl_typesupport_introspection_c.h
[2.256s] -- Installing: /home/wuqilin/ros2_ws/install/info_interfaces/include/info_interfaces/info_interfaces/msg/detail/robot__type_support.c
[2.256s] -- Installing: /home/wuqilin/ros2_ws/install/info_interfaces/include/info_interfaces/info_interfaces/msg/detail/robot__rosidl_typesupport_introspection_c.h
[2.256s] -- Installing: /home/wuqilin/ros2_ws/install/info_interfaces/include/info_interfaces/info_interfaces/msg/rosidl_typesupport_introspection_c__visibility_control.h
[2.256s] -- Installing: /home/wuqilin/ros2_ws/install/info_interfaces/lib/libinfo_interfaces__rosidl_typesupport_introspection_c.so
[2.256s] -- Set runtime path of "/home/wuqilin/ros2_ws/install/info_interfaces/lib/libinfo_interfaces__rosidl_typesupport_introspection_c.so" to ""
[2.256s] -- Installing: /home/wuqilin/ros2_ws/install/info_interfaces/lib/libinfo_interfaces__rosidl_typesupport_c.so
[2.256s] -- Set runtime path of "/home/wuqilin/ros2_ws/install/info_interfaces/lib/libinfo_interfaces__rosidl_typesupport_c.so" to ""
[2.257s] -- Up-to-date: /home/wuqilin/ros2_ws/install/info_interfaces/include/info_interfaces/info_interfaces
[2.257s] -- Up-to-date: /home/wuqilin/ros2_ws/install/info_interfaces/include/info_interfaces/info_interfaces/msg
[2.257s] -- Up-to-date: /home/wuqilin/ros2_ws/install/info_interfaces/include/info_interfaces/info_interfaces/msg/detail
[2.257s] -- Installing: /home/wuqilin/ros2_ws/install/info_interfaces/include/info_interfaces/info_interfaces/msg/detail/area__type_support.hpp
[2.257s] -- Installing: /home/wuqilin/ros2_ws/install/info_interfaces/include/info_interfaces/info_interfaces/msg/detail/robot__builder.hpp
[2.257s] -- Installing: /home/wuqilin/ros2_ws/install/info_interfaces/include/info_interfaces/info_interfaces/msg/detail/map__type_support.hpp
[2.257s] -- Installing: /home/wuqilin/ros2_ws/install/info_interfaces/include/info_interfaces/info_interfaces/msg/detail/point__builder.hpp
[2.257s] -- Installing: /home/wuqilin/ros2_ws/install/info_interfaces/include/info_interfaces/info_interfaces/msg/detail/robot__traits.hpp
[2.257s] -- Installing: /home/wuqilin/ros2_ws/install/info_interfaces/include/info_interfaces/info_interfaces/msg/detail/robot__type_support.hpp
[2.257s] -- Installing: /home/wuqilin/ros2_ws/install/info_interfaces/include/info_interfaces/info_interfaces/msg/detail/map__struct.hpp
[2.257s] -- Installing: /home/wuqilin/ros2_ws/install/info_interfaces/include/info_interfaces/info_interfaces/msg/detail/point__type_support.hpp
[2.257s] -- Installing: /home/wuqilin/ros2_ws/install/info_interfaces/include/info_interfaces/info_interfaces/msg/detail/map__builder.hpp
[2.257s] -- Installing: /home/wuqilin/ros2_ws/install/info_interfaces/include/info_interfaces/info_interfaces/msg/detail/map__traits.hpp
[2.257s] -- Installing: /home/wuqilin/ros2_ws/install/info_interfaces/include/info_interfaces/info_interfaces/msg/detail/robot__struct.hpp
[2.257s] -- Installing: /home/wuqilin/ros2_ws/install/info_interfaces/include/info_interfaces/info_interfaces/msg/detail/point__traits.hpp
[2.257s] -- Installing: /home/wuqilin/ros2_ws/install/info_interfaces/include/info_interfaces/info_interfaces/msg/detail/area__builder.hpp
[2.257s] -- Installing: /home/wuqilin/ros2_ws/install/info_interfaces/include/info_interfaces/info_interfaces/msg/detail/point__struct.hpp
[2.257s] -- Installing: /home/wuqilin/ros2_ws/install/info_interfaces/include/info_interfaces/info_interfaces/msg/detail/area__traits.hpp
[2.257s] -- Installing: /home/wuqilin/ros2_ws/install/info_interfaces/include/info_interfaces/info_interfaces/msg/detail/area__struct.hpp
[2.257s] -- Installing: /home/wuqilin/ros2_ws/install/info_interfaces/include/info_interfaces/info_interfaces/msg/area.hpp
[2.257s] -- Installing: /home/wuqilin/ros2_ws/install/info_interfaces/include/info_interfaces/info_interfaces/msg/map.hpp
[2.258s] -- Installing: /home/wuqilin/ros2_ws/install/info_interfaces/include/info_interfaces/info_interfaces/msg/rosidl_generator_cpp__visibility_control.hpp
[2.258s] -- Installing: /home/wuqilin/ros2_ws/install/info_interfaces/include/info_interfaces/info_interfaces/msg/robot.hpp
[2.258s] -- Installing: /home/wuqilin/ros2_ws/install/info_interfaces/include/info_interfaces/info_interfaces/msg/point.hpp
[2.258s] -- Up-to-date: /home/wuqilin/ros2_ws/install/info_interfaces/include/info_interfaces/info_interfaces
[2.258s] -- Up-to-date: /home/wuqilin/ros2_ws/install/info_interfaces/include/info_interfaces/info_interfaces/msg
[2.258s] -- Installing: /home/wuqilin/ros2_ws/install/info_interfaces/include/info_interfaces/info_interfaces/msg/rosidl_typesupport_fastrtps_cpp__visibility_control.h
[2.258s] -- Up-to-date: /home/wuqilin/ros2_ws/install/info_interfaces/include/info_interfaces/info_interfaces/msg/detail
[2.258s] -- Installing: /home/wuqilin/ros2_ws/install/info_interfaces/include/info_interfaces/info_interfaces/msg/detail/dds_fastrtps
[2.258s] -- Installing: /home/wuqilin/ros2_ws/install/info_interfaces/include/info_interfaces/info_interfaces/msg/detail/area__rosidl_typesupport_fastrtps_cpp.hpp
[2.258s] -- Installing: /home/wuqilin/ros2_ws/install/info_interfaces/include/info_interfaces/info_interfaces/msg/detail/robot__rosidl_typesupport_fastrtps_cpp.hpp
[2.258s] -- Installing: /home/wuqilin/ros2_ws/install/info_interfaces/include/info_interfaces/info_interfaces/msg/detail/map__rosidl_typesupport_fastrtps_cpp.hpp
[2.259s] -- Installing: /home/wuqilin/ros2_ws/install/info_interfaces/include/info_interfaces/info_interfaces/msg/detail/point__rosidl_typesupport_fastrtps_cpp.hpp
[2.259s] -- Installing: /home/wuqilin/ros2_ws/install/info_interfaces/lib/libinfo_interfaces__rosidl_typesupport_fastrtps_cpp.so
[2.259s] -- Set runtime path of "/home/wuqilin/ros2_ws/install/info_interfaces/lib/libinfo_interfaces__rosidl_typesupport_fastrtps_cpp.so" to ""
[2.259s] -- Up-to-date: /home/wuqilin/ros2_ws/install/info_interfaces/include/info_interfaces/info_interfaces
[2.259s] -- Up-to-date: /home/wuqilin/ros2_ws/install/info_interfaces/include/info_interfaces/info_interfaces/msg
[2.259s] -- Up-to-date: /home/wuqilin/ros2_ws/install/info_interfaces/include/info_interfaces/info_interfaces/msg/detail
[2.259s] -- Installing: /home/wuqilin/ros2_ws/install/info_interfaces/include/info_interfaces/info_interfaces/msg/detail/map__rosidl_typesupport_introspection_cpp.hpp
[2.259s] -- Installing: /home/wuqilin/ros2_ws/install/info_interfaces/include/info_interfaces/info_interfaces/msg/detail/point__rosidl_typesupport_introspection_cpp.hpp
[2.259s] -- Installing: /home/wuqilin/ros2_ws/install/info_interfaces/include/info_interfaces/info_interfaces/msg/detail/robot__rosidl_typesupport_introspection_cpp.hpp
[2.259s] -- Installing: /home/wuqilin/ros2_ws/install/info_interfaces/include/info_interfaces/info_interfaces/msg/detail/robot__type_support.cpp
[2.259s] -- Installing: /home/wuqilin/ros2_ws/install/info_interfaces/include/info_interfaces/info_interfaces/msg/detail/map__type_support.cpp
[2.259s] -- Installing: /home/wuqilin/ros2_ws/install/info_interfaces/include/info_interfaces/info_interfaces/msg/detail/area__rosidl_typesupport_introspection_cpp.hpp
[2.259s] -- Installing: /home/wuqilin/ros2_ws/install/info_interfaces/include/info_interfaces/info_interfaces/msg/detail/point__type_support.cpp
[2.259s] -- Installing: /home/wuqilin/ros2_ws/install/info_interfaces/include/info_interfaces/info_interfaces/msg/detail/area__type_support.cpp
[2.260s] -- Installing: /home/wuqilin/ros2_ws/install/info_interfaces/lib/libinfo_interfaces__rosidl_typesupport_introspection_cpp.so
[2.260s] -- Set runtime path of "/home/wuqilin/ros2_ws/install/info_interfaces/lib/libinfo_interfaces__rosidl_typesupport_introspection_cpp.so" to ""
[2.260s] -- Installing: /home/wuqilin/ros2_ws/install/info_interfaces/lib/libinfo_interfaces__rosidl_typesupport_cpp.so
[2.260s] -- Set runtime path of "/home/wuqilin/ros2_ws/install/info_interfaces/lib/libinfo_interfaces__rosidl_typesupport_cpp.so" to ""
[2.261s] -- Installing: /home/wuqilin/ros2_ws/install/info_interfaces/share/info_interfaces/environment/pythonpath.sh
[2.261s] -- Installing: /home/wuqilin/ros2_ws/install/info_interfaces/share/info_interfaces/environment/pythonpath.dsv
[2.261s] -- Installing: /home/wuqilin/ros2_ws/install/info_interfaces/local/lib/python3.10/dist-packages/info_interfaces-0.0.0-py3.10.egg-info
[2.261s] -- Installing: /home/wuqilin/ros2_ws/install/info_interfaces/local/lib/python3.10/dist-packages/info_interfaces-0.0.0-py3.10.egg-info/top_level.txt
[2.261s] -- Installing: /home/wuqilin/ros2_ws/install/info_interfaces/local/lib/python3.10/dist-packages/info_interfaces-0.0.0-py3.10.egg-info/SOURCES.txt
[2.261s] -- Installing: /home/wuqilin/ros2_ws/install/info_interfaces/local/lib/python3.10/dist-packages/info_interfaces-0.0.0-py3.10.egg-info/PKG-INFO
[2.262s] -- Installing: /home/wuqilin/ros2_ws/install/info_interfaces/local/lib/python3.10/dist-packages/info_interfaces-0.0.0-py3.10.egg-info/dependency_links.txt
[2.262s] -- Installing: /home/wuqilin/ros2_ws/install/info_interfaces/local/lib/python3.10/dist-packages/info_interfaces
[2.262s] -- Installing: /home/wuqilin/ros2_ws/install/info_interfaces/local/lib/python3.10/dist-packages/info_interfaces/__init__.py
[2.263s] -- Installing: /home/wuqilin/ros2_ws/install/info_interfaces/local/lib/python3.10/dist-packages/info_interfaces/_info_interfaces_s.ep.rosidl_typesupport_introspection_c.c
[2.263s] -- Installing: /home/wuqilin/ros2_ws/install/info_interfaces/local/lib/python3.10/dist-packages/info_interfaces/info_interfaces_s__rosidl_typesupport_fastrtps_c.cpython-310-x86_64-linux-gnu.so
[2.263s] -- Installing: /home/wuqilin/ros2_ws/install/info_interfaces/local/lib/python3.10/dist-packages/info_interfaces/_info_interfaces_s.ep.rosidl_typesupport_c.c
[2.263s] -- Installing: /home/wuqilin/ros2_ws/install/info_interfaces/local/lib/python3.10/dist-packages/info_interfaces/_info_interfaces_s.ep.rosidl_typesupport_fastrtps_c.c
[2.263s] -- Installing: /home/wuqilin/ros2_ws/install/info_interfaces/local/lib/python3.10/dist-packages/info_interfaces/info_interfaces_s__rosidl_typesupport_introspection_c.cpython-310-x86_64-linux-gnu.so
[2.263s] -- Installing: /home/wuqilin/ros2_ws/install/info_interfaces/local/lib/python3.10/dist-packages/info_interfaces/libinfo_interfaces__rosidl_generator_py.so
[2.263s] -- Installing: /home/wuqilin/ros2_ws/install/info_interfaces/local/lib/python3.10/dist-packages/info_interfaces/msg
[2.263s] -- Installing: /home/wuqilin/ros2_ws/install/info_interfaces/local/lib/python3.10/dist-packages/info_interfaces/msg/_map.py
[2.263s] -- Installing: /home/wuqilin/ros2_ws/install/info_interfaces/local/lib/python3.10/dist-packages/info_interfaces/msg/__init__.py
[2.263s] -- Installing: /home/wuqilin/ros2_ws/install/info_interfaces/local/lib/python3.10/dist-packages/info_interfaces/msg/_area.py
[2.263s] -- Installing: /home/wuqilin/ros2_ws/install/info_interfaces/local/lib/python3.10/dist-packages/info_interfaces/msg/_map_s.c
[2.264s] -- Installing: /home/wuqilin/ros2_ws/install/info_interfaces/local/lib/python3.10/dist-packages/info_interfaces/msg/_robot.py
[2.264s] -- Installing: /home/wuqilin/ros2_ws/install/info_interfaces/local/lib/python3.10/dist-packages/info_interfaces/msg/_point.py
[2.264s] -- Installing: /home/wuqilin/ros2_ws/install/info_interfaces/local/lib/python3.10/dist-packages/info_interfaces/msg/_robot_s.c
[2.264s] -- Installing: /home/wuqilin/ros2_ws/install/info_interfaces/local/lib/python3.10/dist-packages/info_interfaces/msg/_point_s.c
[2.264s] -- Installing: /home/wuqilin/ros2_ws/install/info_interfaces/local/lib/python3.10/dist-packages/info_interfaces/msg/_area_s.c
[2.264s] -- Installing: /home/wuqilin/ros2_ws/install/info_interfaces/local/lib/python3.10/dist-packages/info_interfaces/info_interfaces_s__rosidl_typesupport_c.cpython-310-x86_64-linux-gnu.so
[2.292s] Listing '/home/wuqilin/ros2_ws/install/info_interfaces/local/lib/python3.10/dist-packages/info_interfaces'...
[2.292s] Compiling '/home/wuqilin/ros2_ws/install/info_interfaces/local/lib/python3.10/dist-packages/info_interfaces/__init__.py'...
[2.292s] Listing '/home/wuqilin/ros2_ws/install/info_interfaces/local/lib/python3.10/dist-packages/info_interfaces/msg'...
[2.292s] Compiling '/home/wuqilin/ros2_ws/install/info_interfaces/local/lib/python3.10/dist-packages/info_interfaces/msg/__init__.py'...
[2.292s] Compiling '/home/wuqilin/ros2_ws/install/info_interfaces/local/lib/python3.10/dist-packages/info_interfaces/msg/_area.py'...
[2.292s] Compiling '/home/wuqilin/ros2_ws/install/info_interfaces/local/lib/python3.10/dist-packages/info_interfaces/msg/_map.py'...
[2.292s] Compiling '/home/wuqilin/ros2_ws/install/info_interfaces/local/lib/python3.10/dist-packages/info_interfaces/msg/_point.py'...
[2.292s] Compiling '/home/wuqilin/ros2_ws/install/info_interfaces/local/lib/python3.10/dist-packages/info_interfaces/msg/_robot.py'...
[2.295s] -- Installing: /home/wuqilin/ros2_ws/install/info_interfaces/local/lib/python3.10/dist-packages/info_interfaces/info_interfaces_s__rosidl_typesupport_fastrtps_c.cpython-310-x86_64-linux-gnu.so
[2.295s] -- Set runtime path of "/home/wuqilin/ros2_ws/install/info_interfaces/local/lib/python3.10/dist-packages/info_interfaces/info_interfaces_s__rosidl_typesupport_fastrtps_c.cpython-310-x86_64-linux-gnu.so" to ""
[2.295s] -- Installing: /home/wuqilin/ros2_ws/install/info_interfaces/local/lib/python3.10/dist-packages/info_interfaces/info_interfaces_s__rosidl_typesupport_introspection_c.cpython-310-x86_64-linux-gnu.so
[2.295s] -- Set runtime path of "/home/wuqilin/ros2_ws/install/info_interfaces/local/lib/python3.10/dist-packages/info_interfaces/info_interfaces_s__rosidl_typesupport_introspection_c.cpython-310-x86_64-linux-gnu.so" to ""
[2.295s] -- Installing: /home/wuqilin/ros2_ws/install/info_interfaces/local/lib/python3.10/dist-packages/info_interfaces/info_interfaces_s__rosidl_typesupport_c.cpython-310-x86_64-linux-gnu.so
[2.296s] -- Set runtime path of "/home/wuqilin/ros2_ws/install/info_interfaces/local/lib/python3.10/dist-packages/info_interfaces/info_interfaces_s__rosidl_typesupport_c.cpython-310-x86_64-linux-gnu.so" to ""
[2.296s] -- Installing: /home/wuqilin/ros2_ws/install/info_interfaces/lib/libinfo_interfaces__rosidl_generator_py.so
[2.296s] -- Set runtime path of "/home/wuqilin/ros2_ws/install/info_interfaces/lib/libinfo_interfaces__rosidl_generator_py.so" to ""
[2.296s] -- Installing: /home/wuqilin/ros2_ws/install/info_interfaces/share/info_interfaces/msg/Area.idl
[2.296s] -- Installing: /home/wuqilin/ros2_ws/install/info_interfaces/share/info_interfaces/msg/Map.idl
[2.296s] -- Installing: /home/wuqilin/ros2_ws/install/info_interfaces/share/info_interfaces/msg/Point.idl
[2.296s] -- Installing: /home/wuqilin/ros2_ws/install/info_interfaces/share/info_interfaces/msg/Robot.idl
[2.296s] -- Installing: /home/wuqilin/ros2_ws/install/info_interfaces/share/info_interfaces/msg/Area.msg
[2.296s] -- Installing: /home/wuqilin/ros2_ws/install/info_interfaces/share/info_interfaces/msg/Map.msg
[2.296s] -- Installing: /home/wuqilin/ros2_ws/install/info_interfaces/share/info_interfaces/msg/Point.msg
[2.296s] -- Installing: /home/wuqilin/ros2_ws/install/info_interfaces/share/info_interfaces/msg/Robot.msg
[2.296s] -- Installing: /home/wuqilin/ros2_ws/install/info_interfaces/share/ament_index/resource_index/package_run_dependencies/info_interfaces
[2.296s] -- Installing: /home/wuqilin/ros2_ws/install/info_interfaces/share/ament_index/resource_index/parent_prefix_path/info_interfaces
[2.296s] -- Installing: /home/wuqilin/ros2_ws/install/info_interfaces/share/info_interfaces/environment/ament_prefix_path.sh
[2.297s] -- Installing: /home/wuqilin/ros2_ws/install/info_interfaces/share/info_interfaces/environment/ament_prefix_path.dsv
[2.297s] -- Installing: /home/wuqilin/ros2_ws/install/info_interfaces/share/info_interfaces/environment/path.sh
[2.297s] -- Installing: /home/wuqilin/ros2_ws/install/info_interfaces/share/info_interfaces/environment/path.dsv
[2.297s] -- Installing: /home/wuqilin/ros2_ws/install/info_interfaces/share/info_interfaces/local_setup.bash
[2.298s] -- Installing: /home/wuqilin/ros2_ws/install/info_interfaces/share/info_interfaces/local_setup.sh
[2.298s] -- Installing: /home/wuqilin/ros2_ws/install/info_interfaces/share/info_interfaces/local_setup.zsh
[2.298s] -- Installing: /home/wuqilin/ros2_ws/install/info_interfaces/share/info_interfaces/local_setup.dsv
[2.298s] -- Installing: /home/wuqilin/ros2_ws/install/info_interfaces/share/info_interfaces/package.dsv
[2.298s] -- Installing: /home/wuqilin/ros2_ws/install/info_interfaces/share/ament_index/resource_index/packages/info_interfaces
[2.298s] -- Installing: /home/wuqilin/ros2_ws/install/info_interfaces/share/info_interfaces/cmake/export_info_interfaces__rosidl_generator_cExport.cmake
[2.298s] -- Installing: /home/wuqilin/ros2_ws/install/info_interfaces/share/info_interfaces/cmake/export_info_interfaces__rosidl_generator_cExport-noconfig.cmake
[2.298s] -- Installing: /home/wuqilin/ros2_ws/install/info_interfaces/share/info_interfaces/cmake/export_info_interfaces__rosidl_typesupport_fastrtps_cExport.cmake
[2.298s] -- Installing: /home/wuqilin/ros2_ws/install/info_interfaces/share/info_interfaces/cmake/export_info_interfaces__rosidl_typesupport_fastrtps_cExport-noconfig.cmake
[2.299s] -- Installing: /home/wuqilin/ros2_ws/install/info_interfaces/share/info_interfaces/cmake/info_interfaces__rosidl_typesupport_introspection_cExport.cmake
[2.299s] -- Installing: /home/wuqilin/ros2_ws/install/info_interfaces/share/info_interfaces/cmake/info_interfaces__rosidl_typesupport_introspection_cExport-noconfig.cmake
[2.299s] -- Installing: /home/wuqilin/ros2_ws/install/info_interfaces/share/info_interfaces/cmake/info_interfaces__rosidl_typesupport_cExport.cmake
[2.299s] -- Installing: /home/wuqilin/ros2_ws/install/info_interfaces/share/info_interfaces/cmake/info_interfaces__rosidl_typesupport_cExport-noconfig.cmake
[2.299s] -- Installing: /home/wuqilin/ros2_ws/install/info_interfaces/share/info_interfaces/cmake/export_info_interfaces__rosidl_generator_cppExport.cmake
[2.299s] -- Installing: /home/wuqilin/ros2_ws/install/info_interfaces/share/info_interfaces/cmake/export_info_interfaces__rosidl_typesupport_fastrtps_cppExport.cmake
[2.299s] -- Installing: /home/wuqilin/ros2_ws/install/info_interfaces/share/info_interfaces/cmake/export_info_interfaces__rosidl_typesupport_fastrtps_cppExport-noconfig.cmake
[2.300s] -- Installing: /home/wuqilin/ros2_ws/install/info_interfaces/share/info_interfaces/cmake/info_interfaces__rosidl_typesupport_introspection_cppExport.cmake
[2.300s] -- Installing: /home/wuqilin/ros2_ws/install/info_interfaces/share/info_interfaces/cmake/info_interfaces__rosidl_typesupport_introspection_cppExport-noconfig.cmake
[2.300s] -- Installing: /home/wuqilin/ros2_ws/install/info_interfaces/share/info_interfaces/cmake/info_interfaces__rosidl_typesupport_cppExport.cmake
[2.300s] -- Installing: /home/wuqilin/ros2_ws/install/info_interfaces/share/info_interfaces/cmake/info_interfaces__rosidl_typesupport_cppExport-noconfig.cmake
[2.300s] -- Installing: /home/wuqilin/ros2_ws/install/info_interfaces/share/info_interfaces/cmake/export_info_interfaces__rosidl_generator_pyExport.cmake
[2.300s] -- Installing: /home/wuqilin/ros2_ws/install/info_interfaces/share/info_interfaces/cmake/export_info_interfaces__rosidl_generator_pyExport-noconfig.cmake
[2.300s] -- Installing: /home/wuqilin/ros2_ws/install/info_interfaces/share/info_interfaces/cmake/rosidl_cmake-extras.cmake
[2.300s] -- Installing: /home/wuqilin/ros2_ws/install/info_interfaces/share/info_interfaces/cmake/ament_cmake_export_include_directories-extras.cmake
[2.300s] -- Installing: /home/wuqilin/ros2_ws/install/info_interfaces/share/info_interfaces/cmake/ament_cmake_export_libraries-extras.cmake
[2.300s] -- Installing: /home/wuqilin/ros2_ws/install/info_interfaces/share/info_interfaces/cmake/ament_cmake_export_targets-extras.cmake
[2.300s] -- Installing: /home/wuqilin/ros2_ws/install/info_interfaces/share/info_interfaces/cmake/rosidl_cmake_export_typesupport_targets-extras.cmake
[2.300s] -- Installing: /home/wuqilin/ros2_ws/install/info_interfaces/share/info_interfaces/cmake/ament_cmake_export_dependencies-extras.cmake
[2.300s] -- Installing: /home/wuqilin/ros2_ws/install/info_interfaces/share/info_interfaces/cmake/rosidl_cmake_export_typesupport_libraries-extras.cmake
[2.300s] -- Installing: /home/wuqilin/ros2_ws/install/info_interfaces/share/info_interfaces/cmake/info_interfacesConfig.cmake
[2.300s] -- Installing: /home/wuqilin/ros2_ws/install/info_interfaces/share/info_interfaces/cmake/info_interfacesConfig-version.cmake
[2.300s] -- Installing: /home/wuqilin/ros2_ws/install/info_interfaces/share/info_interfaces/package.xml
[2.301s] Invoked command in '/home/wuqilin/ros2_ws/build/info_interfaces' returned '0': CMAKE_PREFIX_PATH=/opt/ros/humble /usr/bin/cmake --install /home/wuqilin/ros2_ws/build/info_interfaces
