[0.046s] DEBUG:colcon:Command line arguments: ['/usr/bin/colcon', 'build']
[0.046s] DEBUG:colcon:Parsed command line arguments: Namespace(log_base=None, log_level=None, verb_name='build', build_base='build', install_base='install', merge_install=False, symlink_install=False, test_result_base=None, continue_on_error=False, executor='parallel', parallel_workers=32, event_handlers=None, ignore_user_meta=False, metas=['./colcon.meta'], base_paths=['.'], packages_ignore=None, packages_ignore_regex=None, paths=None, packages_up_to=None, packages_up_to_regex=None, packages_above=None, packages_above_and_dependencies=None, packages_above_depth=None, packages_select_by_dep=None, packages_skip_by_dep=None, packages_skip_up_to=None, packages_select_build_failed=False, packages_skip_build_finished=False, packages_select_test_failures=False, packages_skip_test_passed=False, packages_select=None, packages_skip=None, packages_select_regex=None, packages_skip_regex=None, packages_start=None, packages_end=None, allow_overriding=[], cmake_args=None, cmake_target=None, cmake_target_skip_unavailable=False, cmake_clean_cache=False, cmake_clean_first=False, cmake_force_configure=False, ament_cmake_args=None, catkin_cmake_args=None, catkin_skip_building_tests=False, verb_parser=<colcon_defaults.argument_parser.defaults.DefaultArgumentsDecorator object at 0x73a7c7327190>, verb_extension=<colcon_core.verb.build.BuildVerb object at 0x73a7c7326d40>, main=<bound method BuildVerb.main of <colcon_core.verb.build.BuildVerb object at 0x73a7c7326d40>>)
[0.121s] Level 1:colcon.colcon_core.package_discovery:discover_packages(colcon_meta) check parameters
[0.121s] Level 1:colcon.colcon_core.package_discovery:discover_packages(recursive) check parameters
[0.121s] Level 1:colcon.colcon_core.package_discovery:discover_packages(ignore) check parameters
[0.121s] Level 1:colcon.colcon_core.package_discovery:discover_packages(path) check parameters
[0.121s] Level 1:colcon.colcon_core.package_discovery:discover_packages(colcon_meta) discover
[0.121s] Level 1:colcon.colcon_core.package_discovery:discover_packages(recursive) discover
[0.122s] INFO:colcon.colcon_core.package_discovery:Crawling recursively for packages in '/home/wuqilin/ros2_ws'
[0.122s] Level 1:colcon.colcon_core.package_identification:_identify(.) by extensions ['ignore', 'ignore_ament_install']
[0.122s] Level 1:colcon.colcon_core.package_identification:_identify(.) by extension 'ignore'
[0.122s] Level 1:colcon.colcon_core.package_identification:_identify(.) by extension 'ignore_ament_install'
[0.122s] Level 1:colcon.colcon_core.package_identification:_identify(.) by extensions ['colcon_pkg']
[0.122s] Level 1:colcon.colcon_core.package_identification:_identify(.) by extension 'colcon_pkg'
[0.122s] Level 1:colcon.colcon_core.package_identification:_identify(.) by extensions ['colcon_meta']
[0.122s] Level 1:colcon.colcon_core.package_identification:_identify(.) by extension 'colcon_meta'
[0.122s] Level 1:colcon.colcon_core.package_identification:_identify(.) by extensions ['ros']
[0.122s] Level 1:colcon.colcon_core.package_identification:_identify(.) by extension 'ros'
[0.127s] Level 1:colcon.colcon_core.package_identification:_identify(.) by extensions ['cmake', 'python']
[0.127s] Level 1:colcon.colcon_core.package_identification:_identify(.) by extension 'cmake'
[0.127s] Level 1:colcon.colcon_core.package_identification:_identify(.) by extension 'python'
[0.127s] Level 1:colcon.colcon_core.package_identification:_identify(.) by extensions ['python_setup_py']
[0.127s] Level 1:colcon.colcon_core.package_identification:_identify(.) by extension 'python_setup_py'
[0.127s] Level 1:colcon.colcon_core.package_identification:_identify(build) by extensions ['ignore', 'ignore_ament_install']
[0.127s] Level 1:colcon.colcon_core.package_identification:_identify(build) by extension 'ignore'
[0.127s] Level 1:colcon.colcon_core.package_identification:_identify(build) ignored
[0.127s] Level 1:colcon.colcon_core.package_identification:_identify(install) by extensions ['ignore', 'ignore_ament_install']
[0.127s] Level 1:colcon.colcon_core.package_identification:_identify(install) by extension 'ignore'
[0.127s] Level 1:colcon.colcon_core.package_identification:_identify(install) ignored
[0.127s] Level 1:colcon.colcon_core.package_identification:_identify(log) by extensions ['ignore', 'ignore_ament_install']
[0.128s] Level 1:colcon.colcon_core.package_identification:_identify(log) by extension 'ignore'
[0.128s] Level 1:colcon.colcon_core.package_identification:_identify(log) ignored
[0.128s] Level 1:colcon.colcon_core.package_identification:_identify(src) by extensions ['ignore', 'ignore_ament_install']
[0.128s] Level 1:colcon.colcon_core.package_identification:_identify(src) by extension 'ignore'
[0.128s] Level 1:colcon.colcon_core.package_identification:_identify(src) by extension 'ignore_ament_install'
[0.128s] Level 1:colcon.colcon_core.package_identification:_identify(src) by extensions ['colcon_pkg']
[0.128s] Level 1:colcon.colcon_core.package_identification:_identify(src) by extension 'colcon_pkg'
[0.128s] Level 1:colcon.colcon_core.package_identification:_identify(src) by extensions ['colcon_meta']
[0.128s] Level 1:colcon.colcon_core.package_identification:_identify(src) by extension 'colcon_meta'
[0.128s] Level 1:colcon.colcon_core.package_identification:_identify(src) by extensions ['ros']
[0.128s] Level 1:colcon.colcon_core.package_identification:_identify(src) by extension 'ros'
[0.128s] Level 1:colcon.colcon_core.package_identification:_identify(src) by extensions ['cmake', 'python']
[0.128s] Level 1:colcon.colcon_core.package_identification:_identify(src) by extension 'cmake'
[0.128s] Level 1:colcon.colcon_core.package_identification:_identify(src) by extension 'python'
[0.128s] Level 1:colcon.colcon_core.package_identification:_identify(src) by extensions ['python_setup_py']
[0.128s] Level 1:colcon.colcon_core.package_identification:_identify(src) by extension 'python_setup_py'
[0.128s] Level 1:colcon.colcon_core.package_identification:_identify(src/answer) by extensions ['ignore', 'ignore_ament_install']
[0.128s] Level 1:colcon.colcon_core.package_identification:_identify(src/answer) by extension 'ignore'
[0.128s] Level 1:colcon.colcon_core.package_identification:_identify(src/answer) by extension 'ignore_ament_install'
[0.128s] Level 1:colcon.colcon_core.package_identification:_identify(src/answer) by extensions ['colcon_pkg']
[0.128s] Level 1:colcon.colcon_core.package_identification:_identify(src/answer) by extension 'colcon_pkg'
[0.128s] Level 1:colcon.colcon_core.package_identification:_identify(src/answer) by extensions ['colcon_meta']
[0.128s] Level 1:colcon.colcon_core.package_identification:_identify(src/answer) by extension 'colcon_meta'
[0.128s] Level 1:colcon.colcon_core.package_identification:_identify(src/answer) by extensions ['ros']
[0.128s] Level 1:colcon.colcon_core.package_identification:_identify(src/answer) by extension 'ros'
[0.129s] DEBUG:colcon.colcon_core.package_identification:Package 'src/answer' with type 'ros.ament_cmake' and name 'answer'
[0.130s] Level 1:colcon.colcon_core.package_identification:_identify(src/info_interfaces) by extensions ['ignore', 'ignore_ament_install']
[0.130s] Level 1:colcon.colcon_core.package_identification:_identify(src/info_interfaces) by extension 'ignore'
[0.130s] Level 1:colcon.colcon_core.package_identification:_identify(src/info_interfaces) by extension 'ignore_ament_install'
[0.130s] Level 1:colcon.colcon_core.package_identification:_identify(src/info_interfaces) by extensions ['colcon_pkg']
[0.130s] Level 1:colcon.colcon_core.package_identification:_identify(src/info_interfaces) by extension 'colcon_pkg'
[0.130s] Level 1:colcon.colcon_core.package_identification:_identify(src/info_interfaces) by extensions ['colcon_meta']
[0.130s] Level 1:colcon.colcon_core.package_identification:_identify(src/info_interfaces) by extension 'colcon_meta'
[0.130s] Level 1:colcon.colcon_core.package_identification:_identify(src/info_interfaces) by extensions ['ros']
[0.130s] Level 1:colcon.colcon_core.package_identification:_identify(src/info_interfaces) by extension 'ros'
[0.131s] DEBUG:colcon.colcon_core.package_identification:Package 'src/info_interfaces' with type 'ros.ament_cmake' and name 'info_interfaces'
[0.131s] Level 1:colcon.colcon_core.package_identification:_identify(src/release) by extensions ['ignore', 'ignore_ament_install']
[0.131s] Level 1:colcon.colcon_core.package_identification:_identify(src/release) by extension 'ignore'
[0.131s] Level 1:colcon.colcon_core.package_identification:_identify(src/release) by extension 'ignore_ament_install'
[0.131s] Level 1:colcon.colcon_core.package_identification:_identify(src/release) by extensions ['colcon_pkg']
[0.131s] Level 1:colcon.colcon_core.package_identification:_identify(src/release) by extension 'colcon_pkg'
[0.131s] Level 1:colcon.colcon_core.package_identification:_identify(src/release) by extensions ['colcon_meta']
[0.131s] Level 1:colcon.colcon_core.package_identification:_identify(src/release) by extension 'colcon_meta'
[0.131s] Level 1:colcon.colcon_core.package_identification:_identify(src/release) by extensions ['ros']
[0.131s] Level 1:colcon.colcon_core.package_identification:_identify(src/release) by extension 'ros'
[0.131s] Level 1:colcon.colcon_core.package_identification:_identify(src/release) by extensions ['cmake', 'python']
[0.131s] Level 1:colcon.colcon_core.package_identification:_identify(src/release) by extension 'cmake'
[0.131s] Level 1:colcon.colcon_core.package_identification:_identify(src/release) by extension 'python'
[0.131s] Level 1:colcon.colcon_core.package_identification:_identify(src/release) by extensions ['python_setup_py']
[0.131s] Level 1:colcon.colcon_core.package_identification:_identify(src/release) by extension 'python_setup_py'
[0.131s] Level 1:colcon.colcon_core.package_discovery:discover_packages(recursive) using defaults
[0.131s] Level 1:colcon.colcon_core.package_discovery:discover_packages(ignore) discover
[0.131s] Level 1:colcon.colcon_core.package_discovery:discover_packages(ignore) using defaults
[0.131s] Level 1:colcon.colcon_core.package_discovery:discover_packages(path) discover
[0.131s] Level 1:colcon.colcon_core.package_discovery:discover_packages(path) using defaults
[0.144s] Level 1:colcon.colcon_core.package_discovery:discover_packages(prefix_path) check parameters
[0.144s] Level 1:colcon.colcon_core.package_discovery:discover_packages(prefix_path) discover
[0.145s] DEBUG:colcon.colcon_installed_package_information.package_discovery:Found 2 installed packages in /home/wuqilin/ros2_ws/install
[0.146s] DEBUG:colcon.colcon_installed_package_information.package_discovery:Found 272 installed packages in /opt/ros/humble
[0.151s] Level 1:colcon.colcon_core.package_discovery:discover_packages(prefix_path) using defaults
[0.166s] Level 5:colcon.colcon_core.verb:set package 'info_interfaces' build argument 'cmake_args' from command line to 'None'
[0.166s] Level 5:colcon.colcon_core.verb:set package 'info_interfaces' build argument 'cmake_target' from command line to 'None'
[0.166s] Level 5:colcon.colcon_core.verb:set package 'info_interfaces' build argument 'cmake_target_skip_unavailable' from command line to 'False'
[0.166s] Level 5:colcon.colcon_core.verb:set package 'info_interfaces' build argument 'cmake_clean_cache' from command line to 'False'
[0.166s] Level 5:colcon.colcon_core.verb:set package 'info_interfaces' build argument 'cmake_clean_first' from command line to 'False'
[0.166s] Level 5:colcon.colcon_core.verb:set package 'info_interfaces' build argument 'cmake_force_configure' from command line to 'False'
[0.166s] Level 5:colcon.colcon_core.verb:set package 'info_interfaces' build argument 'ament_cmake_args' from command line to 'None'
[0.166s] Level 5:colcon.colcon_core.verb:set package 'info_interfaces' build argument 'catkin_cmake_args' from command line to 'None'
[0.166s] Level 5:colcon.colcon_core.verb:set package 'info_interfaces' build argument 'catkin_skip_building_tests' from command line to 'False'
[0.166s] DEBUG:colcon.colcon_core.verb:Building package 'info_interfaces' with the following arguments: {'ament_cmake_args': None, 'build_base': '/home/wuqilin/ros2_ws/build/info_interfaces', 'catkin_cmake_args': None, 'catkin_skip_building_tests': False, 'cmake_args': None, 'cmake_clean_cache': False, 'cmake_clean_first': False, 'cmake_force_configure': False, 'cmake_target': None, 'cmake_target_skip_unavailable': False, 'install_base': '/home/wuqilin/ros2_ws/install/info_interfaces', 'merge_install': False, 'path': '/home/wuqilin/ros2_ws/src/info_interfaces', 'symlink_install': False, 'test_result_base': None}
[0.166s] Level 5:colcon.colcon_core.verb:set package 'answer' build argument 'cmake_args' from command line to 'None'
[0.166s] Level 5:colcon.colcon_core.verb:set package 'answer' build argument 'cmake_target' from command line to 'None'
[0.166s] Level 5:colcon.colcon_core.verb:set package 'answer' build argument 'cmake_target_skip_unavailable' from command line to 'False'
[0.166s] Level 5:colcon.colcon_core.verb:set package 'answer' build argument 'cmake_clean_cache' from command line to 'False'
[0.166s] Level 5:colcon.colcon_core.verb:set package 'answer' build argument 'cmake_clean_first' from command line to 'False'
[0.166s] Level 5:colcon.colcon_core.verb:set package 'answer' build argument 'cmake_force_configure' from command line to 'False'
[0.166s] Level 5:colcon.colcon_core.verb:set package 'answer' build argument 'ament_cmake_args' from command line to 'None'
[0.166s] Level 5:colcon.colcon_core.verb:set package 'answer' build argument 'catkin_cmake_args' from command line to 'None'
[0.166s] Level 5:colcon.colcon_core.verb:set package 'answer' build argument 'catkin_skip_building_tests' from command line to 'False'
[0.166s] DEBUG:colcon.colcon_core.verb:Building package 'answer' with the following arguments: {'ament_cmake_args': None, 'build_base': '/home/wuqilin/ros2_ws/build/answer', 'catkin_cmake_args': None, 'catkin_skip_building_tests': False, 'cmake_args': None, 'cmake_clean_cache': False, 'cmake_clean_first': False, 'cmake_force_configure': False, 'cmake_target': None, 'cmake_target_skip_unavailable': False, 'install_base': '/home/wuqilin/ros2_ws/install/answer', 'merge_install': False, 'path': '/home/wuqilin/ros2_ws/src/answer', 'symlink_install': False, 'test_result_base': None}
[0.167s] INFO:colcon.colcon_core.executor:Executing jobs using 'parallel' executor
[0.167s] DEBUG:colcon.colcon_parallel_executor.executor.parallel:run_until_complete
[0.167s] INFO:colcon.colcon_ros.task.ament_cmake.build:Building ROS package in '/home/wuqilin/ros2_ws/src/info_interfaces' with build type 'ament_cmake'
[0.167s] INFO:colcon.colcon_cmake.task.cmake.build:Building CMake package in '/home/wuqilin/ros2_ws/src/info_interfaces'
[0.168s] INFO:colcon.colcon_core.plugin_system:Skipping extension 'colcon_core.shell.bat': Not used on non-Windows systems
[0.169s] INFO:colcon.colcon_core.shell:Skip shell extension 'powershell' for command environment: Not usable outside of PowerShell
[0.169s] DEBUG:colcon.colcon_core.shell:Skip shell extension 'dsv' for command environment
[0.174s] DEBUG:colcon.colcon_core.event_handler.log_command:Invoking command in '/home/wuqilin/ros2_ws/build/info_interfaces': CMAKE_PREFIX_PATH=${CMAKE_PREFIX_PATH}:/opt/ros/humble /usr/bin/cmake --build /home/wuqilin/ros2_ws/build/info_interfaces -- -j32 -l32
[0.337s] DEBUG:colcon.colcon_core.event_handler.log_command:Invoked command in '/home/wuqilin/ros2_ws/build/info_interfaces' returned '0': CMAKE_PREFIX_PATH=${CMAKE_PREFIX_PATH}:/opt/ros/humble /usr/bin/cmake --build /home/wuqilin/ros2_ws/build/info_interfaces -- -j32 -l32
[0.341s] DEBUG:colcon.colcon_core.event_handler.log_command:Invoking command in '/home/wuqilin/ros2_ws/build/info_interfaces': CMAKE_PREFIX_PATH=${CMAKE_PREFIX_PATH}:/opt/ros/humble /usr/bin/cmake --install /home/wuqilin/ros2_ws/build/info_interfaces
[0.371s] Level 1:colcon.colcon_core.environment:create_environment_scripts_only(info_interfaces)
[0.371s] DEBUG:colcon.colcon_core.event_handler.log_command:Invoked command in '/home/wuqilin/ros2_ws/build/info_interfaces' returned '0': CMAKE_PREFIX_PATH=${CMAKE_PREFIX_PATH}:/opt/ros/humble /usr/bin/cmake --install /home/wuqilin/ros2_ws/build/info_interfaces
[0.372s] Level 1:colcon.colcon_core.environment:checking '/home/wuqilin/ros2_ws/install/info_interfaces' for CMake module files
[0.372s] Level 1:colcon.colcon_core.environment:checking '/home/wuqilin/ros2_ws/install/info_interfaces' for CMake config files
[0.373s] Level 1:colcon.colcon_core.shell:create_environment_hook('info_interfaces', 'cmake_prefix_path')
[0.373s] INFO:colcon.colcon_core.shell:Creating environment hook '/home/wuqilin/ros2_ws/install/info_interfaces/share/info_interfaces/hook/cmake_prefix_path.ps1'
[0.373s] INFO:colcon.colcon_core.shell:Creating environment descriptor '/home/wuqilin/ros2_ws/install/info_interfaces/share/info_interfaces/hook/cmake_prefix_path.dsv'
[0.373s] INFO:colcon.colcon_core.shell:Creating environment hook '/home/wuqilin/ros2_ws/install/info_interfaces/share/info_interfaces/hook/cmake_prefix_path.sh'
[0.374s] Level 1:colcon.colcon_core.environment:checking '/home/wuqilin/ros2_ws/install/info_interfaces/lib'
[0.374s] Level 1:colcon.colcon_core.shell:create_environment_hook('info_interfaces', 'ld_library_path_lib')
[0.374s] INFO:colcon.colcon_core.shell:Creating environment hook '/home/wuqilin/ros2_ws/install/info_interfaces/share/info_interfaces/hook/ld_library_path_lib.ps1'
[0.374s] INFO:colcon.colcon_core.shell:Creating environment descriptor '/home/wuqilin/ros2_ws/install/info_interfaces/share/info_interfaces/hook/ld_library_path_lib.dsv'
[0.374s] INFO:colcon.colcon_core.shell:Creating environment hook '/home/wuqilin/ros2_ws/install/info_interfaces/share/info_interfaces/hook/ld_library_path_lib.sh'
[0.374s] Level 1:colcon.colcon_core.environment:checking '/home/wuqilin/ros2_ws/install/info_interfaces/bin'
[0.374s] Level 1:colcon.colcon_core.environment:checking '/home/wuqilin/ros2_ws/install/info_interfaces/lib/pkgconfig/info_interfaces.pc'
[0.375s] Level 1:colcon.colcon_core.environment:checking '/home/wuqilin/ros2_ws/install/info_interfaces/lib/python3.10/site-packages'
[0.375s] Level 1:colcon.colcon_core.environment:checking '/home/wuqilin/ros2_ws/install/info_interfaces/bin'
[0.375s] INFO:colcon.colcon_core.shell:Creating package script '/home/wuqilin/ros2_ws/install/info_interfaces/share/info_interfaces/package.ps1'
[0.375s] INFO:colcon.colcon_core.shell:Creating package descriptor '/home/wuqilin/ros2_ws/install/info_interfaces/share/info_interfaces/package.dsv'
[0.376s] INFO:colcon.colcon_core.shell:Creating package script '/home/wuqilin/ros2_ws/install/info_interfaces/share/info_interfaces/package.sh'
[0.376s] INFO:colcon.colcon_core.shell:Creating package script '/home/wuqilin/ros2_ws/install/info_interfaces/share/info_interfaces/package.bash'
[0.376s] INFO:colcon.colcon_core.shell:Creating package script '/home/wuqilin/ros2_ws/install/info_interfaces/share/info_interfaces/package.zsh'
[0.377s] Level 1:colcon.colcon_core.environment:create_file_with_runtime_dependencies(/home/wuqilin/ros2_ws/install/info_interfaces/share/colcon-core/packages/info_interfaces)
[0.377s] Level 1:colcon.colcon_core.environment:create_environment_scripts_only(info_interfaces)
[0.377s] Level 1:colcon.colcon_core.environment:checking '/home/wuqilin/ros2_ws/install/info_interfaces' for CMake module files
[0.377s] Level 1:colcon.colcon_core.environment:checking '/home/wuqilin/ros2_ws/install/info_interfaces' for CMake config files
[0.378s] Level 1:colcon.colcon_core.shell:create_environment_hook('info_interfaces', 'cmake_prefix_path')
[0.378s] INFO:colcon.colcon_core.shell:Creating environment hook '/home/wuqilin/ros2_ws/install/info_interfaces/share/info_interfaces/hook/cmake_prefix_path.ps1'
[0.378s] INFO:colcon.colcon_core.shell:Creating environment descriptor '/home/wuqilin/ros2_ws/install/info_interfaces/share/info_interfaces/hook/cmake_prefix_path.dsv'
[0.378s] INFO:colcon.colcon_core.shell:Creating environment hook '/home/wuqilin/ros2_ws/install/info_interfaces/share/info_interfaces/hook/cmake_prefix_path.sh'
[0.378s] Level 1:colcon.colcon_core.environment:checking '/home/wuqilin/ros2_ws/install/info_interfaces/lib'
[0.378s] Level 1:colcon.colcon_core.shell:create_environment_hook('info_interfaces', 'ld_library_path_lib')
[0.379s] INFO:colcon.colcon_core.shell:Creating environment hook '/home/wuqilin/ros2_ws/install/info_interfaces/share/info_interfaces/hook/ld_library_path_lib.ps1'
[0.379s] INFO:colcon.colcon_core.shell:Creating environment descriptor '/home/wuqilin/ros2_ws/install/info_interfaces/share/info_interfaces/hook/ld_library_path_lib.dsv'
[0.379s] INFO:colcon.colcon_core.shell:Creating environment hook '/home/wuqilin/ros2_ws/install/info_interfaces/share/info_interfaces/hook/ld_library_path_lib.sh'
[0.379s] Level 1:colcon.colcon_core.environment:checking '/home/wuqilin/ros2_ws/install/info_interfaces/bin'
[0.379s] Level 1:colcon.colcon_core.environment:checking '/home/wuqilin/ros2_ws/install/info_interfaces/lib/pkgconfig/info_interfaces.pc'
[0.379s] Level 1:colcon.colcon_core.environment:checking '/home/wuqilin/ros2_ws/install/info_interfaces/lib/python3.10/site-packages'
[0.379s] Level 1:colcon.colcon_core.environment:checking '/home/wuqilin/ros2_ws/install/info_interfaces/bin'
[0.380s] INFO:colcon.colcon_core.shell:Creating package script '/home/wuqilin/ros2_ws/install/info_interfaces/share/info_interfaces/package.ps1'
[0.380s] INFO:colcon.colcon_core.shell:Creating package descriptor '/home/wuqilin/ros2_ws/install/info_interfaces/share/info_interfaces/package.dsv'
[0.380s] INFO:colcon.colcon_core.shell:Creating package script '/home/wuqilin/ros2_ws/install/info_interfaces/share/info_interfaces/package.sh'
[0.381s] INFO:colcon.colcon_core.shell:Creating package script '/home/wuqilin/ros2_ws/install/info_interfaces/share/info_interfaces/package.bash'
[0.381s] INFO:colcon.colcon_core.shell:Creating package script '/home/wuqilin/ros2_ws/install/info_interfaces/share/info_interfaces/package.zsh'
[0.381s] Level 1:colcon.colcon_core.environment:create_file_with_runtime_dependencies(/home/wuqilin/ros2_ws/install/info_interfaces/share/colcon-core/packages/info_interfaces)
[0.381s] INFO:colcon.colcon_ros.task.ament_cmake.build:Building ROS package in '/home/wuqilin/ros2_ws/src/answer' with build type 'ament_cmake'
[0.381s] INFO:colcon.colcon_cmake.task.cmake.build:Building CMake package in '/home/wuqilin/ros2_ws/src/answer'
[0.382s] INFO:colcon.colcon_core.shell:Skip shell extension 'powershell' for command environment: Not usable outside of PowerShell
[0.382s] DEBUG:colcon.colcon_core.shell:Skip shell extension 'dsv' for command environment
[0.392s] DEBUG:colcon.colcon_core.event_handler.log_command:Invoking command in '/home/wuqilin/ros2_ws/build/answer': CMAKE_PREFIX_PATH=/home/wuqilin/ros2_ws/install/info_interfaces:/home/wuqilin/ros2_ws/install/answer:/opt/ros/humble /usr/bin/cmake --build /home/wuqilin/ros2_ws/build/answer -- -j32 -l32
[10.427s] DEBUG:colcon.colcon_core.event_handler.log_command:Invoked command in '/home/wuqilin/ros2_ws/build/answer' returned '0': CMAKE_PREFIX_PATH=/home/wuqilin/ros2_ws/install/info_interfaces:/home/wuqilin/ros2_ws/install/answer:/opt/ros/humble /usr/bin/cmake --build /home/wuqilin/ros2_ws/build/answer -- -j32 -l32
[10.428s] DEBUG:colcon.colcon_core.event_handler.log_command:Invoking command in '/home/wuqilin/ros2_ws/build/answer': CMAKE_PREFIX_PATH=/home/wuqilin/ros2_ws/install/info_interfaces:/home/wuqilin/ros2_ws/install/answer:/opt/ros/humble /usr/bin/cmake --install /home/wuqilin/ros2_ws/build/answer
[10.436s] Level 1:colcon.colcon_core.environment:create_environment_scripts_only(answer)
[10.437s] Level 1:colcon.colcon_core.environment:checking '/home/wuqilin/ros2_ws/install/answer' for CMake module files
[10.437s] DEBUG:colcon.colcon_core.event_handler.log_command:Invoked command in '/home/wuqilin/ros2_ws/build/answer' returned '0': CMAKE_PREFIX_PATH=/home/wuqilin/ros2_ws/install/info_interfaces:/home/wuqilin/ros2_ws/install/answer:/opt/ros/humble /usr/bin/cmake --install /home/wuqilin/ros2_ws/build/answer
[10.437s] Level 1:colcon.colcon_core.environment:checking '/home/wuqilin/ros2_ws/install/answer' for CMake config files
[10.437s] Level 1:colcon.colcon_core.shell:create_environment_hook('answer', 'cmake_prefix_path')
[10.437s] INFO:colcon.colcon_core.shell:Creating environment hook '/home/wuqilin/ros2_ws/install/answer/share/answer/hook/cmake_prefix_path.ps1'
[10.438s] INFO:colcon.colcon_core.shell:Creating environment descriptor '/home/wuqilin/ros2_ws/install/answer/share/answer/hook/cmake_prefix_path.dsv'
[10.438s] INFO:colcon.colcon_core.shell:Creating environment hook '/home/wuqilin/ros2_ws/install/answer/share/answer/hook/cmake_prefix_path.sh'
[10.438s] Level 1:colcon.colcon_core.environment:checking '/home/wuqilin/ros2_ws/install/answer/lib'
[10.438s] Level 1:colcon.colcon_core.environment:checking '/home/wuqilin/ros2_ws/install/answer/bin'
[10.438s] Level 1:colcon.colcon_core.environment:checking '/home/wuqilin/ros2_ws/install/answer/lib/pkgconfig/answer.pc'
[10.438s] Level 1:colcon.colcon_core.environment:checking '/home/wuqilin/ros2_ws/install/answer/lib/python3.10/site-packages'
[10.438s] Level 1:colcon.colcon_core.environment:checking '/home/wuqilin/ros2_ws/install/answer/bin'
[10.438s] INFO:colcon.colcon_core.shell:Creating package script '/home/wuqilin/ros2_ws/install/answer/share/answer/package.ps1'
[10.439s] INFO:colcon.colcon_core.shell:Creating package descriptor '/home/wuqilin/ros2_ws/install/answer/share/answer/package.dsv'
[10.439s] INFO:colcon.colcon_core.shell:Creating package script '/home/wuqilin/ros2_ws/install/answer/share/answer/package.sh'
[10.439s] INFO:colcon.colcon_core.shell:Creating package script '/home/wuqilin/ros2_ws/install/answer/share/answer/package.bash'
[10.439s] INFO:colcon.colcon_core.shell:Creating package script '/home/wuqilin/ros2_ws/install/answer/share/answer/package.zsh'
[10.439s] Level 1:colcon.colcon_core.environment:create_file_with_runtime_dependencies(/home/wuqilin/ros2_ws/install/answer/share/colcon-core/packages/answer)
[10.439s] Level 1:colcon.colcon_core.environment:create_environment_scripts_only(answer)
[10.440s] Level 1:colcon.colcon_core.environment:checking '/home/wuqilin/ros2_ws/install/answer' for CMake module files
[10.440s] Level 1:colcon.colcon_core.environment:checking '/home/wuqilin/ros2_ws/install/answer' for CMake config files
[10.440s] Level 1:colcon.colcon_core.shell:create_environment_hook('answer', 'cmake_prefix_path')
[10.440s] INFO:colcon.colcon_core.shell:Creating environment hook '/home/wuqilin/ros2_ws/install/answer/share/answer/hook/cmake_prefix_path.ps1'
[10.440s] INFO:colcon.colcon_core.shell:Creating environment descriptor '/home/wuqilin/ros2_ws/install/answer/share/answer/hook/cmake_prefix_path.dsv'
[10.440s] INFO:colcon.colcon_core.shell:Creating environment hook '/home/wuqilin/ros2_ws/install/answer/share/answer/hook/cmake_prefix_path.sh'
[10.441s] Level 1:colcon.colcon_core.environment:checking '/home/wuqilin/ros2_ws/install/answer/lib'
[10.441s] Level 1:colcon.colcon_core.environment:checking '/home/wuqilin/ros2_ws/install/answer/bin'
[10.441s] Level 1:colcon.colcon_core.environment:checking '/home/wuqilin/ros2_ws/install/answer/lib/pkgconfig/answer.pc'
[10.441s] Level 1:colcon.colcon_core.environment:checking '/home/wuqilin/ros2_ws/install/answer/lib/python3.10/site-packages'
[10.441s] Level 1:colcon.colcon_core.environment:checking '/home/wuqilin/ros2_ws/install/answer/bin'
[10.441s] INFO:colcon.colcon_core.shell:Creating package script '/home/wuqilin/ros2_ws/install/answer/share/answer/package.ps1'
[10.441s] INFO:colcon.colcon_core.shell:Creating package descriptor '/home/wuqilin/ros2_ws/install/answer/share/answer/package.dsv'
[10.441s] INFO:colcon.colcon_core.shell:Creating package script '/home/wuqilin/ros2_ws/install/answer/share/answer/package.sh'
[10.442s] INFO:colcon.colcon_core.shell:Creating package script '/home/wuqilin/ros2_ws/install/answer/share/answer/package.bash'
[10.442s] INFO:colcon.colcon_core.shell:Creating package script '/home/wuqilin/ros2_ws/install/answer/share/answer/package.zsh'
[10.442s] Level 1:colcon.colcon_core.environment:create_file_with_runtime_dependencies(/home/wuqilin/ros2_ws/install/answer/share/colcon-core/packages/answer)
[10.442s] DEBUG:colcon.colcon_parallel_executor.executor.parallel:closing loop
[10.443s] DEBUG:colcon.colcon_parallel_executor.executor.parallel:loop closed
[10.443s] DEBUG:colcon.colcon_parallel_executor.executor.parallel:run_until_complete finished with '0'
[10.443s] DEBUG:colcon.colcon_core.event_reactor:joining thread
[10.446s] INFO:colcon.colcon_core.plugin_system:Skipping extension 'colcon_notification.desktop_notification.terminal_notifier': Not used on non-Darwin systems
[10.446s] INFO:colcon.colcon_core.plugin_system:Skipping extension 'colcon_notification.desktop_notification.win32': Not used on non-Windows systems
[10.446s] INFO:colcon.colcon_notification.desktop_notification:Sending desktop notification using 'notify2'
[10.456s] DEBUG:colcon.colcon_core.event_reactor:joined thread
[10.456s] INFO:colcon.colcon_core.shell:Creating prefix script '/home/wuqilin/ros2_ws/install/local_setup.ps1'
[10.457s] INFO:colcon.colcon_core.shell:Creating prefix util module '/home/wuqilin/ros2_ws/install/_local_setup_util_ps1.py'
[10.457s] INFO:colcon.colcon_core.shell:Creating prefix chain script '/home/wuqilin/ros2_ws/install/setup.ps1'
[10.458s] INFO:colcon.colcon_core.shell:Creating prefix script '/home/wuqilin/ros2_ws/install/local_setup.sh'
[10.458s] INFO:colcon.colcon_core.shell:Creating prefix util module '/home/wuqilin/ros2_ws/install/_local_setup_util_sh.py'
[10.459s] INFO:colcon.colcon_core.shell:Creating prefix chain script '/home/wuqilin/ros2_ws/install/setup.sh'
[10.459s] INFO:colcon.colcon_core.shell:Creating prefix script '/home/wuqilin/ros2_ws/install/local_setup.bash'
[10.460s] INFO:colcon.colcon_core.shell:Creating prefix chain script '/home/wuqilin/ros2_ws/install/setup.bash'
[10.460s] INFO:colcon.colcon_core.shell:Creating prefix script '/home/wuqilin/ros2_ws/install/local_setup.zsh'
[10.461s] INFO:colcon.colcon_core.shell:Creating prefix chain script '/home/wuqilin/ros2_ws/install/setup.zsh'
