[0.008s] Invoking command in '/home/wuqilin/ros2_ws/build/answer': CMAKE_PREFIX_PATH=/home/wuqilin/ros2_ws/install/info_interfaces:/home/wuqilin/ros2_ws/install/answer:/opt/ros/humble /usr/bin/cmake --build /home/wuqilin/ros2_ws/build/answer -- -j32 -l32
[0.047s] [ 50%] Built target img2map_node
[0.055s] [ 75%] [32mBuilding CXX object CMakeFiles/navigation_node.dir/src/navigation_node.cpp.o[0m
[1.236s] [01m[K/home/wuqilin/ros2_ws/src/answer/src/navigation_node.cpp:[m[K In member function ‘[01m[Kvoid navigation::Node::robot_navigation_cbfn(info_interfaces::msg::Robot_<std::allocator<void> >::SharedPtr)[m[K’:
[1.236s] [01m[K/home/wuqilin/ros2_ws/src/answer/src/navigation_node.cpp:48:10:[m[K [01;35m[Kwarning: [m[Kvariable ‘[01m[Kcurrent_time[m[K’ set but not used [[01;35m[K]8;;https://gcc.gnu.org/onlinedocs/gcc/Warning-Options.html#index-Wunused-but-set-variable-Wunused-but-set-variable]8;;[m[K]
[1.236s]    48 |     auto [01;35m[Kcurrent_time[m[K = std::chrono::steady_clock::now();
[1.236s]       |          [01;35m[K^~~~~~~~~~~~[m[K
[9.182s] [100%] [32m[1mLinking CXX executable navigation_node[0m
[9.664s] [100%] Built target navigation_node
[9.669s] Invoked command in '/home/wuqilin/ros2_ws/build/answer' returned '0': CMAKE_PREFIX_PATH=/home/wuqilin/ros2_ws/install/info_interfaces:/home/wuqilin/ros2_ws/install/answer:/opt/ros/humble /usr/bin/cmake --build /home/wuqilin/ros2_ws/build/answer -- -j32 -l32
[9.671s] Invoking command in '/home/wuqilin/ros2_ws/build/answer': CMAKE_PREFIX_PATH=/home/wuqilin/ros2_ws/install/info_interfaces:/home/wuqilin/ros2_ws/install/answer:/opt/ros/humble /usr/bin/cmake --install /home/wuqilin/ros2_ws/build/answer
[9.673s] -- Install configuration: ""
[9.673s] -- Up-to-date: /home/wuqilin/ros2_ws/install/answer/lib/answer/img2map_node
[9.673s] -- Installing: /home/wuqilin/ros2_ws/install/answer/lib/answer/navigation_node
[9.678s] -- Set runtime path of "/home/wuqilin/ros2_ws/install/answer/lib/answer/navigation_node" to ""
[9.678s] -- Up-to-date: /home/wuqilin/ros2_ws/install/answer/share/answer/launch
[9.678s] -- Up-to-date: /home/wuqilin/ros2_ws/install/answer/share/answer/launch/answer.launch.py
[9.678s] -- Up-to-date: /home/wuqilin/ros2_ws/install/answer/include
[9.678s] -- Up-to-date: /home/wuqilin/ros2_ws/install/answer/include/answer
[9.678s] -- Up-to-date: /home/wuqilin/ros2_ws/install/answer/include/answer/constant.hpp
[9.678s] -- Up-to-date: /home/wuqilin/ros2_ws/install/answer/include/answer/my_serial.hpp
[9.678s] -- Up-to-date: /home/wuqilin/ros2_ws/install/answer/include/answer/img2map_node.hpp
[9.678s] -- Up-to-date: /home/wuqilin/ros2_ws/install/answer/include/answer/serial.hpp
[9.678s] -- Installing: /home/wuqilin/ros2_ws/install/answer/include/answer/navigation_node.hpp
[9.679s] -- Up-to-date: /home/wuqilin/ros2_ws/install/answer/lib/answer/img2map_node
[9.679s] -- Up-to-date: /home/wuqilin/ros2_ws/install/answer/lib/answer/navigation_node
[9.679s] -- Up-to-date: /home/wuqilin/ros2_ws/install/answer/share/ament_index/resource_index/package_run_dependencies/answer
[9.679s] -- Up-to-date: /home/wuqilin/ros2_ws/install/answer/share/ament_index/resource_index/parent_prefix_path/answer
[9.679s] -- Up-to-date: /home/wuqilin/ros2_ws/install/answer/share/answer/environment/ament_prefix_path.sh
[9.679s] -- Up-to-date: /home/wuqilin/ros2_ws/install/answer/share/answer/environment/ament_prefix_path.dsv
[9.679s] -- Up-to-date: /home/wuqilin/ros2_ws/install/answer/share/answer/environment/path.sh
[9.679s] -- Up-to-date: /home/wuqilin/ros2_ws/install/answer/share/answer/environment/path.dsv
[9.679s] -- Up-to-date: /home/wuqilin/ros2_ws/install/answer/share/answer/local_setup.bash
[9.679s] -- Up-to-date: /home/wuqilin/ros2_ws/install/answer/share/answer/local_setup.sh
[9.679s] -- Up-to-date: /home/wuqilin/ros2_ws/install/answer/share/answer/local_setup.zsh
[9.679s] -- Up-to-date: /home/wuqilin/ros2_ws/install/answer/share/answer/local_setup.dsv
[9.679s] -- Installing: /home/wuqilin/ros2_ws/install/answer/share/answer/package.dsv
[9.679s] -- Up-to-date: /home/wuqilin/ros2_ws/install/answer/share/ament_index/resource_index/packages/answer
[9.679s] -- Up-to-date: /home/wuqilin/ros2_ws/install/answer/share/answer/cmake/ament_cmake_export_dependencies-extras.cmake
[9.679s] -- Up-to-date: /home/wuqilin/ros2_ws/install/answer/share/answer/cmake/ament_cmake_export_include_directories-extras.cmake
[9.679s] -- Up-to-date: /home/wuqilin/ros2_ws/install/answer/share/answer/cmake/answerConfig.cmake
[9.679s] -- Up-to-date: /home/wuqilin/ros2_ws/install/answer/share/answer/cmake/answerConfig-version.cmake
[9.679s] -- Up-to-date: /home/wuqilin/ros2_ws/install/answer/share/answer/package.xml
[9.680s] Invoked command in '/home/wuqilin/ros2_ws/build/answer' returned '0': CMAKE_PREFIX_PATH=/home/wuqilin/ros2_ws/install/info_interfaces:/home/wuqilin/ros2_ws/install/answer:/opt/ros/humble /usr/bin/cmake --install /home/wuqilin/ros2_ws/build/answer
