[0.006s] Invoking command in '/home/wuqilin/ros2_ws/build/answer': CMAKE_PREFIX_PATH=/home/wuqilin/ros2_ws/install/info_interfaces:/home/wuqilin/ros2_ws/install/answer:/opt/ros/humble /usr/bin/cmake --build /home/wuqilin/ros2_ws/build/answer -- -j32 -l32
[0.035s] [ 50%] Built target img2map_node
[0.039s] [ 75%] [32mBuilding CXX object CMakeFiles/navigation_node.dir/src/navigation_node.cpp.o[0m
[9.441s] [100%] [32m[1mLinking CXX executable navigation_node[0m
[9.930s] [100%] Built target navigation_node
[9.935s] Invoked command in '/home/wuqilin/ros2_ws/build/answer' returned '0': CMAKE_PREFIX_PATH=/home/wuqilin/ros2_ws/install/info_interfaces:/home/wuqilin/ros2_ws/install/answer:/opt/ros/humble /usr/bin/cmake --build /home/wuqilin/ros2_ws/build/answer -- -j32 -l32
[9.936s] Invoking command in '/home/wuqilin/ros2_ws/build/answer': CMAKE_PREFIX_PATH=/home/wuqilin/ros2_ws/install/info_interfaces:/home/wuqilin/ros2_ws/install/answer:/opt/ros/humble /usr/bin/cmake --install /home/wuqilin/ros2_ws/build/answer
[9.939s] -- Install configuration: ""
[9.939s] -- Up-to-date: /home/wuqilin/ros2_ws/install/answer/lib/answer/img2map_node
[9.939s] -- Installing: /home/wuqilin/ros2_ws/install/answer/lib/answer/navigation_node
[9.946s] -- Set runtime path of "/home/wuqilin/ros2_ws/install/answer/lib/answer/navigation_node" to ""
[9.946s] -- Up-to-date: /home/wuqilin/ros2_ws/install/answer/share/answer/launch
[9.946s] -- Up-to-date: /home/wuqilin/ros2_ws/install/answer/share/answer/launch/answer.launch.py
[9.946s] -- Up-to-date: /home/wuqilin/ros2_ws/install/answer/include
[9.946s] -- Up-to-date: /home/wuqilin/ros2_ws/install/answer/include/answer
[9.946s] -- Up-to-date: /home/wuqilin/ros2_ws/install/answer/include/answer/constant.hpp
[9.946s] -- Up-to-date: /home/wuqilin/ros2_ws/install/answer/include/answer/my_serial.hpp
[9.946s] -- Up-to-date: /home/wuqilin/ros2_ws/install/answer/include/answer/img2map_node.hpp
[9.946s] -- Up-to-date: /home/wuqilin/ros2_ws/install/answer/include/answer/serial.hpp
[9.947s] -- Installing: /home/wuqilin/ros2_ws/install/answer/include/answer/navigation_node.hpp
[9.947s] -- Up-to-date: /home/wuqilin/ros2_ws/install/answer/lib/answer/img2map_node
[9.947s] -- Up-to-date: /home/wuqilin/ros2_ws/install/answer/lib/answer/navigation_node
[9.947s] -- Up-to-date: /home/wuqilin/ros2_ws/install/answer/share/ament_index/resource_index/package_run_dependencies/answer
[9.947s] -- Up-to-date: /home/wuqilin/ros2_ws/install/answer/share/ament_index/resource_index/parent_prefix_path/answer
[9.947s] -- Up-to-date: /home/wuqilin/ros2_ws/install/answer/share/answer/environment/ament_prefix_path.sh
[9.947s] -- Up-to-date: /home/wuqilin/ros2_ws/install/answer/share/answer/environment/ament_prefix_path.dsv
[9.947s] -- Up-to-date: /home/wuqilin/ros2_ws/install/answer/share/answer/environment/path.sh
[9.947s] -- Up-to-date: /home/wuqilin/ros2_ws/install/answer/share/answer/environment/path.dsv
[9.947s] -- Up-to-date: /home/wuqilin/ros2_ws/install/answer/share/answer/local_setup.bash
[9.947s] -- Up-to-date: /home/wuqilin/ros2_ws/install/answer/share/answer/local_setup.sh
[9.947s] -- Up-to-date: /home/wuqilin/ros2_ws/install/answer/share/answer/local_setup.zsh
[9.947s] -- Up-to-date: /home/wuqilin/ros2_ws/install/answer/share/answer/local_setup.dsv
[9.947s] -- Installing: /home/wuqilin/ros2_ws/install/answer/share/answer/package.dsv
[9.947s] -- Up-to-date: /home/wuqilin/ros2_ws/install/answer/share/ament_index/resource_index/packages/answer
[9.947s] -- Up-to-date: /home/wuqilin/ros2_ws/install/answer/share/answer/cmake/ament_cmake_export_dependencies-extras.cmake
[9.947s] -- Up-to-date: /home/wuqilin/ros2_ws/install/answer/share/answer/cmake/ament_cmake_export_include_directories-extras.cmake
[9.947s] -- Up-to-date: /home/wuqilin/ros2_ws/install/answer/share/answer/cmake/answerConfig.cmake
[9.948s] -- Up-to-date: /home/wuqilin/ros2_ws/install/answer/share/answer/cmake/answerConfig-version.cmake
[9.948s] -- Up-to-date: /home/wuqilin/ros2_ws/install/answer/share/answer/package.xml
[9.949s] Invoked command in '/home/wuqilin/ros2_ws/build/answer' returned '0': CMAKE_PREFIX_PATH=/home/wuqilin/ros2_ws/install/info_interfaces:/home/wuqilin/ros2_ws/install/answer:/opt/ros/humble /usr/bin/cmake --install /home/wuqilin/ros2_ws/build/answer
